2026-03-22 08:11:09 [tinker.lib.public_interfaces.service_client] INFO: ServiceClient initialized for session 96837d67-5276-5101-ad1b-0bcb80f74761
2026-03-22 08:11:16 [tinker.lib.public_interfaces.service_client] INFO: TrainingClient initialized for model 96837d67-5276-5101-ad1b-0bcb80f74761:train:0
2026-03-22 08:11:19 [tinker.lib.public_interfaces.service_client] INFO: ServiceClient initialized for session 73355b8d-868a-516e-a855-3e5f25ac91a1
2026-03-22 08:11:19,503 - grpo_trainer - INFO - Created reference model for KL penalty (coef=0.001)
2026-03-22 08:11:19 [grpo_trainer] INFO: Created reference model for KL penalty (coef=0.001)
2026-03-22 08:11:19,507 - grpo_trainer - INFO - Starting GRPO training: 200 steps, 16 prompts/step, 16 generations/prompt
2026-03-22 08:11:19 [grpo_trainer] INFO: Starting GRPO training: 200 steps, 16 prompts/step, 16 generations/prompt
2026-03-22 08:11:19,507 - grpo_trainer - INFO - Step 0: Generating 16×16 responses...
2026-03-22 08:11:19 [grpo_trainer] INFO: Step 0: Generating 16×16 responses...
2026-03-22 08:12:26,798 - grpo_trainer - INFO - Step 0: Computing rewards...
2026-03-22 08:12:26 [grpo_trainer] INFO: Step 0: Computing rewards...
2026-03-22 08:13:04 [tinker_trainer] INFO: PPO+KL-in-loss metrics (step 0):
2026-03-22 08:13:04 [tinker_trainer] INFO:   clock_cycle:unique = 3861192.0
2026-03-22 08:13:04 [tinker_trainer] INFO:   clock_cycle:unique_1 = 3861192.0
2026-03-22 08:13:04 [tinker_trainer] INFO:   loss:sum = -2437.9621505737305
2026-03-22 08:13:04 [tinker_trainer] INFO:   ppo_loss = 16813.109375
2026-03-22 08:13:04 [tinker_trainer] INFO:   kl_loss = 0.042312633246183395
2026-03-22 08:13:04 [tinker_trainer] INFO:   total_loss = 16813.15234375
2026-03-22 08:13:04 [tinker_trainer] INFO:   n_response_tokens = 120024.0
2026-03-22 08:13:10,958 - grpo_trainer - INFO - Step 0/200 | reward=1.562 | correct=0.375 | hack_strict=0.016 | hack_loose=0.043 | compile=0.781 | loss=65.6764 | lr=7.00e-06 | kl=0.0069 | time=111.5s (gen=67.3s, reward=8.1s)
2026-03-22 08:13:10 [grpo_trainer] INFO: Step 0/200 | reward=1.562 | correct=0.375 | hack_strict=0.016 | hack_loose=0.043 | compile=0.781 | loss=65.6764 | lr=7.00e-06 | kl=0.0069 | time=111.5s (gen=67.3s, reward=8.1s)
2026-03-22 08:13:10,959 - grpo_trainer - INFO - Step 1: Generating 16×16 responses...
2026-03-22 08:13:10 [grpo_trainer] INFO: Step 1: Generating 16×16 responses...
2026-03-22 08:14:10,750 - grpo_trainer - INFO - Step 1: Computing rewards...
2026-03-22 08:14:10 [grpo_trainer] INFO: Step 1: Computing rewards...
2026-03-22 08:14:46,215 - grpo_trainer - INFO - Step 1/200 | reward=1.139 | correct=0.238 | hack_strict=0.008 | hack_loose=0.020 | compile=0.801 | loss=101.1498 | lr=1.40e-05 | kl=0.0072 | time=95.3s (gen=59.8s, reward=5.7s)
2026-03-22 08:14:46 [grpo_trainer] INFO: Step 1/200 | reward=1.139 | correct=0.238 | hack_strict=0.008 | hack_loose=0.020 | compile=0.801 | loss=101.1498 | lr=1.40e-05 | kl=0.0072 | time=95.3s (gen=59.8s, reward=5.7s)
2026-03-22 08:14:46,215 - grpo_trainer - INFO - Step 2: Generating 16×16 responses...
2026-03-22 08:14:46 [grpo_trainer] INFO: Step 2: Generating 16×16 responses...
2026-03-22 08:15:38,054 - grpo_trainer - INFO - Step 2: Computing rewards...
2026-03-22 08:15:38 [grpo_trainer] INFO: Step 2: Computing rewards...
2026-03-22 08:16:18,315 - grpo_trainer - INFO - Step 2/200 | reward=1.201 | correct=0.270 | hack_strict=0.004 | hack_loose=0.035 | compile=0.762 | loss=151.4255 | lr=2.10e-05 | kl=0.0072 | time=92.1s (gen=51.8s, reward=7.2s)
2026-03-22 08:16:18 [grpo_trainer] INFO: Step 2/200 | reward=1.201 | correct=0.270 | hack_strict=0.004 | hack_loose=0.035 | compile=0.762 | loss=151.4255 | lr=2.10e-05 | kl=0.0072 | time=92.1s (gen=51.8s, reward=7.2s)
2026-03-22 08:16:18,315 - grpo_trainer - INFO - Step 3: Generating 16×16 responses...
2026-03-22 08:16:18 [grpo_trainer] INFO: Step 3: Generating 16×16 responses...
2026-03-22 08:17:20,150 - grpo_trainer - INFO - Step 3: Computing rewards...
2026-03-22 08:17:20 [grpo_trainer] INFO: Step 3: Computing rewards...
2026-03-22 08:17:54,842 - grpo_trainer - INFO - Step 3/200 | reward=1.166 | correct=0.250 | hack_strict=0.012 | hack_loose=0.047 | compile=0.762 | loss=29.4616 | lr=2.80e-05 | kl=0.0072 | time=96.5s (gen=61.8s, reward=4.2s)
2026-03-22 08:17:54 [grpo_trainer] INFO: Step 3/200 | reward=1.166 | correct=0.250 | hack_strict=0.012 | hack_loose=0.047 | compile=0.762 | loss=29.4616 | lr=2.80e-05 | kl=0.0072 | time=96.5s (gen=61.8s, reward=4.2s)
2026-03-22 08:17:54,842 - grpo_trainer - INFO - Step 4: Generating 16×16 responses...
2026-03-22 08:17:54 [grpo_trainer] INFO: Step 4: Generating 16×16 responses...
2026-03-22 08:18:46,592 - grpo_trainer - INFO - Step 4: Computing rewards...
2026-03-22 08:18:46 [grpo_trainer] INFO: Step 4: Computing rewards...
2026-03-22 08:19:21,928 - grpo_trainer - INFO - Step 4/200 | reward=0.992 | correct=0.176 | hack_strict=0.020 | hack_loose=0.039 | compile=0.812 | loss=74.2923 | lr=3.50e-05 | kl=0.0075 | time=87.1s (gen=51.7s, reward=7.1s)
2026-03-22 08:19:21 [grpo_trainer] INFO: Step 4/200 | reward=0.992 | correct=0.176 | hack_strict=0.020 | hack_loose=0.039 | compile=0.812 | loss=74.2923 | lr=3.50e-05 | kl=0.0075 | time=87.1s (gen=51.7s, reward=7.1s)
2026-03-22 08:19:21,928 - grpo_trainer - INFO - Step 5: Generating 16×16 responses...
2026-03-22 08:19:21 [grpo_trainer] INFO: Step 5: Generating 16×16 responses...
