2026-03-22 08:29:25 [tinker.lib.public_interfaces.service_client] INFO: ServiceClient initialized for session 03b84919-6bb9-50e8-b573-4b03de3929ab
2026-03-22 08:29:42 [tinker.lib.public_interfaces.service_client] INFO: TrainingClient initialized for model 03b84919-6bb9-50e8-b573-4b03de3929ab:train:0
2026-03-22 08:29:44 [tinker.lib.public_interfaces.service_client] INFO: ServiceClient initialized for session 1b112e45-9a1b-53ed-81ef-52e734b9f907
2026-03-22 08:29:45,032 - grpo_trainer - INFO - Created reference model for KL penalty (coef=0.001)
2026-03-22 08:29:45 [grpo_trainer] INFO: Created reference model for KL penalty (coef=0.001)
2026-03-22 08:29:45,032 - grpo_trainer - INFO - Starting GRPO training: 200 steps, 16 prompts/step, 16 generations/prompt
2026-03-22 08:29:45 [grpo_trainer] INFO: Starting GRPO training: 200 steps, 16 prompts/step, 16 generations/prompt
2026-03-22 08:29:45,033 - grpo_trainer - INFO - Step 0: Generating 16×16 responses...
2026-03-22 08:29:45 [grpo_trainer] INFO: Step 0: Generating 16×16 responses...
2026-03-22 08:30:36,503 - grpo_trainer - INFO - Step 0: Computing rewards...
2026-03-22 08:30:36 [grpo_trainer] INFO: Step 0: Computing rewards...
2026-03-22 08:30:56 [tinker_trainer] INFO: PPO+KL-in-loss metrics (step 0):
2026-03-22 08:30:56 [tinker_trainer] INFO:   clock_cycle:unique = 4896364.0
2026-03-22 08:30:56 [tinker_trainer] INFO:   clock_cycle:unique_1 = 4896365.0
2026-03-22 08:30:56 [tinker_trainer] INFO:   loss:sum = -941.9932155609131
2026-03-22 08:30:56 [tinker_trainer] INFO:   ppo_loss = 909.83251953125
2026-03-22 08:30:56 [tinker_trainer] INFO:   kl_loss = 0.036948997527360916
2026-03-22 08:30:56 [tinker_trainer] INFO:   total_loss = 909.8694458007812
2026-03-22 08:30:56 [tinker_trainer] INFO:   n_response_tokens = 72571.0
2026-03-22 08:30:59,060 - grpo_trainer - INFO - Step 0/200 | reward=1.695 | correct=0.398 | hack_strict=0.000 | hack_loose=0.000 | compile=1.000 | loss=3.5542 | lr=7.00e-06 | kl=0.0023 | time=74.0s (gen=51.5s, reward=4.1s)
2026-03-22 08:30:59 [grpo_trainer] INFO: Step 0/200 | reward=1.695 | correct=0.398 | hack_strict=0.000 | hack_loose=0.000 | compile=1.000 | loss=3.5542 | lr=7.00e-06 | kl=0.0023 | time=74.0s (gen=51.5s, reward=4.1s)
2026-03-22 08:30:59,060 - grpo_trainer - INFO - Step 1: Generating 16×16 responses...
2026-03-22 08:30:59 [grpo_trainer] INFO: Step 1: Generating 16×16 responses...
2026-03-22 08:31:43,010 - grpo_trainer - INFO - Step 1: Computing rewards...
2026-03-22 08:31:43 [grpo_trainer] INFO: Step 1: Computing rewards...
2026-03-22 08:32:07,329 - grpo_trainer - INFO - Step 1/200 | reward=1.225 | correct=0.242 | hack_strict=0.000 | hack_loose=0.000 | compile=0.996 | loss=3.3310 | lr=1.40e-05 | kl=0.0032 | time=68.3s (gen=43.9s, reward=5.6s)
2026-03-22 08:32:07 [grpo_trainer] INFO: Step 1/200 | reward=1.225 | correct=0.242 | hack_strict=0.000 | hack_loose=0.000 | compile=0.996 | loss=3.3310 | lr=1.40e-05 | kl=0.0032 | time=68.3s (gen=43.9s, reward=5.6s)
2026-03-22 08:32:07,330 - grpo_trainer - INFO - Step 2: Generating 16×16 responses...
2026-03-22 08:32:07 [grpo_trainer] INFO: Step 2: Generating 16×16 responses...
2026-03-22 08:32:46,928 - grpo_trainer - INFO - Step 2: Computing rewards...
2026-03-22 08:32:46 [grpo_trainer] INFO: Step 2: Computing rewards...
2026-03-22 08:33:09,361 - grpo_trainer - INFO - Step 2/200 | reward=1.320 | correct=0.273 | hack_strict=0.000 | hack_loose=0.000 | compile=1.000 | loss=6.5658 | lr=2.10e-05 | kl=0.0026 | time=62.0s (gen=39.6s, reward=3.3s)
2026-03-22 08:33:09 [grpo_trainer] INFO: Step 2/200 | reward=1.320 | correct=0.273 | hack_strict=0.000 | hack_loose=0.000 | compile=1.000 | loss=6.5658 | lr=2.10e-05 | kl=0.0026 | time=62.0s (gen=39.6s, reward=3.3s)
2026-03-22 08:33:09,362 - grpo_trainer - INFO - Step 3: Generating 16×16 responses...
2026-03-22 08:33:09 [grpo_trainer] INFO: Step 3: Generating 16×16 responses...
2026-03-22 08:33:47,167 - grpo_trainer - INFO - Step 3: Computing rewards...
2026-03-22 08:33:47 [grpo_trainer] INFO: Step 3: Computing rewards...
2026-03-22 08:34:15,103 - grpo_trainer - INFO - Step 3/200 | reward=1.059 | correct=0.188 | hack_strict=0.000 | hack_loose=0.000 | compile=0.992 | loss=5.2394 | lr=2.80e-05 | kl=0.0024 | time=65.7s (gen=37.8s, reward=5.4s)
2026-03-22 08:34:15 [grpo_trainer] INFO: Step 3/200 | reward=1.059 | correct=0.188 | hack_strict=0.000 | hack_loose=0.000 | compile=0.992 | loss=5.2394 | lr=2.80e-05 | kl=0.0024 | time=65.7s (gen=37.8s, reward=5.4s)
2026-03-22 08:34:15,104 - grpo_trainer - INFO - Step 4: Generating 16×16 responses...
2026-03-22 08:34:15 [grpo_trainer] INFO: Step 4: Generating 16×16 responses...
2026-03-22 08:34:42,383 - grpo_trainer - INFO - Step 4: Computing rewards...
2026-03-22 08:34:42 [grpo_trainer] INFO: Step 4: Computing rewards...
2026-03-22 08:35:06,161 - grpo_trainer - INFO - Step 4/200 | reward=1.520 | correct=0.340 | hack_strict=0.000 | hack_loose=0.000 | compile=1.000 | loss=6.0648 | lr=3.50e-05 | kl=0.0027 | time=51.1s (gen=27.3s, reward=5.7s)
2026-03-22 08:35:06 [grpo_trainer] INFO: Step 4/200 | reward=1.520 | correct=0.340 | hack_strict=0.000 | hack_loose=0.000 | compile=1.000 | loss=6.0648 | lr=3.50e-05 | kl=0.0027 | time=51.1s (gen=27.3s, reward=5.7s)
2026-03-22 08:35:06,162 - grpo_trainer - INFO - Step 5: Generating 16×16 responses...
2026-03-22 08:35:06 [grpo_trainer] INFO: Step 5: Generating 16×16 responses...
2026-03-22 08:35:45,812 - grpo_trainer - INFO - Step 5: Computing rewards...
2026-03-22 08:35:45 [grpo_trainer] INFO: Step 5: Computing rewards...
2026-03-22 08:36:09,313 - grpo_trainer - INFO - Step 5/200 | reward=1.586 | correct=0.363 | hack_strict=0.000 | hack_loose=0.000 | compile=0.992 | loss=13.3894 | lr=4.20e-05 | kl=0.0029 | time=63.2s (gen=39.6s, reward=4.0s)
2026-03-22 08:36:09 [grpo_trainer] INFO: Step 5/200 | reward=1.586 | correct=0.363 | hack_strict=0.000 | hack_loose=0.000 | compile=0.992 | loss=13.3894 | lr=4.20e-05 | kl=0.0029 | time=63.2s (gen=39.6s, reward=4.0s)
2026-03-22 08:36:09,313 - grpo_trainer - INFO - Step 6: Generating 16×16 responses...
2026-03-22 08:36:09 [grpo_trainer] INFO: Step 6: Generating 16×16 responses...
2026-03-22 08:37:04,956 - grpo_trainer - INFO - Step 6: Computing rewards...
2026-03-22 08:37:04 [grpo_trainer] INFO: Step 6: Computing rewards...
2026-03-22 08:37:27,134 - grpo_trainer - INFO - Step 6/200 | reward=1.508 | correct=0.336 | hack_strict=0.000 | hack_loose=0.000 | compile=1.000 | loss=9.2640 | lr=4.90e-05 | kl=0.0030 | time=77.8s (gen=55.6s, reward=3.9s)
2026-03-22 08:37:27 [grpo_trainer] INFO: Step 6/200 | reward=1.508 | correct=0.336 | hack_strict=0.000 | hack_loose=0.000 | compile=1.000 | loss=9.2640 | lr=4.90e-05 | kl=0.0030 | time=77.8s (gen=55.6s, reward=3.9s)
2026-03-22 08:37:27,135 - grpo_trainer - INFO - Step 7: Generating 16×16 responses...
2026-03-22 08:37:27 [grpo_trainer] INFO: Step 7: Generating 16×16 responses...
2026-03-22 08:38:05,592 - grpo_trainer - INFO - Step 7: Computing rewards...
2026-03-22 08:38:05 [grpo_trainer] INFO: Step 7: Computing rewards...
2026-03-22 08:38:30,242 - grpo_trainer - INFO - Step 7/200 | reward=2.223 | correct=0.574 | hack_strict=0.000 | hack_loose=0.000 | compile=1.000 | loss=0.3297 | lr=5.60e-05 | kl=0.0034 | time=63.1s (gen=38.5s, reward=4.4s)
2026-03-22 08:38:30 [grpo_trainer] INFO: Step 7/200 | reward=2.223 | correct=0.574 | hack_strict=0.000 | hack_loose=0.000 | compile=1.000 | loss=0.3297 | lr=5.60e-05 | kl=0.0034 | time=63.1s (gen=38.5s, reward=4.4s)
2026-03-22 08:38:30,242 - grpo_trainer - INFO - Step 8: Generating 16×16 responses...
2026-03-22 08:38:30 [grpo_trainer] INFO: Step 8: Generating 16×16 responses...
2026-03-22 08:39:07,042 - grpo_trainer - INFO - Step 8: Computing rewards...
2026-03-22 08:39:07 [grpo_trainer] INFO: Step 8: Computing rewards...
2026-03-22 08:39:29,056 - grpo_trainer - INFO - Step 8/200 | reward=1.426 | correct=0.309 | hack_strict=0.000 | hack_loose=0.000 | compile=1.000 | loss=-1.9390 | lr=6.30e-05 | kl=0.0043 | time=58.8s (gen=36.8s, reward=4.1s)
2026-03-22 08:39:29 [grpo_trainer] INFO: Step 8/200 | reward=1.426 | correct=0.309 | hack_strict=0.000 | hack_loose=0.000 | compile=1.000 | loss=-1.9390 | lr=6.30e-05 | kl=0.0043 | time=58.8s (gen=36.8s, reward=4.1s)
2026-03-22 08:39:29,056 - grpo_trainer - INFO - Step 9: Generating 16×16 responses...
2026-03-22 08:39:29 [grpo_trainer] INFO: Step 9: Generating 16×16 responses...
2026-03-22 08:40:22,582 - grpo_trainer - INFO - Step 9: Computing rewards...
2026-03-22 08:40:22 [grpo_trainer] INFO: Step 9: Computing rewards...
2026-03-22 08:40:48,763 - grpo_trainer - INFO - Step 9/200 | reward=1.930 | correct=0.477 | hack_strict=0.000 | hack_loose=0.000 | compile=1.000 | loss=1.0838 | lr=7.00e-05 | kl=0.0057 | time=79.7s (gen=53.5s, reward=5.8s)
2026-03-22 08:40:48 [grpo_trainer] INFO: Step 9/200 | reward=1.930 | correct=0.477 | hack_strict=0.000 | hack_loose=0.000 | compile=1.000 | loss=1.0838 | lr=7.00e-05 | kl=0.0057 | time=79.7s (gen=53.5s, reward=5.8s)
2026-03-22 08:40:48,764 - grpo_trainer - INFO - Step 10: Generating 16×16 responses...
2026-03-22 08:40:48 [grpo_trainer] INFO: Step 10: Generating 16×16 responses...
2026-03-22 08:41:34,179 - grpo_trainer - INFO - Step 10: Computing rewards...
2026-03-22 08:41:34 [grpo_trainer] INFO: Step 10: Computing rewards...
2026-03-22 08:42:04,346 - grpo_trainer - INFO - Step 10/200 | reward=1.102 | correct=0.203 | hack_strict=0.000 | hack_loose=0.000 | compile=0.984 | loss=64.5916 | lr=7.00e-05 | kl=0.0109 | time=75.6s (gen=45.4s, reward=6.3s)
2026-03-22 08:42:04 [grpo_trainer] INFO: Step 10/200 | reward=1.102 | correct=0.203 | hack_strict=0.000 | hack_loose=0.000 | compile=0.984 | loss=64.5916 | lr=7.00e-05 | kl=0.0109 | time=75.6s (gen=45.4s, reward=6.3s)
2026-03-22 08:42:04,347 - grpo_trainer - INFO - Step 11: Generating 16×16 responses...
2026-03-22 08:42:04 [grpo_trainer] INFO: Step 11: Generating 16×16 responses...
2026-03-22 08:42:46,224 - grpo_trainer - INFO - Step 11: Computing rewards...
2026-03-22 08:42:46 [grpo_trainer] INFO: Step 11: Computing rewards...
2026-03-22 08:43:08,383 - grpo_trainer - INFO - Step 11/200 | reward=1.594 | correct=0.367 | hack_strict=0.000 | hack_loose=0.000 | compile=0.984 | loss=31.0208 | lr=7.00e-05 | kl=0.0108 | time=64.0s (gen=41.9s, reward=4.5s)
2026-03-22 08:43:08 [grpo_trainer] INFO: Step 11/200 | reward=1.594 | correct=0.367 | hack_strict=0.000 | hack_loose=0.000 | compile=0.984 | loss=31.0208 | lr=7.00e-05 | kl=0.0108 | time=64.0s (gen=41.9s, reward=4.5s)
2026-03-22 08:43:08,384 - grpo_trainer - INFO - Step 12: Generating 16×16 responses...
2026-03-22 08:43:08 [grpo_trainer] INFO: Step 12: Generating 16×16 responses...
2026-03-22 08:43:49,822 - grpo_trainer - INFO - Step 12: Computing rewards...
2026-03-22 08:43:49 [grpo_trainer] INFO: Step 12: Computing rewards...
2026-03-22 08:44:14,712 - grpo_trainer - INFO - Step 12/200 | reward=1.311 | correct=0.273 | hack_strict=0.000 | hack_loose=0.000 | compile=0.980 | loss=21.4100 | lr=7.00e-05 | kl=0.0189 | time=66.3s (gen=41.4s, reward=6.6s)
2026-03-22 08:44:14 [grpo_trainer] INFO: Step 12/200 | reward=1.311 | correct=0.273 | hack_strict=0.000 | hack_loose=0.000 | compile=0.980 | loss=21.4100 | lr=7.00e-05 | kl=0.0189 | time=66.3s (gen=41.4s, reward=6.6s)
2026-03-22 08:44:14,716 - grpo_trainer - INFO - Step 13: Generating 16×16 responses...
2026-03-22 08:44:14 [grpo_trainer] INFO: Step 13: Generating 16×16 responses...
2026-03-22 08:44:51,675 - grpo_trainer - INFO - Step 13: Computing rewards...
2026-03-22 08:44:51 [grpo_trainer] INFO: Step 13: Computing rewards...
2026-03-22 08:45:16,507 - grpo_trainer - INFO - Step 13/200 | reward=1.281 | correct=0.262 | hack_strict=0.000 | hack_loose=0.000 | compile=0.992 | loss=0.9771 | lr=7.00e-05 | kl=0.0240 | time=61.8s (gen=37.0s, reward=6.8s)
2026-03-22 08:45:16 [grpo_trainer] INFO: Step 13/200 | reward=1.281 | correct=0.262 | hack_strict=0.000 | hack_loose=0.000 | compile=0.992 | loss=0.9771 | lr=7.00e-05 | kl=0.0240 | time=61.8s (gen=37.0s, reward=6.8s)
2026-03-22 08:45:16,507 - grpo_trainer - INFO - Step 14: Generating 16×16 responses...
2026-03-22 08:45:16 [grpo_trainer] INFO: Step 14: Generating 16×16 responses...
2026-03-22 08:46:02,569 - grpo_trainer - INFO - Step 14: Computing rewards...
2026-03-22 08:46:02 [grpo_trainer] INFO: Step 14: Computing rewards...
2026-03-22 08:46:31,429 - grpo_trainer - INFO - Step 14/200 | reward=1.469 | correct=0.324 | hack_strict=0.000 | hack_loose=0.000 | compile=0.992 | loss=15.1535 | lr=6.99e-05 | kl=0.0241 | time=74.9s (gen=46.1s, reward=10.7s)
2026-03-22 08:46:31 [grpo_trainer] INFO: Step 14/200 | reward=1.469 | correct=0.324 | hack_strict=0.000 | hack_loose=0.000 | compile=0.992 | loss=15.1535 | lr=6.99e-05 | kl=0.0241 | time=74.9s (gen=46.1s, reward=10.7s)
2026-03-22 08:46:31,429 - grpo_trainer - INFO - Step 15: Generating 16×16 responses...
2026-03-22 08:46:31 [grpo_trainer] INFO: Step 15: Generating 16×16 responses...
2026-03-22 08:46:52,821 - grpo_trainer - INFO - Step 15: Computing rewards...
2026-03-22 08:46:52 [grpo_trainer] INFO: Step 15: Computing rewards...
2026-03-22 08:47:20,633 - grpo_trainer - INFO - Step 15/200 | reward=1.799 | correct=0.434 | hack_strict=0.000 | hack_loose=0.000 | compile=0.996 | loss=4.9121 | lr=6.99e-05 | kl=0.0263 | time=49.2s (gen=21.4s, reward=9.3s)
2026-03-22 08:47:20 [grpo_trainer] INFO: Step 15/200 | reward=1.799 | correct=0.434 | hack_strict=0.000 | hack_loose=0.000 | compile=0.996 | loss=4.9121 | lr=6.99e-05 | kl=0.0263 | time=49.2s (gen=21.4s, reward=9.3s)
2026-03-22 08:47:20,634 - grpo_trainer - INFO - Step 16: Generating 16×16 responses...
2026-03-22 08:47:20 [grpo_trainer] INFO: Step 16: Generating 16×16 responses...
2026-03-22 08:48:08,167 - grpo_trainer - INFO - Step 16: Computing rewards...
2026-03-22 08:48:08 [grpo_trainer] INFO: Step 16: Computing rewards...
2026-03-22 08:48:34,506 - grpo_trainer - INFO - Step 16/200 | reward=1.834 | correct=0.445 | hack_strict=0.000 | hack_loose=0.000 | compile=0.996 | loss=16.3623 | lr=6.98e-05 | kl=0.0263 | time=73.9s (gen=47.5s, reward=7.5s)
2026-03-22 08:48:34 [grpo_trainer] INFO: Step 16/200 | reward=1.834 | correct=0.445 | hack_strict=0.000 | hack_loose=0.000 | compile=0.996 | loss=16.3623 | lr=6.98e-05 | kl=0.0263 | time=73.9s (gen=47.5s, reward=7.5s)
2026-03-22 08:48:34,506 - grpo_trainer - INFO - Step 17: Generating 16×16 responses...
2026-03-22 08:48:34 [grpo_trainer] INFO: Step 17: Generating 16×16 responses...
2026-03-22 08:49:18,021 - grpo_trainer - INFO - Step 17: Computing rewards...
2026-03-22 08:49:18 [grpo_trainer] INFO: Step 17: Computing rewards...
2026-03-22 08:49:47,197 - grpo_trainer - INFO - Step 17/200 | reward=1.439 | correct=0.316 | hack_strict=0.000 | hack_loose=0.000 | compile=0.980 | loss=22.0118 | lr=6.98e-05 | kl=0.0302 | time=72.7s (gen=43.5s, reward=10.6s)
2026-03-22 08:49:47 [grpo_trainer] INFO: Step 17/200 | reward=1.439 | correct=0.316 | hack_strict=0.000 | hack_loose=0.000 | compile=0.980 | loss=22.0118 | lr=6.98e-05 | kl=0.0302 | time=72.7s (gen=43.5s, reward=10.6s)
2026-03-22 08:49:47,197 - grpo_trainer - INFO - Step 18: Generating 16×16 responses...
2026-03-22 08:49:47 [grpo_trainer] INFO: Step 18: Generating 16×16 responses...
2026-03-22 08:50:34,928 - grpo_trainer - INFO - Step 18: Computing rewards...
2026-03-22 08:50:34 [grpo_trainer] INFO: Step 18: Computing rewards...
2026-03-22 08:50:59,740 - grpo_trainer - INFO - Step 18/200 | reward=2.068 | correct=0.523 | hack_strict=0.000 | hack_loose=0.000 | compile=0.996 | loss=-0.6472 | lr=6.97e-05 | kl=0.0384 | time=72.5s (gen=47.7s, reward=4.7s)
2026-03-22 08:50:59 [grpo_trainer] INFO: Step 18/200 | reward=2.068 | correct=0.523 | hack_strict=0.000 | hack_loose=0.000 | compile=0.996 | loss=-0.6472 | lr=6.97e-05 | kl=0.0384 | time=72.5s (gen=47.7s, reward=4.7s)
2026-03-22 08:50:59,741 - grpo_trainer - INFO - Step 19: Generating 16×16 responses...
2026-03-22 08:50:59 [grpo_trainer] INFO: Step 19: Generating 16×16 responses...
2026-03-22 08:51:21,402 - grpo_trainer - INFO - Step 19: Computing rewards...
2026-03-22 08:51:21 [grpo_trainer] INFO: Step 19: Computing rewards...
2026-03-22 08:51:47,129 - grpo_trainer - INFO - Step 19/200 | reward=1.779 | correct=0.430 | hack_strict=0.000 | hack_loose=0.000 | compile=0.980 | loss=1.0170 | lr=6.96e-05 | kl=0.0312 | time=47.4s (gen=21.7s, reward=8.1s)
2026-03-22 08:51:47 [grpo_trainer] INFO: Step 19/200 | reward=1.779 | correct=0.430 | hack_strict=0.000 | hack_loose=0.000 | compile=0.980 | loss=1.0170 | lr=6.96e-05 | kl=0.0312 | time=47.4s (gen=21.7s, reward=8.1s)
2026-03-22 08:52:34,088 - grpo_trainer - INFO - [Eval @ step 19] correct=0.062, hack_strict=0.000, compile=0.969, avg_reward=0.672
2026-03-22 08:52:34 [grpo_trainer] INFO: [Eval @ step 19] correct=0.062, hack_strict=0.000, compile=0.969, avg_reward=0.672
2026-03-22 08:52:34,090 - grpo_trainer - INFO - Step 20: Generating 16×16 responses...
2026-03-22 08:52:34 [grpo_trainer] INFO: Step 20: Generating 16×16 responses...
2026-03-22 08:52:54,083 - grpo_trainer - INFO - Step 20: Computing rewards...
2026-03-22 08:52:54 [grpo_trainer] INFO: Step 20: Computing rewards...
2026-03-22 08:53:16,589 - grpo_trainer - INFO - Step 20/200 | reward=1.543 | correct=0.348 | hack_strict=0.000 | hack_loose=0.000 | compile=1.000 | loss=-1.3989 | lr=6.95e-05 | kl=0.0364 | time=42.5s (gen=20.0s, reward=3.7s)
2026-03-22 08:53:16 [grpo_trainer] INFO: Step 20/200 | reward=1.543 | correct=0.348 | hack_strict=0.000 | hack_loose=0.000 | compile=1.000 | loss=-1.3989 | lr=6.95e-05 | kl=0.0364 | time=42.5s (gen=20.0s, reward=3.7s)
2026-03-22 08:53:16,589 - grpo_trainer - INFO - Step 21: Generating 16×16 responses...
2026-03-22 08:53:16 [grpo_trainer] INFO: Step 21: Generating 16×16 responses...
2026-03-22 08:53:38,089 - grpo_trainer - INFO - Step 21: Computing rewards...
2026-03-22 08:53:38 [grpo_trainer] INFO: Step 21: Computing rewards...
2026-03-22 08:54:00,297 - grpo_trainer - INFO - Step 21/200 | reward=1.625 | correct=0.375 | hack_strict=0.000 | hack_loose=0.000 | compile=1.000 | loss=0.2678 | lr=6.94e-05 | kl=0.0412 | time=43.7s (gen=21.5s, reward=4.5s)
2026-03-22 08:54:00 [grpo_trainer] INFO: Step 21/200 | reward=1.625 | correct=0.375 | hack_strict=0.000 | hack_loose=0.000 | compile=1.000 | loss=0.2678 | lr=6.94e-05 | kl=0.0412 | time=43.7s (gen=21.5s, reward=4.5s)
2026-03-22 08:54:00,297 - grpo_trainer - INFO - Step 22: Generating 16×16 responses...
2026-03-22 08:54:00 [grpo_trainer] INFO: Step 22: Generating 16×16 responses...
2026-03-22 08:54:19,963 - grpo_trainer - INFO - Step 22: Computing rewards...
2026-03-22 08:54:19 [grpo_trainer] INFO: Step 22: Computing rewards...
2026-03-22 08:54:42,331 - grpo_trainer - INFO - Step 22/200 | reward=1.508 | correct=0.336 | hack_strict=0.000 | hack_loose=0.000 | compile=1.000 | loss=1.2788 | lr=6.93e-05 | kl=0.0400 | time=42.0s (gen=19.7s, reward=3.9s)
2026-03-22 08:54:42 [grpo_trainer] INFO: Step 22/200 | reward=1.508 | correct=0.336 | hack_strict=0.000 | hack_loose=0.000 | compile=1.000 | loss=1.2788 | lr=6.93e-05 | kl=0.0400 | time=42.0s (gen=19.7s, reward=3.9s)
2026-03-22 08:54:42,331 - grpo_trainer - INFO - Step 23: Generating 16×16 responses...
2026-03-22 08:54:42 [grpo_trainer] INFO: Step 23: Generating 16×16 responses...
2026-03-22 08:55:03,862 - grpo_trainer - INFO - Step 23: Computing rewards...
2026-03-22 08:55:03 [grpo_trainer] INFO: Step 23: Computing rewards...
2026-03-22 08:55:31,424 - grpo_trainer - INFO - Step 23/200 | reward=1.059 | correct=0.188 | hack_strict=0.000 | hack_loose=0.000 | compile=0.992 | loss=-6.4749 | lr=6.92e-05 | kl=0.0511 | time=49.1s (gen=21.5s, reward=8.6s)
2026-03-22 08:55:31 [grpo_trainer] INFO: Step 23/200 | reward=1.059 | correct=0.188 | hack_strict=0.000 | hack_loose=0.000 | compile=0.992 | loss=-6.4749 | lr=6.92e-05 | kl=0.0511 | time=49.1s (gen=21.5s, reward=8.6s)
2026-03-22 08:55:31,424 - grpo_trainer - INFO - Step 24: Generating 16×16 responses...
2026-03-22 08:55:31 [grpo_trainer] INFO: Step 24: Generating 16×16 responses...
2026-03-22 08:56:09,077 - grpo_trainer - INFO - Step 24: Computing rewards...
2026-03-22 08:56:09 [grpo_trainer] INFO: Step 24: Computing rewards...
2026-03-22 08:56:33,899 - grpo_trainer - INFO - Step 24/200 | reward=1.496 | correct=0.340 | hack_strict=0.000 | hack_loose=0.000 | compile=0.953 | loss=-7.8887 | lr=6.91e-05 | kl=0.0460 | time=62.5s (gen=37.7s, reward=5.0s)
2026-03-22 08:56:33 [grpo_trainer] INFO: Step 24/200 | reward=1.496 | correct=0.340 | hack_strict=0.000 | hack_loose=0.000 | compile=0.953 | loss=-7.8887 | lr=6.91e-05 | kl=0.0460 | time=62.5s (gen=37.7s, reward=5.0s)
2026-03-22 08:56:33,900 - grpo_trainer - INFO - Step 25: Generating 16×16 responses...
2026-03-22 08:56:33 [grpo_trainer] INFO: Step 25: Generating 16×16 responses...
2026-03-22 08:57:01,533 - grpo_trainer - INFO - Step 25: Computing rewards...
2026-03-22 08:57:01 [grpo_trainer] INFO: Step 25: Computing rewards...
2026-03-22 08:57:22,503 - grpo_trainer - INFO - Step 25/200 | reward=2.105 | correct=0.535 | hack_strict=0.000 | hack_loose=0.000 | compile=1.000 | loss=-0.8625 | lr=6.89e-05 | kl=0.0489 | time=48.6s (gen=27.6s, reward=4.8s)
2026-03-22 08:57:22 [grpo_trainer] INFO: Step 25/200 | reward=2.105 | correct=0.535 | hack_strict=0.000 | hack_loose=0.000 | compile=1.000 | loss=-0.8625 | lr=6.89e-05 | kl=0.0489 | time=48.6s (gen=27.6s, reward=4.8s)
2026-03-22 08:57:22,503 - grpo_trainer - INFO - Step 26: Generating 16×16 responses...
2026-03-22 08:57:22 [grpo_trainer] INFO: Step 26: Generating 16×16 responses...
2026-03-22 08:57:50,166 - grpo_trainer - INFO - Step 26: Computing rewards...
2026-03-22 08:57:50 [grpo_trainer] INFO: Step 26: Computing rewards...
2026-03-22 08:58:17,247 - grpo_trainer - INFO - Step 26/200 | reward=1.764 | correct=0.422 | hack_strict=0.000 | hack_loose=0.000 | compile=0.996 | loss=-1.9316 | lr=6.88e-05 | kl=0.0421 | time=54.7s (gen=27.7s, reward=6.5s)
2026-03-22 08:58:17 [grpo_trainer] INFO: Step 26/200 | reward=1.764 | correct=0.422 | hack_strict=0.000 | hack_loose=0.000 | compile=0.996 | loss=-1.9316 | lr=6.88e-05 | kl=0.0421 | time=54.7s (gen=27.7s, reward=6.5s)
2026-03-22 08:58:17,247 - grpo_trainer - INFO - Step 27: Generating 16×16 responses...
2026-03-22 08:58:17 [grpo_trainer] INFO: Step 27: Generating 16×16 responses...
2026-03-22 08:58:54,574 - grpo_trainer - INFO - Step 27: Computing rewards...
2026-03-22 08:58:54 [grpo_trainer] INFO: Step 27: Computing rewards...
2026-03-22 08:59:18,030 - grpo_trainer - INFO - Step 27/200 | reward=2.059 | correct=0.520 | hack_strict=0.000 | hack_loose=0.000 | compile=1.000 | loss=2.9066 | lr=6.86e-05 | kl=0.0429 | time=60.8s (gen=37.3s, reward=4.8s)
2026-03-22 08:59:18 [grpo_trainer] INFO: Step 27/200 | reward=2.059 | correct=0.520 | hack_strict=0.000 | hack_loose=0.000 | compile=1.000 | loss=2.9066 | lr=6.86e-05 | kl=0.0429 | time=60.8s (gen=37.3s, reward=4.8s)
2026-03-22 08:59:18,031 - grpo_trainer - INFO - Step 28: Generating 16×16 responses...
2026-03-22 08:59:18 [grpo_trainer] INFO: Step 28: Generating 16×16 responses...
2026-03-22 08:59:56,123 - grpo_trainer - INFO - Step 28: Computing rewards...
2026-03-22 08:59:56 [grpo_trainer] INFO: Step 28: Computing rewards...
2026-03-22 09:00:19,256 - grpo_trainer - INFO - Step 28/200 | reward=1.516 | correct=0.344 | hack_strict=0.000 | hack_loose=0.000 | compile=0.969 | loss=10.9447 | lr=6.85e-05 | kl=0.0551 | time=61.2s (gen=38.1s, reward=4.3s)
2026-03-22 09:00:19 [grpo_trainer] INFO: Step 28/200 | reward=1.516 | correct=0.344 | hack_strict=0.000 | hack_loose=0.000 | compile=0.969 | loss=10.9447 | lr=6.85e-05 | kl=0.0551 | time=61.2s (gen=38.1s, reward=4.3s)
2026-03-22 09:00:19,256 - grpo_trainer - INFO - Step 29: Generating 16×16 responses...
2026-03-22 09:00:19 [grpo_trainer] INFO: Step 29: Generating 16×16 responses...
2026-03-22 09:00:59,696 - grpo_trainer - INFO - Step 29: Computing rewards...
2026-03-22 09:00:59 [grpo_trainer] INFO: Step 29: Computing rewards...
2026-03-22 09:01:29,475 - grpo_trainer - INFO - Step 29/200 | reward=1.461 | correct=0.320 | hack_strict=0.000 | hack_loose=0.000 | compile=1.000 | loss=-0.4656 | lr=6.83e-05 | kl=0.0642 | time=70.2s (gen=40.4s, reward=8.5s)
2026-03-22 09:01:29 [grpo_trainer] INFO: Step 29/200 | reward=1.461 | correct=0.320 | hack_strict=0.000 | hack_loose=0.000 | compile=1.000 | loss=-0.4656 | lr=6.83e-05 | kl=0.0642 | time=70.2s (gen=40.4s, reward=8.5s)
2026-03-22 09:01:29,475 - grpo_trainer - INFO - Step 30: Generating 16×16 responses...
2026-03-22 09:01:29 [grpo_trainer] INFO: Step 30: Generating 16×16 responses...
2026-03-22 09:02:11,587 - grpo_trainer - INFO - Step 30: Computing rewards...
2026-03-22 09:02:11 [grpo_trainer] INFO: Step 30: Computing rewards...
2026-03-22 09:02:34,309 - grpo_trainer - INFO - Step 30/200 | reward=1.117 | correct=0.207 | hack_strict=0.000 | hack_loose=0.000 | compile=0.992 | loss=7.3790 | lr=6.81e-05 | kl=0.0494 | time=64.8s (gen=42.1s, reward=3.5s)
2026-03-22 09:02:34 [grpo_trainer] INFO: Step 30/200 | reward=1.117 | correct=0.207 | hack_strict=0.000 | hack_loose=0.000 | compile=0.992 | loss=7.3790 | lr=6.81e-05 | kl=0.0494 | time=64.8s (gen=42.1s, reward=3.5s)
2026-03-22 09:02:34,309 - grpo_trainer - INFO - Step 31: Generating 16×16 responses...
2026-03-22 09:02:34 [grpo_trainer] INFO: Step 31: Generating 16×16 responses...
2026-03-22 09:03:09,267 - grpo_trainer - INFO - Step 31: Computing rewards...
2026-03-22 09:03:09 [grpo_trainer] INFO: Step 31: Computing rewards...
2026-03-22 09:03:37,647 - grpo_trainer - INFO - Step 31/200 | reward=2.137 | correct=0.547 | hack_strict=0.000 | hack_loose=0.000 | compile=0.992 | loss=25.4709 | lr=6.79e-05 | kl=0.0462 | time=63.3s (gen=35.0s, reward=10.4s)
2026-03-22 09:03:37 [grpo_trainer] INFO: Step 31/200 | reward=2.137 | correct=0.547 | hack_strict=0.000 | hack_loose=0.000 | compile=0.992 | loss=25.4709 | lr=6.79e-05 | kl=0.0462 | time=63.3s (gen=35.0s, reward=10.4s)
2026-03-22 09:03:37,648 - grpo_trainer - INFO - Step 32: Generating 16×16 responses...
2026-03-22 09:03:37 [grpo_trainer] INFO: Step 32: Generating 16×16 responses...
2026-03-22 09:04:17,161 - grpo_trainer - INFO - Step 32: Computing rewards...
2026-03-22 09:04:17 [grpo_trainer] INFO: Step 32: Computing rewards...
2026-03-22 09:04:41,392 - grpo_trainer - INFO - Step 32/200 | reward=1.682 | correct=0.395 | hack_strict=0.000 | hack_loose=0.000 | compile=0.996 | loss=17.8669 | lr=6.77e-05 | kl=0.0515 | time=63.7s (gen=39.5s, reward=6.2s)
2026-03-22 09:04:41 [grpo_trainer] INFO: Step 32/200 | reward=1.682 | correct=0.395 | hack_strict=0.000 | hack_loose=0.000 | compile=0.996 | loss=17.8669 | lr=6.77e-05 | kl=0.0515 | time=63.7s (gen=39.5s, reward=6.2s)
2026-03-22 09:04:41,392 - grpo_trainer - INFO - Step 33: Generating 16×16 responses...
2026-03-22 09:04:41 [grpo_trainer] INFO: Step 33: Generating 16×16 responses...
2026-03-22 09:04:56,496 - grpo_trainer - INFO - Step 33: Computing rewards...
2026-03-22 09:04:56 [grpo_trainer] INFO: Step 33: Computing rewards...
2026-03-22 09:05:22,165 - grpo_trainer - INFO - Step 33/200 | reward=2.213 | correct=0.574 | hack_strict=0.000 | hack_loose=0.000 | compile=0.980 | loss=-1.3550 | lr=6.75e-05 | kl=0.0494 | time=40.8s (gen=15.1s, reward=7.2s)
2026-03-22 09:05:22 [grpo_trainer] INFO: Step 33/200 | reward=2.213 | correct=0.574 | hack_strict=0.000 | hack_loose=0.000 | compile=0.980 | loss=-1.3550 | lr=6.75e-05 | kl=0.0494 | time=40.8s (gen=15.1s, reward=7.2s)
2026-03-22 09:05:22,165 - grpo_trainer - INFO - Step 34: Generating 16×16 responses...
2026-03-22 09:05:22 [grpo_trainer] INFO: Step 34: Generating 16×16 responses...
2026-03-22 09:05:40,261 - grpo_trainer - INFO - Step 34: Computing rewards...
2026-03-22 09:05:40 [grpo_trainer] INFO: Step 34: Computing rewards...
2026-03-22 09:06:06,153 - grpo_trainer - INFO - Step 34/200 | reward=1.752 | correct=0.418 | hack_strict=0.000 | hack_loose=0.000 | compile=0.996 | loss=0.5756 | lr=6.73e-05 | kl=0.0568 | time=44.0s (gen=18.1s, reward=7.2s)
2026-03-22 09:06:06 [grpo_trainer] INFO: Step 34/200 | reward=1.752 | correct=0.418 | hack_strict=0.000 | hack_loose=0.000 | compile=0.996 | loss=0.5756 | lr=6.73e-05 | kl=0.0568 | time=44.0s (gen=18.1s, reward=7.2s)
2026-03-22 09:06:06,154 - grpo_trainer - INFO - Step 35: Generating 16×16 responses...
2026-03-22 09:06:06 [grpo_trainer] INFO: Step 35: Generating 16×16 responses...
2026-03-22 09:06:41,948 - grpo_trainer - INFO - Step 35: Computing rewards...
2026-03-22 09:06:41 [grpo_trainer] INFO: Step 35: Computing rewards...
2026-03-22 09:07:08,166 - grpo_trainer - INFO - Step 35/200 | reward=1.668 | correct=0.391 | hack_strict=0.000 | hack_loose=0.000 | compile=0.992 | loss=12.6532 | lr=6.71e-05 | kl=0.0484 | time=62.0s (gen=35.8s, reward=6.1s)
2026-03-22 09:07:08 [grpo_trainer] INFO: Step 35/200 | reward=1.668 | correct=0.391 | hack_strict=0.000 | hack_loose=0.000 | compile=0.992 | loss=12.6532 | lr=6.71e-05 | kl=0.0484 | time=62.0s (gen=35.8s, reward=6.1s)
2026-03-22 09:07:08,167 - grpo_trainer - INFO - Step 36: Generating 16×16 responses...
2026-03-22 09:07:08 [grpo_trainer] INFO: Step 36: Generating 16×16 responses...
2026-03-22 09:07:44,435 - grpo_trainer - INFO - Step 36: Computing rewards...
2026-03-22 09:07:44 [grpo_trainer] INFO: Step 36: Computing rewards...
2026-03-22 09:08:10,370 - grpo_trainer - INFO - Step 36/200 | reward=2.148 | correct=0.551 | hack_strict=0.000 | hack_loose=0.000 | compile=0.992 | loss=16.3975 | lr=6.68e-05 | kl=0.0546 | time=62.2s (gen=36.3s, reward=6.3s)
2026-03-22 09:08:10 [grpo_trainer] INFO: Step 36/200 | reward=2.148 | correct=0.551 | hack_strict=0.000 | hack_loose=0.000 | compile=0.992 | loss=16.3975 | lr=6.68e-05 | kl=0.0546 | time=62.2s (gen=36.3s, reward=6.3s)
2026-03-22 09:08:10,370 - grpo_trainer - INFO - Step 37: Generating 16×16 responses...
2026-03-22 09:08:10 [grpo_trainer] INFO: Step 37: Generating 16×16 responses...
2026-03-22 09:08:37,683 - grpo_trainer - INFO - Step 37: Computing rewards...
2026-03-22 09:08:37 [grpo_trainer] INFO: Step 37: Computing rewards...
2026-03-22 09:08:59,458 - grpo_trainer - INFO - Step 37/200 | reward=1.824 | correct=0.441 | hack_strict=0.000 | hack_loose=0.000 | compile=1.000 | loss=2.0240 | lr=6.66e-05 | kl=0.0351 | time=49.1s (gen=27.3s, reward=3.8s)
2026-03-22 09:08:59 [grpo_trainer] INFO: Step 37/200 | reward=1.824 | correct=0.441 | hack_strict=0.000 | hack_loose=0.000 | compile=1.000 | loss=2.0240 | lr=6.66e-05 | kl=0.0351 | time=49.1s (gen=27.3s, reward=3.8s)
2026-03-22 09:08:59,459 - grpo_trainer - INFO - Step 38: Generating 16×16 responses...
2026-03-22 09:08:59 [grpo_trainer] INFO: Step 38: Generating 16×16 responses...
2026-03-22 09:09:42,998 - grpo_trainer - INFO - Step 38: Computing rewards...
2026-03-22 09:09:42 [grpo_trainer] INFO: Step 38: Computing rewards...
2026-03-22 09:10:06,561 - grpo_trainer - INFO - Step 38/200 | reward=1.229 | correct=0.246 | hack_strict=0.000 | hack_loose=0.000 | compile=0.980 | loss=32.7154 | lr=6.63e-05 | kl=0.0538 | time=67.1s (gen=43.5s, reward=4.4s)
2026-03-22 09:10:06 [grpo_trainer] INFO: Step 38/200 | reward=1.229 | correct=0.246 | hack_strict=0.000 | hack_loose=0.000 | compile=0.980 | loss=32.7154 | lr=6.63e-05 | kl=0.0538 | time=67.1s (gen=43.5s, reward=4.4s)
2026-03-22 09:10:06,561 - grpo_trainer - INFO - Step 39: Generating 16×16 responses...
2026-03-22 09:10:06 [grpo_trainer] INFO: Step 39: Generating 16×16 responses...
2026-03-22 09:10:48,100 - grpo_trainer - INFO - Step 39: Computing rewards...
2026-03-22 09:10:48 [grpo_trainer] INFO: Step 39: Computing rewards...
2026-03-22 09:11:12,147 - grpo_trainer - INFO - Step 39/200 | reward=1.783 | correct=0.430 | hack_strict=0.000 | hack_loose=0.000 | compile=0.988 | loss=45.7498 | lr=6.61e-05 | kl=0.0538 | time=65.6s (gen=41.5s, reward=5.9s)
2026-03-22 09:11:12 [grpo_trainer] INFO: Step 39/200 | reward=1.783 | correct=0.430 | hack_strict=0.000 | hack_loose=0.000 | compile=0.988 | loss=45.7498 | lr=6.61e-05 | kl=0.0538 | time=65.6s (gen=41.5s, reward=5.9s)
2026-03-22 09:11:49,128 - grpo_trainer - INFO - [Eval @ step 39] correct=0.156, hack_strict=0.000, compile=0.938, avg_reward=0.938
2026-03-22 09:11:49 [grpo_trainer] INFO: [Eval @ step 39] correct=0.156, hack_strict=0.000, compile=0.938, avg_reward=0.938
2026-03-22 09:11:49,130 - grpo_trainer - INFO - Step 40: Generating 16×16 responses...
2026-03-22 09:11:49 [grpo_trainer] INFO: Step 40: Generating 16×16 responses...
2026-03-22 09:12:34,527 - grpo_trainer - INFO - Step 40: Computing rewards...
2026-03-22 09:12:34 [grpo_trainer] INFO: Step 40: Computing rewards...
2026-03-22 09:12:54,906 - grpo_trainer - INFO - Step 40/200 | reward=1.414 | correct=0.305 | hack_strict=0.000 | hack_loose=0.000 | compile=1.000 | loss=-3.5487 | lr=6.58e-05 | kl=0.0574 | time=65.8s (gen=45.4s, reward=3.4s)
2026-03-22 09:12:54 [grpo_trainer] INFO: Step 40/200 | reward=1.414 | correct=0.305 | hack_strict=0.000 | hack_loose=0.000 | compile=1.000 | loss=-3.5487 | lr=6.58e-05 | kl=0.0574 | time=65.8s (gen=45.4s, reward=3.4s)
2026-03-22 09:12:54,907 - grpo_trainer - INFO - Step 41: Generating 16×16 responses...
2026-03-22 09:12:54 [grpo_trainer] INFO: Step 41: Generating 16×16 responses...
2026-03-22 09:13:42,613 - grpo_trainer - INFO - Step 41: Computing rewards...
2026-03-22 09:13:42 [grpo_trainer] INFO: Step 41: Computing rewards...
2026-03-22 09:14:07,342 - grpo_trainer - INFO - Step 41/200 | reward=1.703 | correct=0.402 | hack_strict=0.000 | hack_loose=0.000 | compile=0.992 | loss=19.4052 | lr=6.55e-05 | kl=0.0529 | time=72.4s (gen=47.7s, reward=4.8s)
2026-03-22 09:14:07 [grpo_trainer] INFO: Step 41/200 | reward=1.703 | correct=0.402 | hack_strict=0.000 | hack_loose=0.000 | compile=0.992 | loss=19.4052 | lr=6.55e-05 | kl=0.0529 | time=72.4s (gen=47.7s, reward=4.8s)
2026-03-22 09:14:07,343 - grpo_trainer - INFO - Step 42: Generating 16×16 responses...
2026-03-22 09:14:07 [grpo_trainer] INFO: Step 42: Generating 16×16 responses...
2026-03-22 09:14:49,012 - grpo_trainer - INFO - Step 42: Computing rewards...
2026-03-22 09:14:49 [grpo_trainer] INFO: Step 42: Computing rewards...
2026-03-22 09:15:17,539 - grpo_trainer - INFO - Step 42/200 | reward=1.232 | correct=0.250 | hack_strict=0.000 | hack_loose=0.000 | compile=0.965 | loss=72.8162 | lr=6.52e-05 | kl=0.0639 | time=70.2s (gen=41.7s, reward=5.0s)
2026-03-22 09:15:17 [grpo_trainer] INFO: Step 42/200 | reward=1.232 | correct=0.250 | hack_strict=0.000 | hack_loose=0.000 | compile=0.965 | loss=72.8162 | lr=6.52e-05 | kl=0.0639 | time=70.2s (gen=41.7s, reward=5.0s)
2026-03-22 09:15:17,539 - grpo_trainer - INFO - Step 43: Generating 16×16 responses...
2026-03-22 09:15:17 [grpo_trainer] INFO: Step 43: Generating 16×16 responses...
2026-03-22 09:15:59,177 - grpo_trainer - INFO - Step 43: Computing rewards...
2026-03-22 09:15:59 [grpo_trainer] INFO: Step 43: Computing rewards...
2026-03-22 09:16:23,678 - grpo_trainer - INFO - Step 43/200 | reward=1.584 | correct=0.363 | hack_strict=0.000 | hack_loose=0.000 | compile=0.988 | loss=15.3487 | lr=6.49e-05 | kl=0.0623 | time=66.1s (gen=41.6s, reward=5.7s)
2026-03-22 09:16:23 [grpo_trainer] INFO: Step 43/200 | reward=1.584 | correct=0.363 | hack_strict=0.000 | hack_loose=0.000 | compile=0.988 | loss=15.3487 | lr=6.49e-05 | kl=0.0623 | time=66.1s (gen=41.6s, reward=5.7s)
2026-03-22 09:16:23,678 - grpo_trainer - INFO - Step 44: Generating 16×16 responses...
2026-03-22 09:16:23 [grpo_trainer] INFO: Step 44: Generating 16×16 responses...
2026-03-22 09:17:02,984 - grpo_trainer - INFO - Step 44: Computing rewards...
2026-03-22 09:17:02 [grpo_trainer] INFO: Step 44: Computing rewards...
2026-03-22 09:17:28,403 - grpo_trainer - INFO - Step 44/200 | reward=1.771 | correct=0.426 | hack_strict=0.000 | hack_loose=0.000 | compile=0.988 | loss=11.9950 | lr=6.46e-05 | kl=0.0619 | time=64.7s (gen=39.3s, reward=3.7s)
2026-03-22 09:17:28 [grpo_trainer] INFO: Step 44/200 | reward=1.771 | correct=0.426 | hack_strict=0.000 | hack_loose=0.000 | compile=0.988 | loss=11.9950 | lr=6.46e-05 | kl=0.0619 | time=64.7s (gen=39.3s, reward=3.7s)
2026-03-22 09:17:28,404 - grpo_trainer - INFO - Step 45: Generating 16×16 responses...
2026-03-22 09:17:28 [grpo_trainer] INFO: Step 45: Generating 16×16 responses...
2026-03-22 09:18:07,917 - grpo_trainer - INFO - Step 45: Computing rewards...
2026-03-22 09:18:07 [grpo_trainer] INFO: Step 45: Computing rewards...
2026-03-22 09:18:34,101 - grpo_trainer - INFO - Step 45/200 | reward=1.912 | correct=0.473 | hack_strict=0.000 | hack_loose=0.000 | compile=0.988 | loss=51.8195 | lr=6.43e-05 | kl=0.0648 | time=65.7s (gen=39.5s, reward=6.2s)
2026-03-22 09:18:34 [grpo_trainer] INFO: Step 45/200 | reward=1.912 | correct=0.473 | hack_strict=0.000 | hack_loose=0.000 | compile=0.988 | loss=51.8195 | lr=6.43e-05 | kl=0.0648 | time=65.7s (gen=39.5s, reward=6.2s)
2026-03-22 09:18:34,101 - grpo_trainer - INFO - Step 46: Generating 16×16 responses...
2026-03-22 09:18:34 [grpo_trainer] INFO: Step 46: Generating 16×16 responses...
2026-03-22 09:19:17,756 - grpo_trainer - INFO - Step 46: Computing rewards...
2026-03-22 09:19:17 [grpo_trainer] INFO: Step 46: Computing rewards...
2026-03-22 09:19:41,373 - grpo_trainer - INFO - Step 46/200 | reward=1.918 | correct=0.473 | hack_strict=0.000 | hack_loose=0.000 | compile=1.000 | loss=7.9849 | lr=6.40e-05 | kl=0.0588 | time=67.3s (gen=43.7s, reward=4.3s)
2026-03-22 09:19:41 [grpo_trainer] INFO: Step 46/200 | reward=1.918 | correct=0.473 | hack_strict=0.000 | hack_loose=0.000 | compile=1.000 | loss=7.9849 | lr=6.40e-05 | kl=0.0588 | time=67.3s (gen=43.7s, reward=4.3s)
2026-03-22 09:19:41,373 - grpo_trainer - INFO - Step 47: Generating 16×16 responses...
2026-03-22 09:19:41 [grpo_trainer] INFO: Step 47: Generating 16×16 responses...
2026-03-22 09:20:22,710 - grpo_trainer - INFO - Step 47: Computing rewards...
2026-03-22 09:20:22 [grpo_trainer] INFO: Step 47: Computing rewards...
2026-03-22 09:20:47,413 - grpo_trainer - INFO - Step 47/200 | reward=1.775 | correct=0.426 | hack_strict=0.000 | hack_loose=0.000 | compile=0.996 | loss=15.2616 | lr=6.37e-05 | kl=0.0487 | time=66.0s (gen=41.3s, reward=3.8s)
2026-03-22 09:20:47 [grpo_trainer] INFO: Step 47/200 | reward=1.775 | correct=0.426 | hack_strict=0.000 | hack_loose=0.000 | compile=0.996 | loss=15.2616 | lr=6.37e-05 | kl=0.0487 | time=66.0s (gen=41.3s, reward=3.8s)
2026-03-22 09:20:47,413 - grpo_trainer - INFO - Step 48: Generating 16×16 responses...
2026-03-22 09:20:47 [grpo_trainer] INFO: Step 48: Generating 16×16 responses...
2026-03-22 09:21:29,011 - grpo_trainer - INFO - Step 48: Computing rewards...
2026-03-22 09:21:29 [grpo_trainer] INFO: Step 48: Computing rewards...
2026-03-22 09:21:52,865 - grpo_trainer - INFO - Step 48/200 | reward=2.545 | correct=0.688 | hack_strict=0.000 | hack_loose=0.000 | compile=0.965 | loss=17.4482 | lr=6.33e-05 | kl=0.0602 | time=65.5s (gen=41.6s, reward=5.2s)
2026-03-22 09:21:52 [grpo_trainer] INFO: Step 48/200 | reward=2.545 | correct=0.688 | hack_strict=0.000 | hack_loose=0.000 | compile=0.965 | loss=17.4482 | lr=6.33e-05 | kl=0.0602 | time=65.5s (gen=41.6s, reward=5.2s)
2026-03-22 09:21:52,865 - grpo_trainer - INFO - Step 49: Generating 16×16 responses...
2026-03-22 09:21:52 [grpo_trainer] INFO: Step 49: Generating 16×16 responses...
2026-03-22 09:22:32,066 - grpo_trainer - INFO - Step 49: Computing rewards...
2026-03-22 09:22:32 [grpo_trainer] INFO: Step 49: Computing rewards...
2026-03-22 09:22:54,363 - grpo_trainer - INFO - Step 49/200 | reward=2.146 | correct=0.551 | hack_strict=0.000 | hack_loose=0.000 | compile=0.988 | loss=18.3537 | lr=6.30e-05 | kl=0.0504 | time=61.5s (gen=39.2s, reward=3.8s)
2026-03-22 09:22:54 [grpo_trainer] INFO: Step 49/200 | reward=2.146 | correct=0.551 | hack_strict=0.000 | hack_loose=0.000 | compile=0.988 | loss=18.3537 | lr=6.30e-05 | kl=0.0504 | time=61.5s (gen=39.2s, reward=3.8s)
2026-03-22 09:22:59,578 - grpo_trainer - INFO - Saved checkpoint: tinker://03b84919-6bb9-50e8-b573-4b03de3929ab:train:0/weights/grpo-step-50
2026-03-22 09:22:59 [grpo_trainer] INFO: Saved checkpoint: tinker://03b84919-6bb9-50e8-b573-4b03de3929ab:train:0/weights/grpo-step-50
2026-03-22 09:22:59,582 - grpo_trainer - INFO - Step 50: Generating 16×16 responses...
2026-03-22 09:22:59 [grpo_trainer] INFO: Step 50: Generating 16×16 responses...
2026-03-22 09:23:45,148 - grpo_trainer - INFO - Step 50: Computing rewards...
2026-03-22 09:23:45 [grpo_trainer] INFO: Step 50: Computing rewards...
2026-03-22 09:24:09,169 - grpo_trainer - INFO - Step 50/200 | reward=1.348 | correct=0.285 | hack_strict=0.000 | hack_loose=0.000 | compile=0.984 | loss=26.4537 | lr=6.26e-05 | kl=0.0518 | time=69.6s (gen=45.6s, reward=4.4s)
2026-03-22 09:24:09 [grpo_trainer] INFO: Step 50/200 | reward=1.348 | correct=0.285 | hack_strict=0.000 | hack_loose=0.000 | compile=0.984 | loss=26.4537 | lr=6.26e-05 | kl=0.0518 | time=69.6s (gen=45.6s, reward=4.4s)
2026-03-22 09:24:09,169 - grpo_trainer - INFO - Step 51: Generating 16×16 responses...
2026-03-22 09:24:09 [grpo_trainer] INFO: Step 51: Generating 16×16 responses...
2026-03-22 09:24:50,510 - grpo_trainer - INFO - Step 51: Computing rewards...
2026-03-22 09:24:50 [grpo_trainer] INFO: Step 51: Computing rewards...
2026-03-22 09:25:16,809 - grpo_trainer - INFO - Step 51/200 | reward=2.270 | correct=0.590 | hack_strict=0.000 | hack_loose=0.000 | compile=1.000 | loss=-0.1407 | lr=6.23e-05 | kl=0.0480 | time=67.6s (gen=41.3s, reward=5.3s)
2026-03-22 09:25:16 [grpo_trainer] INFO: Step 51/200 | reward=2.270 | correct=0.590 | hack_strict=0.000 | hack_loose=0.000 | compile=1.000 | loss=-0.1407 | lr=6.23e-05 | kl=0.0480 | time=67.6s (gen=41.3s, reward=5.3s)
2026-03-22 09:25:16,809 - grpo_trainer - INFO - Step 52: Generating 16×16 responses...
2026-03-22 09:25:16 [grpo_trainer] INFO: Step 52: Generating 16×16 responses...
2026-03-22 09:25:57,925 - grpo_trainer - INFO - Step 52: Computing rewards...
2026-03-22 09:25:57 [grpo_trainer] INFO: Step 52: Computing rewards...
2026-03-22 09:26:21,044 - grpo_trainer - INFO - Step 52/200 | reward=2.135 | correct=0.547 | hack_strict=0.000 | hack_loose=0.000 | compile=0.988 | loss=9.1793 | lr=6.19e-05 | kl=0.0416 | time=64.2s (gen=41.1s, reward=5.9s)
2026-03-22 09:26:21 [grpo_trainer] INFO: Step 52/200 | reward=2.135 | correct=0.547 | hack_strict=0.000 | hack_loose=0.000 | compile=0.988 | loss=9.1793 | lr=6.19e-05 | kl=0.0416 | time=64.2s (gen=41.1s, reward=5.9s)
2026-03-22 09:26:21,045 - grpo_trainer - INFO - Step 53: Generating 16×16 responses...
2026-03-22 09:26:21 [grpo_trainer] INFO: Step 53: Generating 16×16 responses...
2026-03-22 09:27:00,688 - grpo_trainer - INFO - Step 53: Computing rewards...
2026-03-22 09:27:00 [grpo_trainer] INFO: Step 53: Computing rewards...
2026-03-22 09:27:23,697 - grpo_trainer - INFO - Step 53/200 | reward=1.420 | correct=0.309 | hack_strict=0.000 | hack_loose=0.000 | compile=0.988 | loss=20.9853 | lr=6.15e-05 | kl=0.0600 | time=62.7s (gen=39.6s, reward=4.8s)
2026-03-22 09:27:23 [grpo_trainer] INFO: Step 53/200 | reward=1.420 | correct=0.309 | hack_strict=0.000 | hack_loose=0.000 | compile=0.988 | loss=20.9853 | lr=6.15e-05 | kl=0.0600 | time=62.7s (gen=39.6s, reward=4.8s)
2026-03-22 09:27:23,698 - grpo_trainer - INFO - Step 54: Generating 16×16 responses...
2026-03-22 09:27:23 [grpo_trainer] INFO: Step 54: Generating 16×16 responses...
2026-03-22 09:28:01,058 - grpo_trainer - INFO - Step 54: Computing rewards...
2026-03-22 09:28:01 [grpo_trainer] INFO: Step 54: Computing rewards...
2026-03-22 09:28:26,383 - grpo_trainer - INFO - Step 54/200 | reward=1.256 | correct=0.254 | hack_strict=0.000 | hack_loose=0.000 | compile=0.988 | loss=9.6340 | lr=6.11e-05 | kl=0.0537 | time=62.7s (gen=37.4s, reward=5.8s)
2026-03-22 09:28:26 [grpo_trainer] INFO: Step 54/200 | reward=1.256 | correct=0.254 | hack_strict=0.000 | hack_loose=0.000 | compile=0.988 | loss=9.6340 | lr=6.11e-05 | kl=0.0537 | time=62.7s (gen=37.4s, reward=5.8s)
2026-03-22 09:28:26,383 - grpo_trainer - INFO - Step 55: Generating 16×16 responses...
2026-03-22 09:28:26 [grpo_trainer] INFO: Step 55: Generating 16×16 responses...
2026-03-22 09:29:10,152 - grpo_trainer - INFO - Step 55: Computing rewards...
2026-03-22 09:29:10 [grpo_trainer] INFO: Step 55: Computing rewards...
2026-03-22 09:29:37,614 - grpo_trainer - INFO - Step 55/200 | reward=1.656 | correct=0.387 | hack_strict=0.000 | hack_loose=0.000 | compile=0.992 | loss=23.8453 | lr=6.08e-05 | kl=0.0663 | time=71.2s (gen=43.8s, reward=6.8s)
2026-03-22 09:29:37 [grpo_trainer] INFO: Step 55/200 | reward=1.656 | correct=0.387 | hack_strict=0.000 | hack_loose=0.000 | compile=0.992 | loss=23.8453 | lr=6.08e-05 | kl=0.0663 | time=71.2s (gen=43.8s, reward=6.8s)
2026-03-22 09:29:37,615 - grpo_trainer - INFO - Step 56: Generating 16×16 responses...
2026-03-22 09:29:37 [grpo_trainer] INFO: Step 56: Generating 16×16 responses...
2026-03-22 09:30:21,110 - grpo_trainer - INFO - Step 56: Computing rewards...
2026-03-22 09:30:21 [grpo_trainer] INFO: Step 56: Computing rewards...
2026-03-22 09:30:46,841 - grpo_trainer - INFO - Step 56/200 | reward=1.924 | correct=0.477 | hack_strict=0.000 | hack_loose=0.000 | compile=0.988 | loss=41.5283 | lr=6.04e-05 | kl=0.0643 | time=69.2s (gen=43.5s, reward=5.0s)
2026-03-22 09:30:46 [grpo_trainer] INFO: Step 56/200 | reward=1.924 | correct=0.477 | hack_strict=0.000 | hack_loose=0.000 | compile=0.988 | loss=41.5283 | lr=6.04e-05 | kl=0.0643 | time=69.2s (gen=43.5s, reward=5.0s)
2026-03-22 09:30:46,842 - grpo_trainer - INFO - Step 57: Generating 16×16 responses...
2026-03-22 09:30:46 [grpo_trainer] INFO: Step 57: Generating 16×16 responses...
2026-03-22 09:31:22,802 - grpo_trainer - INFO - Step 57: Computing rewards...
2026-03-22 09:31:22 [grpo_trainer] INFO: Step 57: Computing rewards...
2026-03-22 09:31:49,903 - grpo_trainer - INFO - Step 57/200 | reward=1.670 | correct=0.395 | hack_strict=0.000 | hack_loose=0.000 | compile=0.973 | loss=8.2988 | lr=6.00e-05 | kl=0.0624 | time=63.1s (gen=36.0s, reward=8.8s)
2026-03-22 09:31:49 [grpo_trainer] INFO: Step 57/200 | reward=1.670 | correct=0.395 | hack_strict=0.000 | hack_loose=0.000 | compile=0.973 | loss=8.2988 | lr=6.00e-05 | kl=0.0624 | time=63.1s (gen=36.0s, reward=8.8s)
2026-03-22 09:31:49,904 - grpo_trainer - INFO - Step 58: Generating 16×16 responses...
2026-03-22 09:31:49 [grpo_trainer] INFO: Step 58: Generating 16×16 responses...
