2026-03-22 08:20:06 [tinker.lib.public_interfaces.service_client] INFO: ServiceClient initialized for session 9bdbd69e-e7e4-5db4-8b53-0f5f05466b59
2026-03-22 08:20:21 [tinker.lib.public_interfaces.service_client] INFO: TrainingClient initialized for model 9bdbd69e-e7e4-5db4-8b53-0f5f05466b59:train:0
2026-03-22 08:20:25 [tinker.lib.public_interfaces.service_client] INFO: ServiceClient initialized for session e3294afd-26f8-504b-be69-235ceeebc189
2026-03-22 08:20:25,763 - grpo_trainer - INFO - Created reference model for KL penalty (coef=0.001)
2026-03-22 08:20:25 [grpo_trainer] INFO: Created reference model for KL penalty (coef=0.001)
2026-03-22 08:20:25,764 - grpo_trainer - INFO - Starting GRPO training: 200 steps, 16 prompts/step, 16 generations/prompt
2026-03-22 08:20:25 [grpo_trainer] INFO: Starting GRPO training: 200 steps, 16 prompts/step, 16 generations/prompt
2026-03-22 08:20:25,764 - grpo_trainer - INFO - Step 0: Generating 16×16 responses...
2026-03-22 08:20:25 [grpo_trainer] INFO: Step 0: Generating 16×16 responses...
2026-03-22 08:21:23,136 - grpo_trainer - INFO - Step 0: Computing rewards...
2026-03-22 08:21:23 [grpo_trainer] INFO: Step 0: Computing rewards...
2026-03-22 08:21:55 [tinker_trainer] INFO: PPO+KL-in-loss metrics (step 0):
2026-03-22 08:21:55 [tinker_trainer] INFO:   clock_cycle:unique = 3861595.0
2026-03-22 08:21:55 [tinker_trainer] INFO:   clock_cycle:unique_1 = 3861596.0
2026-03-22 08:21:55 [tinker_trainer] INFO:   loss:sum = -0.0007991758757270873
2026-03-22 08:21:55 [tinker_trainer] INFO:   ppo_loss = 0.20532366633415222
2026-03-22 08:21:55 [tinker_trainer] INFO:   kl_loss = 2.888619690111227e-07
2026-03-22 08:21:55 [tinker_trainer] INFO:   total_loss = 0.2053239494562149
2026-03-22 08:21:55 [tinker_trainer] INFO:   n_response_tokens = 158654.0
2026-03-22 08:21:59,583 - grpo_trainer - INFO - Step 0/200 | reward=0.926 | correct=0.180 | hack_strict=0.008 | hack_loose=0.031 | compile=0.727 | loss=0.0008 | lr=7.00e-06 | kl=0.0070 | time=93.8s (gen=57.4s, reward=6.9s)
2026-03-22 08:21:59 [grpo_trainer] INFO: Step 0/200 | reward=0.926 | correct=0.180 | hack_strict=0.008 | hack_loose=0.031 | compile=0.727 | loss=0.0008 | lr=7.00e-06 | kl=0.0070 | time=93.8s (gen=57.4s, reward=6.9s)
2026-03-22 08:21:59,584 - grpo_trainer - INFO - Step 1: Generating 16×16 responses...
2026-03-22 08:21:59 [grpo_trainer] INFO: Step 1: Generating 16×16 responses...
