2026-03-22 05:11:04 [tinker.lib.public_interfaces.service_client] INFO: ServiceClient initialized for session 54e76191-78cd-558f-af62-fdb24c8ab06e
2026-03-22 05:11:12 [tinker.lib.public_interfaces.service_client] INFO: TrainingClient initialized for model 54e76191-78cd-558f-af62-fdb24c8ab06e:train:0
2026-03-22 05:11:14 [tinker.lib.public_interfaces.service_client] INFO: ServiceClient initialized for session e9672112-7788-5aaa-a005-3453eb350a28
2026-03-22 05:11:14,451 - grpo_trainer - INFO - Created reference model for KL penalty (coef=0.001)
2026-03-22 05:11:14 [grpo_trainer] INFO: Created reference model for KL penalty (coef=0.001)
2026-03-22 05:11:14,451 - grpo_trainer - INFO - Starting GRPO training: 200 steps, 16 prompts/step, 16 generations/prompt
2026-03-22 05:11:14 [grpo_trainer] INFO: Starting GRPO training: 200 steps, 16 prompts/step, 16 generations/prompt
2026-03-22 05:11:14,452 - grpo_trainer - INFO - Step 0: Generating 16×16 responses...
2026-03-22 05:11:14 [grpo_trainer] INFO: Step 0: Generating 16×16 responses...
2026-03-22 05:12:21,168 - grpo_trainer - INFO - Step 0: Computing rewards...
2026-03-22 05:12:21 [grpo_trainer] INFO: Step 0: Computing rewards...
2026-03-22 05:12:37 [tinker_trainer] INFO: Logprob recomputation diagnostic (479 tokens):
2026-03-22 05:12:37 [tinker_trainer] INFO:   mean |sampling - training| = 0.050030
2026-03-22 05:12:37 [tinker_trainer] INFO:   max  |sampling - training| = 1.491756
2026-03-22 05:12:37 [tinker_trainer] INFO:   first 5 sampling: [-7.662380695343018, -3.687938928604126, -0.9883925914764404, -0.5311083197593689, 0.0]
2026-03-22 05:12:37 [tinker_trainer] INFO:   first 5 training: [-6.599303722381592, -4.24049186706543, -1.946102261543274, -2.022864818572998, -0.01469855010509491]
2026-03-22 05:12:45 [tinker_trainer] INFO: PPO metrics (step 0, recomputed logprobs):
2026-03-22 05:12:45 [tinker_trainer] INFO:   clock_cycle:unique = 3856873.0
2026-03-22 05:12:45 [tinker_trainer] INFO:   clock_cycle:unique_1 = 3856875.0
2026-03-22 05:12:45 [tinker_trainer] INFO:   loss:sum = 45262.52917480469
2026-03-22 05:12:45 [tinker_trainer] INFO:   ppo_kl_div:mean = 19.98185934498906
2026-03-22 05:12:45 [tinker_trainer] INFO:   ppo_clipped_fraction:mean = 0.9920991000253707
2026-03-22 05:12:45 [tinker_trainer] INFO:   ppo_mean_ratio:mean = 0.008474410491999151
2026-03-22 05:12:47,809 - grpo_trainer - INFO - Step 0/200 | reward=1.225 | correct=0.270 | hack_strict=0.008 | hack_loose=0.012 | compile=0.785 | loss=176.8068 | lr=7.00e-06 | kl=0.0074 | time=93.4s (gen=66.7s, reward=4.3s)
2026-03-22 05:12:47 [grpo_trainer] INFO: Step 0/200 | reward=1.225 | correct=0.270 | hack_strict=0.008 | hack_loose=0.012 | compile=0.785 | loss=176.8068 | lr=7.00e-06 | kl=0.0074 | time=93.4s (gen=66.7s, reward=4.3s)
2026-03-22 05:12:47,809 - grpo_trainer - INFO - Step 1: Generating 16×16 responses...
2026-03-22 05:12:47 [grpo_trainer] INFO: Step 1: Generating 16×16 responses...
2026-03-22 05:13:39,518 - grpo_trainer - INFO - Step 1: Computing rewards...
2026-03-22 05:13:39 [grpo_trainer] INFO: Step 1: Computing rewards...
2026-03-22 05:14:06,400 - grpo_trainer - INFO - Step 1/200 | reward=1.135 | correct=0.242 | hack_strict=0.008 | hack_loose=0.059 | compile=0.770 | loss=185.7380 | lr=1.40e-05 | kl=0.0076 | time=78.6s (gen=51.7s, reward=4.1s)
2026-03-22 05:14:06 [grpo_trainer] INFO: Step 1/200 | reward=1.135 | correct=0.242 | hack_strict=0.008 | hack_loose=0.059 | compile=0.770 | loss=185.7380 | lr=1.40e-05 | kl=0.0076 | time=78.6s (gen=51.7s, reward=4.1s)
2026-03-22 05:14:06,400 - grpo_trainer - INFO - Step 2: Generating 16×16 responses...
2026-03-22 05:14:06 [grpo_trainer] INFO: Step 2: Generating 16×16 responses...
2026-03-22 05:14:50,078 - grpo_trainer - INFO - Step 2: Computing rewards...
2026-03-22 05:14:50 [grpo_trainer] INFO: Step 2: Computing rewards...
2026-03-22 05:15:15,089 - grpo_trainer - INFO - Step 2/200 | reward=1.186 | correct=0.254 | hack_strict=0.012 | hack_loose=0.043 | compile=0.777 | loss=204.4193 | lr=2.10e-05 | kl=0.0082 | time=68.7s (gen=43.7s, reward=5.6s)
2026-03-22 05:15:15 [grpo_trainer] INFO: Step 2/200 | reward=1.186 | correct=0.254 | hack_strict=0.012 | hack_loose=0.043 | compile=0.777 | loss=204.4193 | lr=2.10e-05 | kl=0.0082 | time=68.7s (gen=43.7s, reward=5.6s)
2026-03-22 05:15:15,090 - grpo_trainer - INFO - Step 3: Generating 16×16 responses...
2026-03-22 05:15:15 [grpo_trainer] INFO: Step 3: Generating 16×16 responses...
2026-03-22 05:16:08,861 - grpo_trainer - INFO - Step 3: Computing rewards...
2026-03-22 05:16:08 [grpo_trainer] INFO: Step 3: Computing rewards...
