2026-03-22 05:23:18 [tinker.lib.public_interfaces.service_client] INFO: ServiceClient initialized for session be1bd971-f5ff-5c3e-bac5-05d1a51a37d5
2026-03-22 05:23:32 [tinker.lib.public_interfaces.service_client] INFO: TrainingClient initialized for model be1bd971-f5ff-5c3e-bac5-05d1a51a37d5:train:0
2026-03-22 05:23:34 [tinker.lib.public_interfaces.service_client] INFO: ServiceClient initialized for session 8a639f35-f7c6-5f72-b570-08851edd33f0
2026-03-22 05:23:34,787 - grpo_trainer - INFO - Created reference model for KL penalty (coef=0.001)
2026-03-22 05:23:34 [grpo_trainer] INFO: Created reference model for KL penalty (coef=0.001)
2026-03-22 05:23:34,788 - grpo_trainer - INFO - Starting GRPO training: 200 steps, 16 prompts/step, 16 generations/prompt
2026-03-22 05:23:34 [grpo_trainer] INFO: Starting GRPO training: 200 steps, 16 prompts/step, 16 generations/prompt
2026-03-22 05:23:34,788 - grpo_trainer - INFO - Step 0: Generating 16×16 responses...
2026-03-22 05:23:34 [grpo_trainer] INFO: Step 0: Generating 16×16 responses...
2026-03-22 05:24:40,815 - grpo_trainer - INFO - Step 0: Computing rewards...
2026-03-22 05:24:40 [grpo_trainer] INFO: Step 0: Computing rewards...
2026-03-22 05:25:06 [tinker_trainer] INFO: Logprob recomputation diagnostic (168 tokens):
2026-03-22 05:25:06 [tinker_trainer] INFO:   mean |sampling - training| = 0.075099
2026-03-22 05:25:06 [tinker_trainer] INFO:   max  |sampling - training| = 0.854291
2026-03-22 05:25:06 [tinker_trainer] INFO:   first 5 sampling: [-0.31737202405929565, 0.0, 0.0, -0.39846932888031006, -0.05584383010864258]
2026-03-22 05:25:06 [tinker_trainer] INFO:   first 5 training: [-1.1716630458831787, -0.013628649525344372, -0.06864074617624283, -0.5454896688461304, -0.15535074472427368]
2026-03-22 05:25:14 [tinker_trainer] INFO: PPO metrics (step 0, recomputed logprobs):
2026-03-22 05:25:14 [tinker_trainer] INFO:   clock_cycle:unique = 3857123.0
2026-03-22 05:25:14 [tinker_trainer] INFO:   clock_cycle:unique_1 = 3857124.0
2026-03-22 05:25:14 [tinker_trainer] INFO:   clock_cycle:unique_2 = 3857125.0
2026-03-22 05:25:14 [tinker_trainer] INFO:   loss:sum = 26483.983688354492
2026-03-22 05:25:14 [tinker_trainer] INFO:   ppo_kl_div:mean = 0.4002936579781817
2026-03-22 05:25:14 [tinker_trainer] INFO:   ppo_clipped_fraction:mean = 0.10647993948805379
2026-03-22 05:25:14 [tinker_trainer] INFO:   ppo_mean_ratio:mean = 0.9162463192769792
2026-03-22 05:25:16,730 - grpo_trainer - INFO - Step 0/200 | reward=1.279 | correct=0.285 | hack_strict=0.008 | hack_loose=0.043 | compile=0.801 | loss=103.4531 | lr=7.00e-06 | kl=0.0067 | time=101.9s (gen=66.0s, reward=5.8s)
2026-03-22 05:25:16 [grpo_trainer] INFO: Step 0/200 | reward=1.279 | correct=0.285 | hack_strict=0.008 | hack_loose=0.043 | compile=0.801 | loss=103.4531 | lr=7.00e-06 | kl=0.0067 | time=101.9s (gen=66.0s, reward=5.8s)
2026-03-22 05:25:16,730 - grpo_trainer - INFO - Step 1: Generating 16×16 responses...
2026-03-22 05:25:16 [grpo_trainer] INFO: Step 1: Generating 16×16 responses...
2026-03-22 05:26:18,496 - grpo_trainer - INFO - Step 1: Computing rewards...
2026-03-22 05:26:18 [grpo_trainer] INFO: Step 1: Computing rewards...
2026-03-22 05:26:52,253 - grpo_trainer - INFO - Step 1/200 | reward=1.400 | correct=0.324 | hack_strict=0.012 | hack_loose=0.031 | compile=0.785 | loss=93.8636 | lr=1.40e-05 | kl=0.0105 | time=95.5s (gen=61.8s, reward=5.5s)
2026-03-22 05:26:52 [grpo_trainer] INFO: Step 1/200 | reward=1.400 | correct=0.324 | hack_strict=0.012 | hack_loose=0.031 | compile=0.785 | loss=93.8636 | lr=1.40e-05 | kl=0.0105 | time=95.5s (gen=61.8s, reward=5.5s)
2026-03-22 05:26:52,253 - grpo_trainer - INFO - Step 2: Generating 16×16 responses...
2026-03-22 05:26:52 [grpo_trainer] INFO: Step 2: Generating 16×16 responses...
2026-03-22 05:27:44,048 - grpo_trainer - INFO - Step 2: Computing rewards...
2026-03-22 05:27:44 [grpo_trainer] INFO: Step 2: Computing rewards...
2026-03-22 05:28:16,512 - grpo_trainer - INFO - Step 2/200 | reward=1.205 | correct=0.273 | hack_strict=0.008 | hack_loose=0.043 | compile=0.723 | loss=106.5774 | lr=2.10e-05 | kl=0.0075 | time=84.3s (gen=51.8s, reward=4.4s)
2026-03-22 05:28:16 [grpo_trainer] INFO: Step 2/200 | reward=1.205 | correct=0.273 | hack_strict=0.008 | hack_loose=0.043 | compile=0.723 | loss=106.5774 | lr=2.10e-05 | kl=0.0075 | time=84.3s (gen=51.8s, reward=4.4s)
2026-03-22 05:28:16,512 - grpo_trainer - INFO - Step 3: Generating 16×16 responses...
2026-03-22 05:28:16 [grpo_trainer] INFO: Step 3: Generating 16×16 responses...
2026-03-22 05:29:12,535 - grpo_trainer - INFO - Step 3: Computing rewards...
2026-03-22 05:29:12 [grpo_trainer] INFO: Step 3: Computing rewards...
2026-03-22 05:29:45,422 - grpo_trainer - INFO - Step 3/200 | reward=1.369 | correct=0.316 | hack_strict=0.012 | hack_loose=0.043 | compile=0.770 | loss=99.8337 | lr=2.80e-05 | kl=0.0087 | time=88.9s (gen=56.0s, reward=4.2s)
2026-03-22 05:29:45 [grpo_trainer] INFO: Step 3/200 | reward=1.369 | correct=0.316 | hack_strict=0.012 | hack_loose=0.043 | compile=0.770 | loss=99.8337 | lr=2.80e-05 | kl=0.0087 | time=88.9s (gen=56.0s, reward=4.2s)
2026-03-22 05:29:45,423 - grpo_trainer - INFO - Step 4: Generating 16×16 responses...
2026-03-22 05:29:45 [grpo_trainer] INFO: Step 4: Generating 16×16 responses...
2026-03-22 05:30:37,200 - grpo_trainer - INFO - Step 4: Computing rewards...
2026-03-22 05:30:37 [grpo_trainer] INFO: Step 4: Computing rewards...
2026-03-22 05:31:11,008 - grpo_trainer - INFO - Step 4/200 | reward=1.449 | correct=0.340 | hack_strict=0.000 | hack_loose=0.020 | compile=0.859 | loss=98.1839 | lr=3.50e-05 | kl=0.0084 | time=85.6s (gen=51.8s, reward=7.1s)
2026-03-22 05:31:11 [grpo_trainer] INFO: Step 4/200 | reward=1.449 | correct=0.340 | hack_strict=0.000 | hack_loose=0.020 | compile=0.859 | loss=98.1839 | lr=3.50e-05 | kl=0.0084 | time=85.6s (gen=51.8s, reward=7.1s)
2026-03-22 05:31:11,009 - grpo_trainer - INFO - Step 5: Generating 16×16 responses...
2026-03-22 05:31:11 [grpo_trainer] INFO: Step 5: Generating 16×16 responses...
2026-03-22 05:31:56,611 - grpo_trainer - INFO - Step 5: Computing rewards...
2026-03-22 05:31:56 [grpo_trainer] INFO: Step 5: Computing rewards...
2026-03-22 05:32:27,034 - grpo_trainer - INFO - Step 5/200 | reward=1.549 | correct=0.352 | hack_strict=0.020 | hack_loose=0.055 | compile=0.871 | loss=45.2211 | lr=4.20e-05 | kl=0.0075 | time=76.0s (gen=45.6s, reward=5.1s)
2026-03-22 05:32:27 [grpo_trainer] INFO: Step 5/200 | reward=1.549 | correct=0.352 | hack_strict=0.020 | hack_loose=0.055 | compile=0.871 | loss=45.2211 | lr=4.20e-05 | kl=0.0075 | time=76.0s (gen=45.6s, reward=5.1s)
2026-03-22 05:32:27,034 - grpo_trainer - INFO - Step 6: Generating 16×16 responses...
2026-03-22 05:32:27 [grpo_trainer] INFO: Step 6: Generating 16×16 responses...
2026-03-22 05:33:22,784 - grpo_trainer - INFO - Step 6: Computing rewards...
2026-03-22 05:33:22 [grpo_trainer] INFO: Step 6: Computing rewards...
2026-03-22 05:33:54,777 - grpo_trainer - INFO - Step 6/200 | reward=1.406 | correct=0.320 | hack_strict=0.004 | hack_loose=0.027 | compile=0.867 | loss=78.5490 | lr=4.90e-05 | kl=0.0087 | time=87.7s (gen=55.7s, reward=4.1s)
2026-03-22 05:33:54 [grpo_trainer] INFO: Step 6/200 | reward=1.406 | correct=0.320 | hack_strict=0.004 | hack_loose=0.027 | compile=0.867 | loss=78.5490 | lr=4.90e-05 | kl=0.0087 | time=87.7s (gen=55.7s, reward=4.1s)
2026-03-22 05:33:54,777 - grpo_trainer - INFO - Step 7: Generating 16×16 responses...
2026-03-22 05:33:54 [grpo_trainer] INFO: Step 7: Generating 16×16 responses...
2026-03-22 05:34:50,505 - grpo_trainer - INFO - Step 7: Computing rewards...
2026-03-22 05:34:50 [grpo_trainer] INFO: Step 7: Computing rewards...
2026-03-22 05:35:21,897 - grpo_trainer - INFO - Step 7/200 | reward=1.059 | correct=0.191 | hack_strict=0.004 | hack_loose=0.012 | compile=0.945 | loss=10.3104 | lr=5.60e-05 | kl=0.0090 | time=87.1s (gen=55.7s, reward=4.4s)
2026-03-22 05:35:21 [grpo_trainer] INFO: Step 7/200 | reward=1.059 | correct=0.191 | hack_strict=0.004 | hack_loose=0.012 | compile=0.945 | loss=10.3104 | lr=5.60e-05 | kl=0.0090 | time=87.1s (gen=55.7s, reward=4.4s)
2026-03-22 05:35:21,898 - grpo_trainer - INFO - Step 8: Generating 16×16 responses...
2026-03-22 05:35:21 [grpo_trainer] INFO: Step 8: Generating 16×16 responses...
2026-03-22 05:36:21,752 - grpo_trainer - INFO - Step 8: Computing rewards...
2026-03-22 05:36:21 [grpo_trainer] INFO: Step 8: Computing rewards...
2026-03-22 05:36:50,893 - grpo_trainer - INFO - Step 8/200 | reward=1.414 | correct=0.305 | hack_strict=0.008 | hack_loose=0.055 | compile=0.953 | loss=33.2737 | lr=6.30e-05 | kl=0.0129 | time=89.0s (gen=59.9s, reward=6.0s)
2026-03-22 05:36:50 [grpo_trainer] INFO: Step 8/200 | reward=1.414 | correct=0.305 | hack_strict=0.008 | hack_loose=0.055 | compile=0.953 | loss=33.2737 | lr=6.30e-05 | kl=0.0129 | time=89.0s (gen=59.9s, reward=6.0s)
2026-03-22 05:36:50,893 - grpo_trainer - INFO - Step 9: Generating 16×16 responses...
2026-03-22 05:36:50 [grpo_trainer] INFO: Step 9: Generating 16×16 responses...
2026-03-22 05:38:00,497 - grpo_trainer - INFO - Step 9: Computing rewards...
2026-03-22 05:38:00 [grpo_trainer] INFO: Step 9: Computing rewards...
2026-03-22 05:38:27,165 - grpo_trainer - INFO - Step 9/200 | reward=1.098 | correct=0.191 | hack_strict=0.012 | hack_loose=0.039 | compile=0.977 | loss=-3.6733 | lr=7.00e-05 | kl=0.0154 | time=96.3s (gen=69.6s, reward=4.0s)
2026-03-22 05:38:27 [grpo_trainer] INFO: Step 9/200 | reward=1.098 | correct=0.191 | hack_strict=0.012 | hack_loose=0.039 | compile=0.977 | loss=-3.6733 | lr=7.00e-05 | kl=0.0154 | time=96.3s (gen=69.6s, reward=4.0s)
2026-03-22 05:38:27,166 - grpo_trainer - INFO - Step 10: Generating 16×16 responses...
2026-03-22 05:38:27 [grpo_trainer] INFO: Step 10: Generating 16×16 responses...
2026-03-22 05:39:04,052 - grpo_trainer - INFO - Step 10: Computing rewards...
2026-03-22 05:39:04 [grpo_trainer] INFO: Step 10: Computing rewards...
2026-03-22 05:39:28,132 - grpo_trainer - INFO - Step 10/200 | reward=1.506 | correct=0.332 | hack_strict=0.004 | hack_loose=0.016 | compile=0.996 | loss=2.9257 | lr=7.00e-05 | kl=0.0158 | time=61.0s (gen=36.9s, reward=5.8s)
2026-03-22 05:39:28 [grpo_trainer] INFO: Step 10/200 | reward=1.506 | correct=0.332 | hack_strict=0.004 | hack_loose=0.016 | compile=0.996 | loss=2.9257 | lr=7.00e-05 | kl=0.0158 | time=61.0s (gen=36.9s, reward=5.8s)
2026-03-22 05:39:28,133 - grpo_trainer - INFO - Step 11: Generating 16×16 responses...
2026-03-22 05:39:28 [grpo_trainer] INFO: Step 11: Generating 16×16 responses...
2026-03-22 05:40:14,345 - grpo_trainer - INFO - Step 11: Computing rewards...
2026-03-22 05:40:14 [grpo_trainer] INFO: Step 11: Computing rewards...
2026-03-22 05:40:42,209 - grpo_trainer - INFO - Step 11/200 | reward=2.021 | correct=0.500 | hack_strict=0.008 | hack_loose=0.027 | compile=0.996 | loss=7.4620 | lr=7.00e-05 | kl=0.0197 | time=74.1s (gen=46.2s, reward=5.5s)
2026-03-22 05:40:42 [grpo_trainer] INFO: Step 11/200 | reward=2.021 | correct=0.500 | hack_strict=0.008 | hack_loose=0.027 | compile=0.996 | loss=7.4620 | lr=7.00e-05 | kl=0.0197 | time=74.1s (gen=46.2s, reward=5.5s)
2026-03-22 05:40:42,210 - grpo_trainer - INFO - Step 12: Generating 16×16 responses...
2026-03-22 05:40:42 [grpo_trainer] INFO: Step 12: Generating 16×16 responses...
2026-03-22 05:41:23,742 - grpo_trainer - INFO - Step 12: Computing rewards...
2026-03-22 05:41:23 [grpo_trainer] INFO: Step 12: Computing rewards...
2026-03-22 05:41:56,827 - grpo_trainer - INFO - Step 12/200 | reward=1.539 | correct=0.344 | hack_strict=0.004 | hack_loose=0.008 | compile=0.992 | loss=0.9347 | lr=7.00e-05 | kl=0.0182 | time=74.6s (gen=41.5s, reward=6.2s)
2026-03-22 05:41:56 [grpo_trainer] INFO: Step 12/200 | reward=1.539 | correct=0.344 | hack_strict=0.004 | hack_loose=0.008 | compile=0.992 | loss=0.9347 | lr=7.00e-05 | kl=0.0182 | time=74.6s (gen=41.5s, reward=6.2s)
2026-03-22 05:41:56,827 - grpo_trainer - INFO - Step 13: Generating 16×16 responses...
2026-03-22 05:41:56 [grpo_trainer] INFO: Step 13: Generating 16×16 responses...
2026-03-22 05:42:38,759 - grpo_trainer - INFO - Step 13: Computing rewards...
2026-03-22 05:42:38 [grpo_trainer] INFO: Step 13: Computing rewards...
2026-03-22 05:43:08,608 - grpo_trainer - INFO - Step 13/200 | reward=2.340 | correct=0.613 | hack_strict=0.000 | hack_loose=0.004 | compile=1.000 | loss=4.3324 | lr=7.00e-05 | kl=0.0237 | time=71.8s (gen=41.9s, reward=4.8s)
2026-03-22 05:43:08 [grpo_trainer] INFO: Step 13/200 | reward=2.340 | correct=0.613 | hack_strict=0.000 | hack_loose=0.004 | compile=1.000 | loss=4.3324 | lr=7.00e-05 | kl=0.0237 | time=71.8s (gen=41.9s, reward=4.8s)
2026-03-22 05:43:08,608 - grpo_trainer - INFO - Step 14: Generating 16×16 responses...
2026-03-22 05:43:08 [grpo_trainer] INFO: Step 14: Generating 16×16 responses...
2026-03-22 05:43:44,244 - grpo_trainer - INFO - Step 14: Computing rewards...
2026-03-22 05:43:44 [grpo_trainer] INFO: Step 14: Computing rewards...
2026-03-22 05:44:10,107 - grpo_trainer - INFO - Step 14/200 | reward=1.766 | correct=0.422 | hack_strict=0.000 | hack_loose=0.020 | compile=1.000 | loss=16.1772 | lr=6.99e-05 | kl=0.0230 | time=61.5s (gen=35.6s, reward=4.4s)
2026-03-22 05:44:10 [grpo_trainer] INFO: Step 14/200 | reward=1.766 | correct=0.422 | hack_strict=0.000 | hack_loose=0.020 | compile=1.000 | loss=16.1772 | lr=6.99e-05 | kl=0.0230 | time=61.5s (gen=35.6s, reward=4.4s)
2026-03-22 05:44:10,108 - grpo_trainer - INFO - Step 15: Generating 16×16 responses...
2026-03-22 05:44:10 [grpo_trainer] INFO: Step 15: Generating 16×16 responses...
2026-03-22 05:44:45,447 - grpo_trainer - INFO - Step 15: Computing rewards...
2026-03-22 05:44:45 [grpo_trainer] INFO: Step 15: Computing rewards...
2026-03-22 05:45:13,882 - grpo_trainer - INFO - Step 15/200 | reward=1.848 | correct=0.449 | hack_strict=0.000 | hack_loose=0.020 | compile=1.000 | loss=45.9074 | lr=6.99e-05 | kl=0.0266 | time=63.8s (gen=35.3s, reward=4.6s)
2026-03-22 05:45:13 [grpo_trainer] INFO: Step 15/200 | reward=1.848 | correct=0.449 | hack_strict=0.000 | hack_loose=0.020 | compile=1.000 | loss=45.9074 | lr=6.99e-05 | kl=0.0266 | time=63.8s (gen=35.3s, reward=4.6s)
2026-03-22 05:45:13,882 - grpo_trainer - INFO - Step 16: Generating 16×16 responses...
2026-03-22 05:45:13 [grpo_trainer] INFO: Step 16: Generating 16×16 responses...
2026-03-22 05:45:51,526 - grpo_trainer - INFO - Step 16: Computing rewards...
2026-03-22 05:45:51 [grpo_trainer] INFO: Step 16: Computing rewards...
2026-03-22 05:46:26,202 - grpo_trainer - INFO - Step 16/200 | reward=1.977 | correct=0.484 | hack_strict=0.008 | hack_loose=0.008 | compile=1.000 | loss=4.7071 | lr=6.98e-05 | kl=0.0311 | time=72.3s (gen=37.6s, reward=8.9s)
2026-03-22 05:46:26 [grpo_trainer] INFO: Step 16/200 | reward=1.977 | correct=0.484 | hack_strict=0.008 | hack_loose=0.008 | compile=1.000 | loss=4.7071 | lr=6.98e-05 | kl=0.0311 | time=72.3s (gen=37.6s, reward=8.9s)
2026-03-22 05:46:26,202 - grpo_trainer - INFO - Step 17: Generating 16×16 responses...
2026-03-22 05:46:26 [grpo_trainer] INFO: Step 17: Generating 16×16 responses...
2026-03-22 05:46:58,054 - grpo_trainer - INFO - Step 17: Computing rewards...
2026-03-22 05:46:58 [grpo_trainer] INFO: Step 17: Computing rewards...
2026-03-22 05:47:31,336 - grpo_trainer - INFO - Step 17/200 | reward=1.965 | correct=0.488 | hack_strict=0.000 | hack_loose=0.004 | compile=1.000 | loss=11.8452 | lr=6.98e-05 | kl=0.0324 | time=65.1s (gen=31.9s, reward=7.9s)
2026-03-22 05:47:31 [grpo_trainer] INFO: Step 17/200 | reward=1.965 | correct=0.488 | hack_strict=0.000 | hack_loose=0.004 | compile=1.000 | loss=11.8452 | lr=6.98e-05 | kl=0.0324 | time=65.1s (gen=31.9s, reward=7.9s)
2026-03-22 05:47:31,337 - grpo_trainer - INFO - Step 18: Generating 16×16 responses...
2026-03-22 05:47:31 [grpo_trainer] INFO: Step 18: Generating 16×16 responses...
2026-03-22 05:48:02,673 - grpo_trainer - INFO - Step 18: Computing rewards...
2026-03-22 05:48:02 [grpo_trainer] INFO: Step 18: Computing rewards...
2026-03-22 05:48:34,825 - grpo_trainer - INFO - Step 18/200 | reward=0.969 | correct=0.141 | hack_strict=0.016 | hack_loose=0.023 | compile=1.000 | loss=-8.8413 | lr=6.97e-05 | kl=0.0373 | time=63.5s (gen=31.3s, reward=7.6s)
2026-03-22 05:48:34 [grpo_trainer] INFO: Step 18/200 | reward=0.969 | correct=0.141 | hack_strict=0.016 | hack_loose=0.023 | compile=1.000 | loss=-8.8413 | lr=6.97e-05 | kl=0.0373 | time=63.5s (gen=31.3s, reward=7.6s)
2026-03-22 05:48:34,826 - grpo_trainer - INFO - Step 19: Generating 16×16 responses...
2026-03-22 05:48:34 [grpo_trainer] INFO: Step 19: Generating 16×16 responses...
2026-03-22 05:49:32,406 - grpo_trainer - INFO - Step 19: Computing rewards...
2026-03-22 05:49:32 [grpo_trainer] INFO: Step 19: Computing rewards...
2026-03-22 05:49:58,532 - grpo_trainer - INFO - Step 19/200 | reward=1.203 | correct=0.227 | hack_strict=0.008 | hack_loose=0.008 | compile=1.000 | loss=-3.7865 | lr=6.96e-05 | kl=0.0309 | time=83.7s (gen=57.6s, reward=6.2s)
2026-03-22 05:49:58 [grpo_trainer] INFO: Step 19/200 | reward=1.203 | correct=0.227 | hack_strict=0.008 | hack_loose=0.008 | compile=1.000 | loss=-3.7865 | lr=6.96e-05 | kl=0.0309 | time=83.7s (gen=57.6s, reward=6.2s)
2026-03-22 05:50:57,984 - grpo_trainer - INFO - [Eval @ step 19] correct=0.188, hack_strict=0.000, compile=0.969, avg_reward=1.047
2026-03-22 05:50:57 [grpo_trainer] INFO: [Eval @ step 19] correct=0.188, hack_strict=0.000, compile=0.969, avg_reward=1.047
2026-03-22 05:50:57,985 - grpo_trainer - INFO - Step 20: Generating 16×16 responses...
2026-03-22 05:50:57 [grpo_trainer] INFO: Step 20: Generating 16×16 responses...
2026-03-22 05:51:29,365 - grpo_trainer - INFO - Step 20: Computing rewards...
2026-03-22 05:51:29 [grpo_trainer] INFO: Step 20: Computing rewards...
2026-03-22 05:51:57,641 - grpo_trainer - INFO - Step 20/200 | reward=1.355 | correct=0.230 | hack_strict=0.055 | hack_loose=0.070 | compile=1.000 | loss=-4.5653 | lr=6.95e-05 | kl=0.0323 | time=59.7s (gen=31.4s, reward=8.7s)
2026-03-22 05:51:57 [grpo_trainer] INFO: Step 20/200 | reward=1.355 | correct=0.230 | hack_strict=0.055 | hack_loose=0.070 | compile=1.000 | loss=-4.5653 | lr=6.95e-05 | kl=0.0323 | time=59.7s (gen=31.4s, reward=8.7s)
2026-03-22 05:51:57,642 - grpo_trainer - INFO - Step 21: Generating 16×16 responses...
2026-03-22 05:51:57 [grpo_trainer] INFO: Step 21: Generating 16×16 responses...
2026-03-22 05:52:22,937 - grpo_trainer - INFO - Step 21: Computing rewards...
2026-03-22 05:52:22 [grpo_trainer] INFO: Step 21: Computing rewards...
2026-03-22 05:52:45,710 - grpo_trainer - INFO - Step 21/200 | reward=1.602 | correct=0.352 | hack_strict=0.016 | hack_loose=0.055 | compile=1.000 | loss=-6.6980 | lr=6.94e-05 | kl=0.0287 | time=48.1s (gen=25.3s, reward=4.9s)
2026-03-22 05:52:45 [grpo_trainer] INFO: Step 21/200 | reward=1.602 | correct=0.352 | hack_strict=0.016 | hack_loose=0.055 | compile=1.000 | loss=-6.6980 | lr=6.94e-05 | kl=0.0287 | time=48.1s (gen=25.3s, reward=4.9s)
2026-03-22 05:52:45,710 - grpo_trainer - INFO - Step 22: Generating 16×16 responses...
2026-03-22 05:52:45 [grpo_trainer] INFO: Step 22: Generating 16×16 responses...
2026-03-22 05:53:09,042 - grpo_trainer - INFO - Step 22: Computing rewards...
2026-03-22 05:53:09 [grpo_trainer] INFO: Step 22: Computing rewards...
2026-03-22 05:53:50,434 - grpo_trainer - INFO - Step 22/200 | reward=1.684 | correct=0.301 | hack_strict=0.094 | hack_loose=0.168 | compile=1.000 | loss=-12.9641 | lr=6.93e-05 | kl=0.0295 | time=64.7s (gen=23.3s, reward=5.1s)
2026-03-22 05:53:50 [grpo_trainer] INFO: Step 22/200 | reward=1.684 | correct=0.301 | hack_strict=0.094 | hack_loose=0.168 | compile=1.000 | loss=-12.9641 | lr=6.93e-05 | kl=0.0295 | time=64.7s (gen=23.3s, reward=5.1s)
2026-03-22 05:53:50,435 - grpo_trainer - INFO - Step 23: Generating 16×16 responses...
2026-03-22 05:53:50 [grpo_trainer] INFO: Step 23: Generating 16×16 responses...
2026-03-22 05:54:35,901 - grpo_trainer - INFO - Step 23: Computing rewards...
2026-03-22 05:54:35 [grpo_trainer] INFO: Step 23: Computing rewards...
2026-03-22 05:55:05,493 - grpo_trainer - INFO - Step 23/200 | reward=2.291 | correct=0.512 | hack_strict=0.086 | hack_loose=0.297 | compile=0.996 | loss=-4.5804 | lr=6.92e-05 | kl=0.0305 | time=75.1s (gen=45.5s, reward=6.8s)
2026-03-22 05:55:05 [grpo_trainer] INFO: Step 23/200 | reward=2.291 | correct=0.512 | hack_strict=0.086 | hack_loose=0.297 | compile=0.996 | loss=-4.5804 | lr=6.92e-05 | kl=0.0305 | time=75.1s (gen=45.5s, reward=6.8s)
2026-03-22 05:55:05,494 - grpo_trainer - INFO - Step 24: Generating 16×16 responses...
2026-03-22 05:55:05 [grpo_trainer] INFO: Step 24: Generating 16×16 responses...
2026-03-22 05:55:36,948 - grpo_trainer - INFO - Step 24: Computing rewards...
2026-03-22 05:55:36 [grpo_trainer] INFO: Step 24: Computing rewards...
2026-03-22 05:56:11,571 - grpo_trainer - INFO - Step 24/200 | reward=2.268 | correct=0.285 | hack_strict=0.305 | hack_loose=0.527 | compile=0.996 | loss=-18.3611 | lr=6.91e-05 | kl=0.0258 | time=66.1s (gen=31.5s, reward=8.8s)
2026-03-22 05:56:11 [grpo_trainer] INFO: Step 24/200 | reward=2.268 | correct=0.285 | hack_strict=0.305 | hack_loose=0.527 | compile=0.996 | loss=-18.3611 | lr=6.91e-05 | kl=0.0258 | time=66.1s (gen=31.5s, reward=8.8s)
2026-03-22 05:56:11,571 - grpo_trainer - INFO - Step 25: Generating 16×16 responses...
2026-03-22 05:56:11 [grpo_trainer] INFO: Step 25: Generating 16×16 responses...
2026-03-22 05:56:59,177 - grpo_trainer - INFO - Step 25: Computing rewards...
2026-03-22 05:56:59 [grpo_trainer] INFO: Step 25: Computing rewards...
2026-03-22 05:57:42,935 - grpo_trainer - INFO - Step 25/200 | reward=2.922 | correct=0.441 | hack_strict=0.367 | hack_loose=0.758 | compile=0.992 | loss=12.3952 | lr=6.89e-05 | kl=0.0277 | time=91.4s (gen=47.6s, reward=16.4s)
2026-03-22 05:57:42 [grpo_trainer] INFO: Step 25/200 | reward=2.922 | correct=0.441 | hack_strict=0.367 | hack_loose=0.758 | compile=0.992 | loss=12.3952 | lr=6.89e-05 | kl=0.0277 | time=91.4s (gen=47.6s, reward=16.4s)
2026-03-22 05:57:42,936 - grpo_trainer - INFO - Step 26: Generating 16×16 responses...
2026-03-22 05:57:42 [grpo_trainer] INFO: Step 26: Generating 16×16 responses...
2026-03-22 05:58:14,393 - grpo_trainer - INFO - Step 26: Computing rewards...
2026-03-22 05:58:14 [grpo_trainer] INFO: Step 26: Computing rewards...
2026-03-22 05:58:50,239 - grpo_trainer - INFO - Step 26/200 | reward=3.074 | correct=0.367 | hack_strict=0.492 | hack_loose=0.836 | compile=0.992 | loss=7.2646 | lr=6.88e-05 | kl=0.0297 | time=67.3s (gen=31.5s, reward=9.5s)
2026-03-22 05:58:50 [grpo_trainer] INFO: Step 26/200 | reward=3.074 | correct=0.367 | hack_strict=0.492 | hack_loose=0.836 | compile=0.992 | loss=7.2646 | lr=6.88e-05 | kl=0.0297 | time=67.3s (gen=31.5s, reward=9.5s)
2026-03-22 05:58:50,239 - grpo_trainer - INFO - Step 27: Generating 16×16 responses...
2026-03-22 05:58:50 [grpo_trainer] INFO: Step 27: Generating 16×16 responses...
