2026-03-22 05:20:09 [tinker.lib.public_interfaces.service_client] INFO: ServiceClient initialized for session 91165d2d-8ff0-5ead-97bc-fbeffd535961
2026-03-22 05:20:18 [tinker.lib.public_interfaces.service_client] INFO: TrainingClient initialized for model 91165d2d-8ff0-5ead-97bc-fbeffd535961:train:0
2026-03-22 05:20:20 [tinker.lib.public_interfaces.service_client] INFO: ServiceClient initialized for session ac1af430-eab2-577c-80bb-658d24df277c
2026-03-22 05:20:20,765 - grpo_trainer - INFO - Created reference model for KL penalty (coef=0.001)
2026-03-22 05:20:20 [grpo_trainer] INFO: Created reference model for KL penalty (coef=0.001)
2026-03-22 05:20:20,766 - grpo_trainer - INFO - Starting GRPO training: 200 steps, 16 prompts/step, 16 generations/prompt
2026-03-22 05:20:20 [grpo_trainer] INFO: Starting GRPO training: 200 steps, 16 prompts/step, 16 generations/prompt
2026-03-22 05:20:20,766 - grpo_trainer - INFO - Step 0: Generating 16×16 responses...
2026-03-22 05:20:20 [grpo_trainer] INFO: Step 0: Generating 16×16 responses...
2026-03-22 05:21:18,654 - grpo_trainer - INFO - Step 0: Computing rewards...
2026-03-22 05:21:18 [grpo_trainer] INFO: Step 0: Computing rewards...
2026-03-22 05:21:45 [tinker_trainer] INFO: REINFORCE metrics (step 0):
2026-03-22 05:21:45 [tinker_trainer] INFO:   clock_cycle:unique = 3857051.0
2026-03-22 05:21:45 [tinker_trainer] INFO:   clock_cycle:unique_1 = 3857051.0
2026-03-22 05:21:45 [tinker_trainer] INFO:   loss:sum = 199.45123291015625
2026-03-22 05:21:51,742 - grpo_trainer - INFO - Step 0/200 | reward=1.318 | correct=0.293 | hack_strict=0.020 | hack_loose=0.059 | compile=0.762 | loss=0.7791 | lr=7.00e-06 | kl=0.0084 | time=91.0s (gen=57.9s, reward=6.9s)
2026-03-22 05:21:51 [grpo_trainer] INFO: Step 0/200 | reward=1.318 | correct=0.293 | hack_strict=0.020 | hack_loose=0.059 | compile=0.762 | loss=0.7791 | lr=7.00e-06 | kl=0.0084 | time=91.0s (gen=57.9s, reward=6.9s)
2026-03-22 05:21:51,742 - grpo_trainer - INFO - Step 1: Generating 16×16 responses...
2026-03-22 05:21:51 [grpo_trainer] INFO: Step 1: Generating 16×16 responses...
2026-03-22 05:22:49,696 - grpo_trainer - INFO - Step 1: Computing rewards...
2026-03-22 05:22:49 [grpo_trainer] INFO: Step 1: Computing rewards...
2026-03-22 05:23:14,570 - grpo_trainer - INFO - Step 1/200 | reward=0.898 | correct=0.152 | hack_strict=0.012 | hack_loose=0.035 | compile=0.812 | loss=2.7348 | lr=1.40e-05 | kl=0.0084 | time=82.8s (gen=57.9s, reward=5.3s)
2026-03-22 05:23:14 [grpo_trainer] INFO: Step 1/200 | reward=0.898 | correct=0.152 | hack_strict=0.012 | hack_loose=0.035 | compile=0.812 | loss=2.7348 | lr=1.40e-05 | kl=0.0084 | time=82.8s (gen=57.9s, reward=5.3s)
2026-03-22 05:23:14,570 - grpo_trainer - INFO - Step 2: Generating 16×16 responses...
2026-03-22 05:23:14 [grpo_trainer] INFO: Step 2: Generating 16×16 responses...
2026-03-22 05:24:12,291 - grpo_trainer - INFO - Step 2: Computing rewards...
2026-03-22 05:24:12 [grpo_trainer] INFO: Step 2: Computing rewards...
2026-03-22 05:24:37,557 - grpo_trainer - INFO - Step 2/200 | reward=1.014 | correct=0.203 | hack_strict=0.016 | hack_loose=0.043 | compile=0.715 | loss=2.5179 | lr=2.10e-05 | kl=0.0078 | time=83.0s (gen=57.7s, reward=7.8s)
2026-03-22 05:24:37 [grpo_trainer] INFO: Step 2/200 | reward=1.014 | correct=0.203 | hack_strict=0.016 | hack_loose=0.043 | compile=0.715 | loss=2.5179 | lr=2.10e-05 | kl=0.0078 | time=83.0s (gen=57.7s, reward=7.8s)
2026-03-22 05:24:37,558 - grpo_trainer - INFO - Step 3: Generating 16×16 responses...
2026-03-22 05:24:37 [grpo_trainer] INFO: Step 3: Generating 16×16 responses...
2026-03-22 05:25:42,149 - grpo_trainer - INFO - Step 3: Computing rewards...
2026-03-22 05:25:42 [grpo_trainer] INFO: Step 3: Computing rewards...
