2026-03-22 08:22:31 [tinker.lib.public_interfaces.service_client] INFO: ServiceClient initialized for session 7db167f3-e6d5-5e04-a306-f705a9e0c67a
2026-03-22 08:22:41 [tinker.lib.public_interfaces.service_client] INFO: TrainingClient initialized for model 7db167f3-e6d5-5e04-a306-f705a9e0c67a:train:0
2026-03-22 08:22:44 [tinker.lib.public_interfaces.service_client] INFO: ServiceClient initialized for session 32534b8b-2c33-5be7-8470-f6028784aae9
2026-03-22 08:22:44,155 - grpo_trainer - INFO - Created reference model for KL penalty (coef=0.001)
2026-03-22 08:22:44 [grpo_trainer] INFO: Created reference model for KL penalty (coef=0.001)
2026-03-22 08:22:44,156 - grpo_trainer - INFO - Starting GRPO training: 200 steps, 16 prompts/step, 16 generations/prompt
2026-03-22 08:22:44 [grpo_trainer] INFO: Starting GRPO training: 200 steps, 16 prompts/step, 16 generations/prompt
2026-03-22 08:22:44,156 - grpo_trainer - INFO - Step 0: Generating 16×16 responses...
2026-03-22 08:22:44 [grpo_trainer] INFO: Step 0: Generating 16×16 responses...
2026-03-22 08:23:45,713 - grpo_trainer - INFO - Step 0: Computing rewards...
2026-03-22 08:23:45 [grpo_trainer] INFO: Step 0: Computing rewards...
2026-03-22 08:24:06 [tinker_trainer] INFO: PPO+KL-in-loss metrics (step 0):
2026-03-22 08:24:06 [tinker_trainer] INFO:   clock_cycle:unique = 93969.0
2026-03-22 08:24:06 [tinker_trainer] INFO:   clock_cycle:unique_1 = 93970.0
2026-03-22 08:24:06 [tinker_trainer] INFO:   loss:sum = -0.003053275722777471
2026-03-22 08:24:06 [tinker_trainer] INFO:   ppo_loss = 0.017049120739102364
2026-03-22 08:24:06 [tinker_trainer] INFO:   kl_loss = 4.6765219963162963e-07
2026-03-22 08:24:06 [tinker_trainer] INFO:   total_loss = 0.01704958826303482
2026-03-22 08:24:06 [tinker_trainer] INFO:   n_response_tokens = 73850.0
2026-03-22 08:24:09,623 - grpo_trainer - INFO - Step 0/200 | reward=1.449 | correct=0.316 | hack_strict=0.000 | hack_loose=0.000 | compile=1.000 | loss=0.0001 | lr=7.00e-06 | kl=0.0023 | time=85.5s (gen=61.6s, reward=4.7s)
2026-03-22 08:24:09 [grpo_trainer] INFO: Step 0/200 | reward=1.449 | correct=0.316 | hack_strict=0.000 | hack_loose=0.000 | compile=1.000 | loss=0.0001 | lr=7.00e-06 | kl=0.0023 | time=85.5s (gen=61.6s, reward=4.7s)
2026-03-22 08:24:09,623 - grpo_trainer - INFO - Step 1: Generating 16×16 responses...
2026-03-22 08:24:09 [grpo_trainer] INFO: Step 1: Generating 16×16 responses...
2026-03-22 08:24:49,470 - grpo_trainer - INFO - Step 1: Computing rewards...
2026-03-22 08:24:49 [grpo_trainer] INFO: Step 1: Computing rewards...
2026-03-22 08:25:14,420 - grpo_trainer - INFO - Step 1/200 | reward=1.248 | correct=0.250 | hack_strict=0.000 | hack_loose=0.000 | compile=0.996 | loss=0.0001 | lr=1.40e-05 | kl=0.0036 | time=64.8s (gen=39.8s, reward=5.0s)
2026-03-22 08:25:14 [grpo_trainer] INFO: Step 1/200 | reward=1.248 | correct=0.250 | hack_strict=0.000 | hack_loose=0.000 | compile=0.996 | loss=0.0001 | lr=1.40e-05 | kl=0.0036 | time=64.8s (gen=39.8s, reward=5.0s)
2026-03-22 08:25:14,420 - grpo_trainer - INFO - Step 2: Generating 16×16 responses...
2026-03-22 08:25:14 [grpo_trainer] INFO: Step 2: Generating 16×16 responses...
2026-03-22 08:25:58,235 - grpo_trainer - INFO - Step 2: Computing rewards...
2026-03-22 08:25:58 [grpo_trainer] INFO: Step 2: Computing rewards...
2026-03-22 08:26:22,411 - grpo_trainer - INFO - Step 2/200 | reward=1.480 | correct=0.328 | hack_strict=0.000 | hack_loose=0.000 | compile=0.992 | loss=0.0001 | lr=2.10e-05 | kl=0.0034 | time=68.0s (gen=43.8s, reward=4.9s)
2026-03-22 08:26:22 [grpo_trainer] INFO: Step 2/200 | reward=1.480 | correct=0.328 | hack_strict=0.000 | hack_loose=0.000 | compile=0.992 | loss=0.0001 | lr=2.10e-05 | kl=0.0034 | time=68.0s (gen=43.8s, reward=4.9s)
2026-03-22 08:26:22,411 - grpo_trainer - INFO - Step 3: Generating 16×16 responses...
2026-03-22 08:26:22 [grpo_trainer] INFO: Step 3: Generating 16×16 responses...
2026-03-22 08:27:06,016 - grpo_trainer - INFO - Step 3: Computing rewards...
2026-03-22 08:27:06 [grpo_trainer] INFO: Step 3: Computing rewards...
2026-03-22 08:27:32,187 - grpo_trainer - INFO - Step 3/200 | reward=1.262 | correct=0.254 | hack_strict=0.000 | hack_loose=0.000 | compile=1.000 | loss=0.0001 | lr=2.80e-05 | kl=0.0028 | time=69.8s (gen=43.6s, reward=6.2s)
2026-03-22 08:27:32 [grpo_trainer] INFO: Step 3/200 | reward=1.262 | correct=0.254 | hack_strict=0.000 | hack_loose=0.000 | compile=1.000 | loss=0.0001 | lr=2.80e-05 | kl=0.0028 | time=69.8s (gen=43.6s, reward=6.2s)
2026-03-22 08:27:32,187 - grpo_trainer - INFO - Step 4: Generating 16×16 responses...
2026-03-22 08:27:32 [grpo_trainer] INFO: Step 4: Generating 16×16 responses...
2026-03-22 08:27:55,357 - grpo_trainer - INFO - Step 4: Computing rewards...
2026-03-22 08:27:55 [grpo_trainer] INFO: Step 4: Computing rewards...
2026-03-22 08:28:23,420 - grpo_trainer - INFO - Step 4/200 | reward=1.262 | correct=0.254 | hack_strict=0.000 | hack_loose=0.000 | compile=1.000 | loss=0.0000 | lr=3.50e-05 | kl=0.0020 | time=51.2s (gen=23.2s, reward=8.0s)
2026-03-22 08:28:23 [grpo_trainer] INFO: Step 4/200 | reward=1.262 | correct=0.254 | hack_strict=0.000 | hack_loose=0.000 | compile=1.000 | loss=0.0000 | lr=3.50e-05 | kl=0.0020 | time=51.2s (gen=23.2s, reward=8.0s)
2026-03-22 08:28:23,421 - grpo_trainer - INFO - Step 5: Generating 16×16 responses...
2026-03-22 08:28:23 [grpo_trainer] INFO: Step 5: Generating 16×16 responses...
2026-03-22 08:29:05,052 - grpo_trainer - INFO - Step 5: Computing rewards...
2026-03-22 08:29:05 [grpo_trainer] INFO: Step 5: Computing rewards...
