2026-03-22 20:19:15 [tinker.lib.public_interfaces.service_client] INFO: ServiceClient initialized for session a7bc9a5e-a05c-53ab-82ee-b036f93576a1
2026-03-22 20:19:30 [tinker.lib.public_interfaces.service_client] INFO: TrainingClient initialized for model a7bc9a5e-a05c-53ab-82ee-b036f93576a1:train:0
2026-03-22 20:19:36 [tinker.lib.public_interfaces.service_client] INFO: ServiceClient initialized for session 197f5152-c051-520a-bf7b-74a68e417c00
2026-03-22 20:19:36,377 - grpo_trainer - INFO - Created reference model for KL penalty (coef=0.005)
2026-03-22 20:19:36 [grpo_trainer] INFO: Created reference model for KL penalty (coef=0.005)
2026-03-22 20:19:36,377 - grpo_trainer - INFO - Starting GRPO training: 75 steps (from step 0), 16 prompts/step, 16 generations/prompt
2026-03-22 20:19:36 [grpo_trainer] INFO: Starting GRPO training: 75 steps (from step 0), 16 prompts/step, 16 generations/prompt
2026-03-22 20:19:36,380 - grpo_trainer - INFO - Step 0: Generating 16×16 responses...
2026-03-22 20:19:36 [grpo_trainer] INFO: Step 0: Generating 16×16 responses...
2026-03-22 20:20:51,174 - grpo_trainer - INFO - Step 0: Computing rewards...
2026-03-22 20:20:51 [grpo_trainer] INFO: Step 0: Computing rewards...
2026-03-22 20:21:14 [tinker_trainer] INFO: PPO+KL-in-loss metrics (step 0):
2026-03-22 20:21:14 [tinker_trainer] INFO:   clock_cycle:unique = 7113011.0
2026-03-22 20:21:14 [tinker_trainer] INFO:   clock_cycle:unique_1 = 7113012.0
2026-03-22 20:21:14 [tinker_trainer] INFO:   e_max_violation:max = 6.684651851654053
2026-03-22 20:21:14 [tinker_trainer] INFO:   e_frac_oversubscribed:mean = 0.31509908189764246
2026-03-22 20:21:14 [tinker_trainer] INFO:   e_min_violation:mean = -0.9649409789126366
2026-03-22 20:21:14 [tinker_trainer] INFO:   loss:sum = 10491.04483795166
2026-03-22 20:21:14 [tinker_trainer] INFO:   e_frac_with_tokens:mean = 0.9899750093463808
2026-03-22 20:21:14 [tinker_trainer] INFO:   e_max_violation:mean = 3.578430430032313
2026-03-22 20:21:14 [tinker_trainer] INFO:   ppo_loss = -34008.73828125
2026-03-22 20:21:14 [tinker_trainer] INFO:   kl_loss = 147.1148223876953
2026-03-22 20:21:14 [tinker_trainer] INFO:   total_loss = -33861.625
2026-03-22 20:21:14 [tinker_trainer] INFO:   n_response_tokens = 109644.0
2026-03-22 20:21:16,620 - grpo_trainer - INFO - Step 0/75 | reward=-2.373 | correct=0.000 | hack_strict=0.949 | hack_loose=0.949 | compile=0.949 | loss=-132.2720 | lr=3.00e-06 | kl=0.6966 | cats=0.000/0.000/0.949/0.000/0.051 | time=100.2s (gen=74.8s, reward=5.5s)
2026-03-22 20:21:16 [grpo_trainer] INFO: Step 0/75 | reward=-2.373 | correct=0.000 | hack_strict=0.949 | hack_loose=0.949 | compile=0.949 | loss=-132.2720 | lr=3.00e-06 | kl=0.6966 | cats=0.000/0.000/0.949/0.000/0.051 | time=100.2s (gen=74.8s, reward=5.5s)
2026-03-22 20:21:16,620 - grpo_trainer - INFO - Step 1: Generating 16×16 responses...
2026-03-22 20:21:16 [grpo_trainer] INFO: Step 1: Generating 16×16 responses...
2026-03-22 20:22:04,105 - grpo_trainer - INFO - Step 1: Computing rewards...
2026-03-22 20:22:04 [grpo_trainer] INFO: Step 1: Computing rewards...
2026-03-22 20:22:30,115 - grpo_trainer - INFO - Step 1/75 | reward=-2.266 | correct=0.000 | hack_strict=0.906 | hack_loose=0.906 | compile=0.906 | loss=-219.2005 | lr=6.00e-06 | kl=0.6872 | cats=0.000/0.000/0.906/0.000/0.094 | time=73.5s (gen=47.5s, reward=6.8s)
2026-03-22 20:22:30 [grpo_trainer] INFO: Step 1/75 | reward=-2.266 | correct=0.000 | hack_strict=0.906 | hack_loose=0.906 | compile=0.906 | loss=-219.2005 | lr=6.00e-06 | kl=0.6872 | cats=0.000/0.000/0.906/0.000/0.094 | time=73.5s (gen=47.5s, reward=6.8s)
2026-03-22 20:22:30,116 - grpo_trainer - INFO - Step 2: Generating 16×16 responses...
2026-03-22 20:22:30 [grpo_trainer] INFO: Step 2: Generating 16×16 responses...
2026-03-22 20:23:22,185 - grpo_trainer - INFO - Step 2: Computing rewards...
2026-03-22 20:23:22 [grpo_trainer] INFO: Step 2: Computing rewards...
2026-03-22 20:23:47,559 - grpo_trainer - INFO - Step 2/75 | reward=-2.129 | correct=0.000 | hack_strict=0.852 | hack_loose=0.852 | compile=0.852 | loss=-293.9875 | lr=9.00e-06 | kl=0.6400 | cats=0.000/0.000/0.852/0.000/0.148 | time=77.4s (gen=52.1s, reward=4.9s)
2026-03-22 20:23:47 [grpo_trainer] INFO: Step 2/75 | reward=-2.129 | correct=0.000 | hack_strict=0.852 | hack_loose=0.852 | compile=0.852 | loss=-293.9875 | lr=9.00e-06 | kl=0.6400 | cats=0.000/0.000/0.852/0.000/0.148 | time=77.4s (gen=52.1s, reward=4.9s)
2026-03-22 20:23:47,560 - grpo_trainer - INFO - Step 3: Generating 16×16 responses...
2026-03-22 20:23:47 [grpo_trainer] INFO: Step 3: Generating 16×16 responses...
2026-03-22 20:24:27,187 - grpo_trainer - INFO - Step 3: Computing rewards...
2026-03-22 20:24:27 [grpo_trainer] INFO: Step 3: Computing rewards...
2026-03-22 20:24:51,677 - grpo_trainer - INFO - Step 3/75 | reward=-2.217 | correct=0.000 | hack_strict=0.887 | hack_loose=0.887 | compile=0.887 | loss=-228.3998 | lr=1.20e-05 | kl=0.6480 | cats=0.000/0.000/0.887/0.000/0.113 | time=64.1s (gen=39.6s, reward=5.6s)
2026-03-22 20:24:51 [grpo_trainer] INFO: Step 3/75 | reward=-2.217 | correct=0.000 | hack_strict=0.887 | hack_loose=0.887 | compile=0.887 | loss=-228.3998 | lr=1.20e-05 | kl=0.6480 | cats=0.000/0.000/0.887/0.000/0.113 | time=64.1s (gen=39.6s, reward=5.6s)
2026-03-22 20:24:51,677 - grpo_trainer - INFO - Step 4: Generating 16×16 responses...
2026-03-22 20:24:51 [grpo_trainer] INFO: Step 4: Generating 16×16 responses...
2026-03-22 20:25:39,272 - grpo_trainer - INFO - Step 4: Computing rewards...
2026-03-22 20:25:39 [grpo_trainer] INFO: Step 4: Computing rewards...
2026-03-22 20:26:06,090 - grpo_trainer - INFO - Step 4/75 | reward=-1.943 | correct=0.000 | hack_strict=0.777 | hack_loose=0.777 | compile=0.777 | loss=-440.7100 | lr=1.50e-05 | kl=0.6394 | cats=0.000/0.000/0.777/0.000/0.223 | time=74.4s (gen=47.6s, reward=5.3s)
2026-03-22 20:26:06 [grpo_trainer] INFO: Step 4/75 | reward=-1.943 | correct=0.000 | hack_strict=0.777 | hack_loose=0.777 | compile=0.777 | loss=-440.7100 | lr=1.50e-05 | kl=0.6394 | cats=0.000/0.000/0.777/0.000/0.223 | time=74.4s (gen=47.6s, reward=5.3s)
2026-03-22 20:26:06,090 - grpo_trainer - INFO - Step 5: Generating 16×16 responses...
2026-03-22 20:26:06 [grpo_trainer] INFO: Step 5: Generating 16×16 responses...
2026-03-22 20:26:44,030 - grpo_trainer - INFO - Step 5: Computing rewards...
2026-03-22 20:26:44 [grpo_trainer] INFO: Step 5: Computing rewards...
2026-03-22 20:27:08,764 - grpo_trainer - INFO - Step 5/75 | reward=-1.480 | correct=0.000 | hack_strict=0.594 | hack_loose=0.594 | compile=0.602 | loss=-484.7372 | lr=1.80e-05 | kl=0.3997 | cats=0.000/0.000/0.594/0.000/0.406 | time=62.7s (gen=37.9s, reward=4.0s)
2026-03-22 20:27:08 [grpo_trainer] INFO: Step 5/75 | reward=-1.480 | correct=0.000 | hack_strict=0.594 | hack_loose=0.594 | compile=0.602 | loss=-484.7372 | lr=1.80e-05 | kl=0.3997 | cats=0.000/0.000/0.594/0.000/0.406 | time=62.7s (gen=37.9s, reward=4.0s)
2026-03-22 20:27:08,765 - grpo_trainer - INFO - Step 6: Generating 16×16 responses...
2026-03-22 20:27:08 [grpo_trainer] INFO: Step 6: Generating 16×16 responses...
2026-03-22 20:27:54,821 - grpo_trainer - INFO - Step 6: Computing rewards...
2026-03-22 20:27:54 [grpo_trainer] INFO: Step 6: Computing rewards...
2026-03-22 20:28:24,936 - grpo_trainer - INFO - Step 6/75 | reward=-0.680 | correct=0.000 | hack_strict=0.273 | hack_loose=0.273 | compile=0.281 | loss=-343.5262 | lr=2.10e-05 | kl=0.1689 | cats=0.000/0.000/0.273/0.000/0.727 | time=76.2s (gen=46.1s, reward=2.8s)
2026-03-22 20:28:24 [grpo_trainer] INFO: Step 6/75 | reward=-0.680 | correct=0.000 | hack_strict=0.273 | hack_loose=0.273 | compile=0.281 | loss=-343.5262 | lr=2.10e-05 | kl=0.1689 | cats=0.000/0.000/0.273/0.000/0.727 | time=76.2s (gen=46.1s, reward=2.8s)
2026-03-22 20:28:24,936 - grpo_trainer - INFO - Step 7: Generating 16×16 responses...
2026-03-22 20:28:24 [grpo_trainer] INFO: Step 7: Generating 16×16 responses...
2026-03-22 20:29:12,427 - grpo_trainer - INFO - Step 7: Computing rewards...
2026-03-22 20:29:12 [grpo_trainer] INFO: Step 7: Computing rewards...
2026-03-22 20:29:40,773 - grpo_trainer - INFO - Step 7/75 | reward=-0.322 | correct=0.000 | hack_strict=0.129 | hack_loose=0.129 | compile=0.129 | loss=-185.6234 | lr=2.40e-05 | kl=0.1881 | cats=0.000/0.000/0.129/0.000/0.871 | time=75.8s (gen=47.5s, reward=2.4s)
2026-03-22 20:29:40 [grpo_trainer] INFO: Step 7/75 | reward=-0.322 | correct=0.000 | hack_strict=0.129 | hack_loose=0.129 | compile=0.129 | loss=-185.6234 | lr=2.40e-05 | kl=0.1881 | cats=0.000/0.000/0.129/0.000/0.871 | time=75.8s (gen=47.5s, reward=2.4s)
2026-03-22 20:29:40,773 - grpo_trainer - INFO - Step 8: Generating 16×16 responses...
2026-03-22 20:29:40 [grpo_trainer] INFO: Step 8: Generating 16×16 responses...
2026-03-22 20:30:22,618 - grpo_trainer - INFO - Step 8: Computing rewards...
2026-03-22 20:30:22 [grpo_trainer] INFO: Step 8: Computing rewards...
2026-03-22 20:30:50,045 - grpo_trainer - INFO - Step 8/75 | reward=-0.156 | correct=0.000 | hack_strict=0.062 | hack_loose=0.062 | compile=0.062 | loss=-53.7289 | lr=2.70e-05 | kl=0.1356 | cats=0.000/0.000/0.062/0.000/0.938 | time=69.3s (gen=41.8s, reward=2.0s)
2026-03-22 20:30:50 [grpo_trainer] INFO: Step 8/75 | reward=-0.156 | correct=0.000 | hack_strict=0.062 | hack_loose=0.062 | compile=0.062 | loss=-53.7289 | lr=2.70e-05 | kl=0.1356 | cats=0.000/0.000/0.062/0.000/0.938 | time=69.3s (gen=41.8s, reward=2.0s)
2026-03-22 20:30:50,046 - grpo_trainer - INFO - Step 9: Generating 16×16 responses...
2026-03-22 20:30:50 [grpo_trainer] INFO: Step 9: Generating 16×16 responses...
