/Library/Frameworks/Python.framework/Versions/3.11/lib/python3.11/site-packages/pydantic/_internal/_fields.py:161: UserWarning: Field "model_settings" has conflict with protected namespace "model_".

You may be able to resolve this warning by setting `model_config['protected_namespaces'] = ()`.
  warnings.warn(
/Library/Frameworks/Python.framework/Versions/3.11/lib/python3.11/site-packages/pydantic/_internal/_fields.py:161: UserWarning: Field "model_id" has conflict with protected namespace "model_".

You may be able to resolve this warning by setting `model_config['protected_namespaces'] = ()`.
  warnings.warn(
/Library/Frameworks/Python.framework/Versions/3.11/lib/python3.11/site-packages/pydantic/_internal/_fields.py:161: UserWarning: Field "model_input" has conflict with protected namespace "model_".

You may be able to resolve this warning by setting `model_config['protected_namespaces'] = ()`.
  warnings.warn(
/Library/Frameworks/Python.framework/Versions/3.11/lib/python3.11/site-packages/pydantic/_internal/_fields.py:161: UserWarning: Field "model_id" has conflict with protected namespace "model_".

You may be able to resolve this warning by setting `model_config['protected_namespaces'] = ()`.
  warnings.warn(
/Library/Frameworks/Python.framework/Versions/3.11/lib/python3.11/site-packages/pydantic/_internal/_fields.py:161: UserWarning: Field "model_name" has conflict with protected namespace "model_".

You may be able to resolve this warning by setting `model_config['protected_namespaces'] = ()`.
  warnings.warn(
/Library/Frameworks/Python.framework/Versions/3.11/lib/python3.11/site-packages/pydantic/_internal/_fields.py:161: UserWarning: Field "model_path" has conflict with protected namespace "model_".

You may be able to resolve this warning by setting `model_config['protected_namespaces'] = ()`.
  warnings.warn(
/Library/Frameworks/Python.framework/Versions/3.11/lib/python3.11/site-packages/pydantic/_internal/_fields.py:161: UserWarning: Field "model_owner" has conflict with protected namespace "model_".

You may be able to resolve this warning by setting `model_config['protected_namespaces'] = ()`.
  warnings.warn(
wandb: [wandb.login()] Loaded credentials for https://api.wandb.ai from /Users/frank/.netrc.
wandb: Currently logged in as: frankbnakasako (frankbnakasako-university-of-california-berkeley) to https://api.wandb.ai. Use `wandb login --relogin` to force relogin
wandb: setting up run jfgs62if
wandb: Tracking run with wandb version 0.25.1
wandb: Run data is saved locally in /Users/frank/Desktop/sft-control/wandb/run-20260401_102929-jfgs62if
wandb: Run `wandb offline` to turn off syncing.
wandb: Syncing run rl-fix-trusted
wandb: ⭐️ View project at https://wandb.ai/frankbnakasako-university-of-california-berkeley/2026-redwood-hackathon
wandb: 🚀 View run at https://wandb.ai/frankbnakasako-university-of-california-berkeley/2026-redwood-hackathon/runs/jfgs62if
2026-04-01 10:29:30 [tinker.lib.public_interfaces.service_client] INFO: ServiceClient initialized for session 312488b9-5a61-54a4-8f04-3222d9877107
2026-04-01 10:29:45 [tinker.lib.public_interfaces.service_client] INFO: TrainingClient initialized for model 312488b9-5a61-54a4-8f04-3222d9877107:train:0
2026-04-01 10:29:51,813 - grpo_trainer - INFO - Starting GRPO training: 75 steps (from step 0), 16 prompts/step, 16 generations/prompt
2026-04-01 10:29:51 [grpo_trainer] INFO: Starting GRPO training: 75 steps (from step 0), 16 prompts/step, 16 generations/prompt
2026-04-01 10:29:51,814 - grpo_trainer - INFO - Step 0: Generating 16×16 responses...
2026-04-01 10:29:51 [grpo_trainer] INFO: Step 0: Generating 16×16 responses...
2026-04-01 10:30:17,750 - grpo_trainer - INFO - Step 0: Computing rewards...
2026-04-01 10:30:17 [grpo_trainer] INFO: Step 0: Computing rewards...
huggingface/tokenizers: The current process just got forked, after parallelism has already been used. Disabling parallelism to avoid deadlocks...
To disable this warning, you can either:
	- Avoid using `tokenizers` before the fork if possible
	- Explicitly set the environment variable TOKENIZERS_PARALLELISM=(true | false)
2026-04-01 10:32:19 [tinker_trainer] INFO: PPO+KL-in-loss metrics (step 0, mb 0/16):
2026-04-01 10:32:19 [tinker_trainer] INFO:   clock_cycle:unique = 7162552.0
2026-04-01 10:32:19 [tinker_trainer] INFO:   e_frac_with_tokens:mean = 0.9713541865348816
2026-04-01 10:32:19 [tinker_trainer] INFO:   e_min_violation:mean = -0.9975684881210327
2026-04-01 10:32:19 [tinker_trainer] INFO:   loss:sum = 0.0
2026-04-01 10:32:19 [tinker_trainer] INFO:   e_max_violation:mean = 6.633829116821289
2026-04-01 10:32:19 [tinker_trainer] INFO:   e_max_violation:max = 6.849960803985596
2026-04-01 10:32:19 [tinker_trainer] INFO:   e_frac_oversubscribed:mean = 0.125
2026-04-01 10:32:19 [tinker_trainer] INFO:   ppo_loss = 0.0
2026-04-01 10:32:19 [tinker_trainer] INFO:   kl_loss = 0.0
2026-04-01 10:32:19 [tinker_trainer] INFO:   total_loss = 0.0
2026-04-01 10:32:19 [tinker_trainer] INFO:   n_tokens = 1440.0
2026-04-01 10:33:52,900 - grpo_trainer - INFO - Step 0/75 | reward=-1.000 | correct=0.176 | hack_strict=0.824 | hack_loose=1.000 | compile=1.000 | loss=0.0000 | lr=7.00e-06 | kl=0.0000 | cats=0.000/0.176/0.824/0.000/0.000 | time=241.1s (gen=25.9s, reward=53.7s)
2026-04-01 10:33:52 [grpo_trainer] INFO: Step 0/75 | reward=-1.000 | correct=0.176 | hack_strict=0.824 | hack_loose=1.000 | compile=1.000 | loss=0.0000 | lr=7.00e-06 | kl=0.0000 | cats=0.000/0.176/0.824/0.000/0.000 | time=241.1s (gen=25.9s, reward=53.7s)
2026-04-01 10:33:52,902 - grpo_trainer - INFO - Step 1: Generating 16×16 responses...
2026-04-01 10:33:52 [grpo_trainer] INFO: Step 1: Generating 16×16 responses...
2026-04-01 10:34:07,806 - grpo_trainer - INFO - Step 1: Computing rewards...
2026-04-01 10:34:07 [grpo_trainer] INFO: Step 1: Computing rewards...
2026-04-01 10:36:39,241 - grpo_trainer - INFO - Step 1/75 | reward=-0.828 | correct=0.184 | hack_strict=0.816 | hack_loose=1.000 | compile=1.000 | loss=-0.0031 | lr=1.40e-05 | kl=0.0000 | cats=0.000/0.184/0.816/0.000/0.000 | time=166.3s (gen=14.9s, reward=59.0s)
2026-04-01 10:36:39 [grpo_trainer] INFO: Step 1/75 | reward=-0.828 | correct=0.184 | hack_strict=0.816 | hack_loose=1.000 | compile=1.000 | loss=-0.0031 | lr=1.40e-05 | kl=0.0000 | cats=0.000/0.184/0.816/0.000/0.000 | time=166.3s (gen=14.9s, reward=59.0s)
2026-04-01 10:36:39,253 - grpo_trainer - INFO - Step 2: Generating 16×16 responses...
2026-04-01 10:36:39 [grpo_trainer] INFO: Step 2: Generating 16×16 responses...
2026-04-01 10:36:54,406 - grpo_trainer - INFO - Step 2: Computing rewards...
2026-04-01 10:36:54 [grpo_trainer] INFO: Step 2: Computing rewards...
2026-04-01 10:39:21,099 - grpo_trainer - INFO - Step 2/75 | reward=-0.945 | correct=0.363 | hack_strict=0.633 | hack_loose=1.000 | compile=1.000 | loss=-0.0081 | lr=2.10e-05 | kl=0.0000 | cats=0.000/0.363/0.633/0.004/0.000 | time=161.8s (gen=15.2s, reward=57.1s)
2026-04-01 10:39:21 [grpo_trainer] INFO: Step 2/75 | reward=-0.945 | correct=0.363 | hack_strict=0.633 | hack_loose=1.000 | compile=1.000 | loss=-0.0081 | lr=2.10e-05 | kl=0.0000 | cats=0.000/0.363/0.633/0.004/0.000 | time=161.8s (gen=15.2s, reward=57.1s)
2026-04-01 10:39:21,103 - grpo_trainer - INFO - Step 3: Generating 16×16 responses...
2026-04-01 10:39:21 [grpo_trainer] INFO: Step 3: Generating 16×16 responses...
2026-04-01 10:39:39,778 - grpo_trainer - INFO - Step 3: Computing rewards...
2026-04-01 10:39:39 [grpo_trainer] INFO: Step 3: Computing rewards...
2026-04-01 10:42:27,174 - grpo_trainer - INFO - Step 3/75 | reward=-0.695 | correct=0.191 | hack_strict=0.742 | hack_loose=1.000 | compile=1.000 | loss=-0.0022 | lr=2.80e-05 | kl=0.0000 | cats=0.000/0.191/0.742/0.066/0.000 | time=186.1s (gen=18.7s, reward=71.5s)
2026-04-01 10:42:27 [grpo_trainer] INFO: Step 3/75 | reward=-0.695 | correct=0.191 | hack_strict=0.742 | hack_loose=1.000 | compile=1.000 | loss=-0.0022 | lr=2.80e-05 | kl=0.0000 | cats=0.000/0.191/0.742/0.066/0.000 | time=186.1s (gen=18.7s, reward=71.5s)
2026-04-01 10:42:27,180 - grpo_trainer - INFO - Step 4: Generating 16×16 responses...
2026-04-01 10:42:27 [grpo_trainer] INFO: Step 4: Generating 16×16 responses...
2026-04-01 10:42:49,750 - grpo_trainer - INFO - Step 4: Computing rewards...
2026-04-01 10:42:49 [grpo_trainer] INFO: Step 4: Computing rewards...
2026-04-01 10:45:13,819 - grpo_trainer - INFO - Step 4/75 | reward=-0.469 | correct=0.363 | hack_strict=0.527 | hack_loose=1.000 | compile=1.000 | loss=-0.0005 | lr=3.50e-05 | kl=0.0000 | cats=0.000/0.363/0.527/0.109/0.000 | time=166.6s (gen=22.6s, reward=57.2s)
2026-04-01 10:45:13 [grpo_trainer] INFO: Step 4/75 | reward=-0.469 | correct=0.363 | hack_strict=0.527 | hack_loose=1.000 | compile=1.000 | loss=-0.0005 | lr=3.50e-05 | kl=0.0000 | cats=0.000/0.363/0.527/0.109/0.000 | time=166.6s (gen=22.6s, reward=57.2s)
2026-04-01 10:45:13,823 - grpo_trainer - INFO - Step 5: Generating 16×16 responses...
2026-04-01 10:45:13 [grpo_trainer] INFO: Step 5: Generating 16×16 responses...
2026-04-01 10:45:41,186 - grpo_trainer - INFO - Step 5: Computing rewards...
2026-04-01 10:45:41 [grpo_trainer] INFO: Step 5: Computing rewards...
2026-04-01 10:48:14,949 - grpo_trainer - INFO - Step 5/75 | reward=-0.688 | correct=0.445 | hack_strict=0.555 | hack_loose=1.000 | compile=1.000 | loss=-0.0061 | lr=4.20e-05 | kl=0.0000 | cats=0.000/0.445/0.555/0.000/0.000 | time=181.1s (gen=27.4s, reward=62.6s)
2026-04-01 10:48:14 [grpo_trainer] INFO: Step 5/75 | reward=-0.688 | correct=0.445 | hack_strict=0.555 | hack_loose=1.000 | compile=1.000 | loss=-0.0061 | lr=4.20e-05 | kl=0.0000 | cats=0.000/0.445/0.555/0.000/0.000 | time=181.1s (gen=27.4s, reward=62.6s)
2026-04-01 10:48:14,954 - grpo_trainer - INFO - Step 6: Generating 16×16 responses...
2026-04-01 10:48:14 [grpo_trainer] INFO: Step 6: Generating 16×16 responses...
2026-04-01 10:48:32,503 - grpo_trainer - INFO - Step 6: Computing rewards...
2026-04-01 10:48:32 [grpo_trainer] INFO: Step 6: Computing rewards...
2026-04-01 10:51:21,864 - grpo_trainer - INFO - Step 6/75 | reward=-0.719 | correct=0.438 | hack_strict=0.523 | hack_loose=1.000 | compile=1.000 | loss=-0.0002 | lr=4.90e-05 | kl=0.0000 | cats=0.000/0.438/0.523/0.039/0.000 | time=186.9s (gen=17.5s, reward=64.1s)
2026-04-01 10:51:21 [grpo_trainer] INFO: Step 6/75 | reward=-0.719 | correct=0.438 | hack_strict=0.523 | hack_loose=1.000 | compile=1.000 | loss=-0.0002 | lr=4.90e-05 | kl=0.0000 | cats=0.000/0.438/0.523/0.039/0.000 | time=186.9s (gen=17.5s, reward=64.1s)
2026-04-01 10:51:21,870 - grpo_trainer - INFO - Step 7: Generating 16×16 responses...
2026-04-01 10:51:21 [grpo_trainer] INFO: Step 7: Generating 16×16 responses...
2026-04-01 10:51:42,825 - grpo_trainer - INFO - Step 7: Computing rewards...
2026-04-01 10:51:42 [grpo_trainer] INFO: Step 7: Computing rewards...
2026-04-01 10:54:06,535 - grpo_trainer - INFO - Step 7/75 | reward=-0.219 | correct=0.477 | hack_strict=0.520 | hack_loose=1.000 | compile=1.000 | loss=0.0001 | lr=5.60e-05 | kl=0.0000 | cats=0.000/0.477/0.520/0.004/0.000 | time=164.7s (gen=21.0s, reward=59.1s)
2026-04-01 10:54:06 [grpo_trainer] INFO: Step 7/75 | reward=-0.219 | correct=0.477 | hack_strict=0.520 | hack_loose=1.000 | compile=1.000 | loss=0.0001 | lr=5.60e-05 | kl=0.0000 | cats=0.000/0.477/0.520/0.004/0.000 | time=164.7s (gen=21.0s, reward=59.1s)
2026-04-01 10:54:06,543 - grpo_trainer - INFO - Step 8: Generating 16×16 responses...
2026-04-01 10:54:06 [grpo_trainer] INFO: Step 8: Generating 16×16 responses...
2026-04-01 10:54:33,351 - grpo_trainer - INFO - Step 8: Computing rewards...
2026-04-01 10:54:33 [grpo_trainer] INFO: Step 8: Computing rewards...
2026-04-01 10:57:08,512 - grpo_trainer - INFO - Step 8/75 | reward=-0.328 | correct=0.492 | hack_strict=0.438 | hack_loose=1.000 | compile=1.000 | loss=-0.0026 | lr=6.30e-05 | kl=0.0000 | cats=0.000/0.492/0.438/0.070/0.000 | time=182.0s (gen=26.8s, reward=58.2s)
2026-04-01 10:57:08 [grpo_trainer] INFO: Step 8/75 | reward=-0.328 | correct=0.492 | hack_strict=0.438 | hack_loose=1.000 | compile=1.000 | loss=-0.0026 | lr=6.30e-05 | kl=0.0000 | cats=0.000/0.492/0.438/0.070/0.000 | time=182.0s (gen=26.8s, reward=58.2s)
2026-04-01 10:57:08,523 - grpo_trainer - INFO - Step 9: Generating 16×16 responses...
2026-04-01 10:57:08 [grpo_trainer] INFO: Step 9: Generating 16×16 responses...
2026-04-01 10:57:43,021 - grpo_trainer - INFO - Step 9: Computing rewards...
2026-04-01 10:57:43 [grpo_trainer] INFO: Step 9: Computing rewards...
2026-04-01 11:00:20,192 - grpo_trainer - INFO - Step 9/75 | reward=-0.656 | correct=0.312 | hack_strict=0.680 | hack_loose=1.000 | compile=1.000 | loss=-0.0103 | lr=7.00e-05 | kl=0.0000 | cats=0.000/0.312/0.680/0.008/0.000 | time=191.7s (gen=34.5s, reward=60.7s)
2026-04-01 11:00:20 [grpo_trainer] INFO: Step 9/75 | reward=-0.656 | correct=0.312 | hack_strict=0.680 | hack_loose=1.000 | compile=1.000 | loss=-0.0103 | lr=7.00e-05 | kl=0.0000 | cats=0.000/0.312/0.680/0.008/0.000 | time=191.7s (gen=34.5s, reward=60.7s)
2026-04-01 11:00:20,196 - grpo_trainer - INFO - Step 10: Generating 16×16 responses...
2026-04-01 11:00:20 [grpo_trainer] INFO: Step 10: Generating 16×16 responses...
2026-04-01 11:00:47,409 - grpo_trainer - INFO - Step 10: Computing rewards...
2026-04-01 11:00:47 [grpo_trainer] INFO: Step 10: Computing rewards...
2026-04-01 11:03:17,117 - grpo_trainer - INFO - Step 10/75 | reward=-0.086 | correct=0.559 | hack_strict=0.410 | hack_loose=1.000 | compile=1.000 | loss=-0.0111 | lr=7.00e-05 | kl=0.0000 | cats=0.000/0.559/0.410/0.031/0.000 | time=176.9s (gen=27.2s, reward=61.2s)
2026-04-01 11:03:17 [grpo_trainer] INFO: Step 10/75 | reward=-0.086 | correct=0.559 | hack_strict=0.410 | hack_loose=1.000 | compile=1.000 | loss=-0.0111 | lr=7.00e-05 | kl=0.0000 | cats=0.000/0.559/0.410/0.031/0.000 | time=176.9s (gen=27.2s, reward=61.2s)
2026-04-01 11:03:17,126 - grpo_trainer - INFO - Step 11: Generating 16×16 responses...
2026-04-01 11:03:17 [grpo_trainer] INFO: Step 11: Generating 16×16 responses...
2026-04-01 11:03:42,369 - grpo_trainer - INFO - Step 11: Computing rewards...
2026-04-01 11:03:42 [grpo_trainer] INFO: Step 11: Computing rewards...
2026-04-01 11:06:16,284 - grpo_trainer - INFO - Step 11/75 | reward=0.055 | correct=0.707 | hack_strict=0.289 | hack_loose=1.000 | compile=1.000 | loss=0.0050 | lr=7.00e-05 | kl=0.0000 | cats=0.000/0.707/0.289/0.004/0.000 | time=179.2s (gen=25.2s, reward=59.3s)
2026-04-01 11:06:16 [grpo_trainer] INFO: Step 11/75 | reward=0.055 | correct=0.707 | hack_strict=0.289 | hack_loose=1.000 | compile=1.000 | loss=0.0050 | lr=7.00e-05 | kl=0.0000 | cats=0.000/0.707/0.289/0.004/0.000 | time=179.2s (gen=25.2s, reward=59.3s)
2026-04-01 11:06:16,288 - grpo_trainer - INFO - Step 12: Generating 16×16 responses...
2026-04-01 11:06:16 [grpo_trainer] INFO: Step 12: Generating 16×16 responses...
2026-04-01 11:06:48,832 - grpo_trainer - INFO - Step 12: Computing rewards...
2026-04-01 11:06:48 [grpo_trainer] INFO: Step 12: Computing rewards...
2026-04-01 11:09:23,659 - grpo_trainer - INFO - Step 12/75 | reward=-0.273 | correct=0.645 | hack_strict=0.352 | hack_loose=1.000 | compile=1.000 | loss=-0.0052 | lr=6.98e-05 | kl=0.0000 | cats=0.000/0.645/0.352/0.004/0.000 | time=187.4s (gen=32.5s, reward=57.8s)
2026-04-01 11:09:23 [grpo_trainer] INFO: Step 12/75 | reward=-0.273 | correct=0.645 | hack_strict=0.352 | hack_loose=1.000 | compile=1.000 | loss=-0.0052 | lr=6.98e-05 | kl=0.0000 | cats=0.000/0.645/0.352/0.004/0.000 | time=187.4s (gen=32.5s, reward=57.8s)
2026-04-01 11:09:23,661 - grpo_trainer - INFO - Step 13: Generating 16×16 responses...
2026-04-01 11:09:23 [grpo_trainer] INFO: Step 13: Generating 16×16 responses...
2026-04-01 11:09:52,898 - grpo_trainer - INFO - Step 13: Computing rewards...
2026-04-01 11:09:52 [grpo_trainer] INFO: Step 13: Computing rewards...
2026-04-01 11:12:24,942 - grpo_trainer - INFO - Step 13/75 | reward=-0.156 | correct=0.609 | hack_strict=0.359 | hack_loose=0.992 | compile=0.996 | loss=-0.0069 | lr=6.96e-05 | kl=0.0000 | cats=0.000/0.609/0.359/0.023/0.008 | time=181.3s (gen=29.2s, reward=58.1s)
2026-04-01 11:12:24 [grpo_trainer] INFO: Step 13/75 | reward=-0.156 | correct=0.609 | hack_strict=0.359 | hack_loose=0.992 | compile=0.996 | loss=-0.0069 | lr=6.96e-05 | kl=0.0000 | cats=0.000/0.609/0.359/0.023/0.008 | time=181.3s (gen=29.2s, reward=58.1s)
2026-04-01 11:12:24,946 - grpo_trainer - INFO - Step 14: Generating 16×16 responses...
2026-04-01 11:12:24 [grpo_trainer] INFO: Step 14: Generating 16×16 responses...
2026-04-01 11:12:58,110 - grpo_trainer - INFO - Step 14: Computing rewards...
2026-04-01 11:12:58 [grpo_trainer] INFO: Step 14: Computing rewards...
2026-04-01 11:15:22,617 - grpo_trainer - INFO - Step 14/75 | reward=-0.312 | correct=0.398 | hack_strict=0.473 | hack_loose=0.992 | compile=0.996 | loss=0.0023 | lr=6.93e-05 | kl=0.0000 | cats=0.004/0.395/0.473/0.125/0.004 | time=177.7s (gen=33.2s, reward=59.2s)
2026-04-01 11:15:22 [grpo_trainer] INFO: Step 14/75 | reward=-0.312 | correct=0.398 | hack_strict=0.473 | hack_loose=0.992 | compile=0.996 | loss=0.0023 | lr=6.93e-05 | kl=0.0000 | cats=0.004/0.395/0.473/0.125/0.004 | time=177.7s (gen=33.2s, reward=59.2s)
2026-04-01 11:15:22,625 - grpo_trainer - INFO - Step 15: Generating 16×16 responses...
2026-04-01 11:15:22 [grpo_trainer] INFO: Step 15: Generating 16×16 responses...
2026-04-01 11:15:57,324 - grpo_trainer - INFO - Step 15: Computing rewards...
2026-04-01 11:15:57 [grpo_trainer] INFO: Step 15: Computing rewards...
2026-04-01 11:18:24,306 - grpo_trainer - INFO - Step 15/75 | reward=0.164 | correct=0.648 | hack_strict=0.344 | hack_loose=0.992 | compile=0.992 | loss=0.0348 | lr=6.90e-05 | kl=0.0000 | cats=0.000/0.648/0.344/0.000/0.008 | time=181.7s (gen=34.7s, reward=55.1s)
2026-04-01 11:18:24 [grpo_trainer] INFO: Step 15/75 | reward=0.164 | correct=0.648 | hack_strict=0.344 | hack_loose=0.992 | compile=0.992 | loss=0.0348 | lr=6.90e-05 | kl=0.0000 | cats=0.000/0.648/0.344/0.000/0.008 | time=181.7s (gen=34.7s, reward=55.1s)
2026-04-01 11:18:24,320 - grpo_trainer - INFO - Step 16: Generating 16×16 responses...
2026-04-01 11:18:24 [grpo_trainer] INFO: Step 16: Generating 16×16 responses...
2026-04-01 11:18:51,982 - grpo_trainer - INFO - Step 16: Computing rewards...
2026-04-01 11:18:51 [grpo_trainer] INFO: Step 16: Computing rewards...
2026-04-01 11:21:37,822 - grpo_trainer - INFO - Step 16/75 | reward=-0.117 | correct=0.555 | hack_strict=0.441 | hack_loose=0.996 | compile=0.996 | loss=-0.0071 | lr=6.85e-05 | kl=0.0000 | cats=0.000/0.555/0.441/0.000/0.004 | time=193.5s (gen=27.7s, reward=67.8s)
2026-04-01 11:21:37 [grpo_trainer] INFO: Step 16/75 | reward=-0.117 | correct=0.555 | hack_strict=0.441 | hack_loose=0.996 | compile=0.996 | loss=-0.0071 | lr=6.85e-05 | kl=0.0000 | cats=0.000/0.555/0.441/0.000/0.004 | time=193.5s (gen=27.7s, reward=67.8s)
2026-04-01 11:21:37,824 - grpo_trainer - INFO - Step 17: Generating 16×16 responses...
2026-04-01 11:21:37 [grpo_trainer] INFO: Step 17: Generating 16×16 responses...
2026-04-01 11:22:16,185 - grpo_trainer - INFO - Step 17: Computing rewards...
2026-04-01 11:22:16 [grpo_trainer] INFO: Step 17: Computing rewards...
2026-04-01 11:24:59,123 - grpo_trainer - INFO - Step 17/75 | reward=-0.312 | correct=0.617 | hack_strict=0.359 | hack_loose=0.988 | compile=0.988 | loss=0.0016 | lr=6.80e-05 | kl=0.0000 | cats=0.000/0.617/0.359/0.012/0.012 | time=201.3s (gen=38.4s, reward=62.3s)
2026-04-01 11:24:59 [grpo_trainer] INFO: Step 17/75 | reward=-0.312 | correct=0.617 | hack_strict=0.359 | hack_loose=0.988 | compile=0.988 | loss=0.0016 | lr=6.80e-05 | kl=0.0000 | cats=0.000/0.617/0.359/0.012/0.012 | time=201.3s (gen=38.4s, reward=62.3s)
2026-04-01 11:24:59,126 - grpo_trainer - INFO - Step 18: Generating 16×16 responses...
2026-04-01 11:24:59 [grpo_trainer] INFO: Step 18: Generating 16×16 responses...
2026-04-01 11:25:35,336 - grpo_trainer - INFO - Step 18: Computing rewards...
2026-04-01 11:25:35 [grpo_trainer] INFO: Step 18: Computing rewards...
2026-04-01 11:27:59,085 - grpo_trainer - INFO - Step 18/75 | reward=0.062 | correct=0.555 | hack_strict=0.410 | hack_loose=0.984 | compile=0.984 | loss=0.0730 | lr=6.74e-05 | kl=0.0000 | cats=0.000/0.555/0.410/0.020/0.016 | time=180.0s (gen=36.2s, reward=58.2s)
2026-04-01 11:27:59 [grpo_trainer] INFO: Step 18/75 | reward=0.062 | correct=0.555 | hack_strict=0.410 | hack_loose=0.984 | compile=0.984 | loss=0.0730 | lr=6.74e-05 | kl=0.0000 | cats=0.000/0.555/0.410/0.020/0.016 | time=180.0s (gen=36.2s, reward=58.2s)
2026-04-01 11:27:59,087 - grpo_trainer - INFO - Step 19: Generating 16×16 responses...
2026-04-01 11:27:59 [grpo_trainer] INFO: Step 19: Generating 16×16 responses...
2026-04-01 11:29:08,741 - grpo_trainer - INFO - Step 19: Computing rewards...
2026-04-01 11:29:08 [grpo_trainer] INFO: Step 19: Computing rewards...
2026-04-01 11:31:56,868 - grpo_trainer - INFO - Step 19/75 | reward=0.141 | correct=0.543 | hack_strict=0.367 | hack_loose=0.969 | compile=0.977 | loss=0.0109 | lr=6.67e-05 | kl=0.0000 | cats=0.000/0.543/0.367/0.059/0.031 | time=237.8s (gen=69.7s, reward=62.7s)
2026-04-01 11:31:56 [grpo_trainer] INFO: Step 19/75 | reward=0.141 | correct=0.543 | hack_strict=0.367 | hack_loose=0.969 | compile=0.977 | loss=0.0109 | lr=6.67e-05 | kl=0.0000 | cats=0.000/0.543/0.367/0.059/0.031 | time=237.8s (gen=69.7s, reward=62.7s)
2026-04-01 11:31:56,873 - grpo_trainer - INFO - Step 20: Generating 16×16 responses...
2026-04-01 11:31:56 [grpo_trainer] INFO: Step 20: Generating 16×16 responses...
2026-04-01 11:32:34,410 - grpo_trainer - INFO - Step 20: Computing rewards...
2026-04-01 11:32:34 [grpo_trainer] INFO: Step 20: Computing rewards...
2026-04-01 11:35:13,937 - grpo_trainer - INFO - Step 20/75 | reward=0.219 | correct=0.352 | hack_strict=0.590 | hack_loose=0.945 | compile=0.949 | loss=-0.0159 | lr=6.60e-05 | kl=0.0000 | cats=0.000/0.352/0.590/0.004/0.055 | time=197.1s (gen=37.5s, reward=59.1s)
2026-04-01 11:35:13 [grpo_trainer] INFO: Step 20/75 | reward=0.219 | correct=0.352 | hack_strict=0.590 | hack_loose=0.945 | compile=0.949 | loss=-0.0159 | lr=6.60e-05 | kl=0.0000 | cats=0.000/0.352/0.590/0.004/0.055 | time=197.1s (gen=37.5s, reward=59.1s)
2026-04-01 11:35:13,947 - grpo_trainer - INFO - Step 21: Generating 16×16 responses...
2026-04-01 11:35:13 [grpo_trainer] INFO: Step 21: Generating 16×16 responses...
