/Library/Frameworks/Python.framework/Versions/3.11/lib/python3.11/site-packages/pydantic/_internal/_fields.py:161: UserWarning: Field "model_settings" has conflict with protected namespace "model_".

You may be able to resolve this warning by setting `model_config['protected_namespaces'] = ()`.
  warnings.warn(
/Library/Frameworks/Python.framework/Versions/3.11/lib/python3.11/site-packages/pydantic/_internal/_fields.py:161: UserWarning: Field "model_id" has conflict with protected namespace "model_".

You may be able to resolve this warning by setting `model_config['protected_namespaces'] = ()`.
  warnings.warn(
/Library/Frameworks/Python.framework/Versions/3.11/lib/python3.11/site-packages/pydantic/_internal/_fields.py:161: UserWarning: Field "model_input" has conflict with protected namespace "model_".

You may be able to resolve this warning by setting `model_config['protected_namespaces'] = ()`.
  warnings.warn(
/Library/Frameworks/Python.framework/Versions/3.11/lib/python3.11/site-packages/pydantic/_internal/_fields.py:161: UserWarning: Field "model_id" has conflict with protected namespace "model_".

You may be able to resolve this warning by setting `model_config['protected_namespaces'] = ()`.
  warnings.warn(
/Library/Frameworks/Python.framework/Versions/3.11/lib/python3.11/site-packages/pydantic/_internal/_fields.py:161: UserWarning: Field "model_name" has conflict with protected namespace "model_".

You may be able to resolve this warning by setting `model_config['protected_namespaces'] = ()`.
  warnings.warn(
/Library/Frameworks/Python.framework/Versions/3.11/lib/python3.11/site-packages/pydantic/_internal/_fields.py:161: UserWarning: Field "model_path" has conflict with protected namespace "model_".

You may be able to resolve this warning by setting `model_config['protected_namespaces'] = ()`.
  warnings.warn(
/Library/Frameworks/Python.framework/Versions/3.11/lib/python3.11/site-packages/pydantic/_internal/_fields.py:161: UserWarning: Field "model_owner" has conflict with protected namespace "model_".

You may be able to resolve this warning by setting `model_config['protected_namespaces'] = ()`.
  warnings.warn(
wandb: [wandb.login()] Loaded credentials for https://api.wandb.ai from /Users/frank/.netrc.
wandb: Currently logged in as: frankbnakasako (frankbnakasako-university-of-california-berkeley) to https://api.wandb.ai. Use `wandb login --relogin` to force relogin
wandb: setting up run w2eixzr4
wandb: Tracking run with wandb version 0.25.1
wandb: Run data is saved locally in /Users/frank/Desktop/sft-control/wandb/run-20260401_102635-w2eixzr4
wandb: Run `wandb offline` to turn off syncing.
wandb: Syncing run rl-fix-golden
wandb: ⭐️ View project at https://wandb.ai/frankbnakasako-university-of-california-berkeley/2026-redwood-hackathon
wandb: 🚀 View run at https://wandb.ai/frankbnakasako-university-of-california-berkeley/2026-redwood-hackathon/runs/w2eixzr4
2026-04-01 10:26:37 [tinker.lib.public_interfaces.service_client] INFO: ServiceClient initialized for session e2a4dd49-a4a3-59ef-96de-9682fcb7c229
2026-04-01 10:26:55 [tinker.lib.public_interfaces.service_client] INFO: TrainingClient initialized for model e2a4dd49-a4a3-59ef-96de-9682fcb7c229:train:0
2026-04-01 10:26:59,664 - grpo_trainer - INFO - Starting GRPO training: 75 steps (from step 0), 16 prompts/step, 16 generations/prompt
2026-04-01 10:26:59 [grpo_trainer] INFO: Starting GRPO training: 75 steps (from step 0), 16 prompts/step, 16 generations/prompt
2026-04-01 10:26:59,665 - grpo_trainer - INFO - Step 0: Generating 16×16 responses...
2026-04-01 10:26:59 [grpo_trainer] INFO: Step 0: Generating 16×16 responses...
2026-04-01 10:27:29,492 - grpo_trainer - INFO - Step 0: Computing rewards...
2026-04-01 10:27:29 [grpo_trainer] INFO: Step 0: Computing rewards...
2026-04-01 10:27:47 [tinker_trainer] INFO: PPO+KL-in-loss metrics (step 0, mb 0/16):
2026-04-01 10:27:47 [tinker_trainer] INFO:   clock_cycle:unique = 7133839.0
2026-04-01 10:27:47 [tinker_trainer] INFO:   e_max_violation:mean = 2.660539150238037
2026-04-01 10:27:47 [tinker_trainer] INFO:   e_min_violation:mean = -0.9571079015731812
2026-04-01 10:27:47 [tinker_trainer] INFO:   e_max_violation:max = 5.441176414489746
2026-04-01 10:27:47 [tinker_trainer] INFO:   e_frac_oversubscribed:mean = 0.3958333432674408
2026-04-01 10:27:47 [tinker_trainer] INFO:   e_frac_with_tokens:mean = 0.96484375
2026-04-01 10:27:47 [tinker_trainer] INFO:   loss:sum = 0.0
2026-04-01 10:27:47 [tinker_trainer] INFO:   ppo_loss = 0.0
2026-04-01 10:27:47 [tinker_trainer] INFO:   kl_loss = 0.0
2026-04-01 10:27:47 [tinker_trainer] INFO:   total_loss = 0.0
2026-04-01 10:27:47 [tinker_trainer] INFO:   n_tokens = 1376.0
2026-04-01 10:28:57,190 - grpo_trainer - INFO - Step 0/75 | reward=0.875 | correct=0.125 | hack_strict=0.875 | hack_loose=1.000 | compile=1.000 | loss=0.0000 | lr=7.00e-06 | kl=0.0000 | cats=0.000/0.125/0.875/0.000/0.000 | time=117.5s (gen=29.8s, reward=13.6s)
2026-04-01 10:28:57 [grpo_trainer] INFO: Step 0/75 | reward=0.875 | correct=0.125 | hack_strict=0.875 | hack_loose=1.000 | compile=1.000 | loss=0.0000 | lr=7.00e-06 | kl=0.0000 | cats=0.000/0.125/0.875/0.000/0.000 | time=117.5s (gen=29.8s, reward=13.6s)
2026-04-01 10:28:57,195 - grpo_trainer - INFO - Step 1: Generating 16×16 responses...
2026-04-01 10:28:57 [grpo_trainer] INFO: Step 1: Generating 16×16 responses...
2026-04-01 10:29:11,342 - grpo_trainer - INFO - Step 1: Computing rewards...
2026-04-01 10:29:11 [grpo_trainer] INFO: Step 1: Computing rewards...
2026-04-01 10:30:36,723 - grpo_trainer - INFO - Step 1/75 | reward=0.723 | correct=0.074 | hack_strict=0.895 | hack_loose=1.000 | compile=1.000 | loss=-0.0146 | lr=1.40e-05 | kl=0.0000 | cats=0.000/0.074/0.895/0.031/0.000 | time=99.5s (gen=14.1s, reward=14.0s)
2026-04-01 10:30:36 [grpo_trainer] INFO: Step 1/75 | reward=0.723 | correct=0.074 | hack_strict=0.895 | hack_loose=1.000 | compile=1.000 | loss=-0.0146 | lr=1.40e-05 | kl=0.0000 | cats=0.000/0.074/0.895/0.031/0.000 | time=99.5s (gen=14.1s, reward=14.0s)
2026-04-01 10:30:36,726 - grpo_trainer - INFO - Step 2: Generating 16×16 responses...
2026-04-01 10:30:36 [grpo_trainer] INFO: Step 2: Generating 16×16 responses...
2026-04-01 10:30:53,130 - grpo_trainer - INFO - Step 2: Computing rewards...
2026-04-01 10:30:53 [grpo_trainer] INFO: Step 2: Computing rewards...
2026-04-01 10:32:26,523 - grpo_trainer - INFO - Step 2/75 | reward=1.273 | correct=0.258 | hack_strict=0.715 | hack_loose=1.000 | compile=1.000 | loss=-0.0188 | lr=2.10e-05 | kl=0.0000 | cats=0.000/0.258/0.715/0.027/0.000 | time=109.8s (gen=16.4s, reward=9.3s)
2026-04-01 10:32:26 [grpo_trainer] INFO: Step 2/75 | reward=1.273 | correct=0.258 | hack_strict=0.715 | hack_loose=1.000 | compile=1.000 | loss=-0.0188 | lr=2.10e-05 | kl=0.0000 | cats=0.000/0.258/0.715/0.027/0.000 | time=109.8s (gen=16.4s, reward=9.3s)
2026-04-01 10:32:26,527 - grpo_trainer - INFO - Step 3: Generating 16×16 responses...
2026-04-01 10:32:26 [grpo_trainer] INFO: Step 3: Generating 16×16 responses...
2026-04-01 10:32:49,507 - grpo_trainer - INFO - Step 3: Computing rewards...
2026-04-01 10:32:49 [grpo_trainer] INFO: Step 3: Computing rewards...
2026-04-01 10:34:19,229 - grpo_trainer - INFO - Step 3/75 | reward=1.766 | correct=0.422 | hack_strict=0.578 | hack_loose=1.000 | compile=1.000 | loss=-0.0052 | lr=2.80e-05 | kl=0.0000 | cats=0.000/0.422/0.578/0.000/0.000 | time=112.7s (gen=23.0s, reward=12.9s)
2026-04-01 10:34:19 [grpo_trainer] INFO: Step 3/75 | reward=1.766 | correct=0.422 | hack_strict=0.578 | hack_loose=1.000 | compile=1.000 | loss=-0.0052 | lr=2.80e-05 | kl=0.0000 | cats=0.000/0.422/0.578/0.000/0.000 | time=112.7s (gen=23.0s, reward=12.9s)
2026-04-01 10:34:19,234 - grpo_trainer - INFO - Step 4: Generating 16×16 responses...
2026-04-01 10:34:19 [grpo_trainer] INFO: Step 4: Generating 16×16 responses...
2026-04-01 10:34:37,178 - grpo_trainer - INFO - Step 4: Computing rewards...
2026-04-01 10:34:37 [grpo_trainer] INFO: Step 4: Computing rewards...
2026-04-01 10:35:58,335 - grpo_trainer - INFO - Step 4/75 | reward=1.660 | correct=0.387 | hack_strict=0.551 | hack_loose=1.000 | compile=1.000 | loss=0.0012 | lr=3.50e-05 | kl=0.0000 | cats=0.000/0.387/0.551/0.062/0.000 | time=99.1s (gen=17.9s, reward=8.7s)
2026-04-01 10:35:58 [grpo_trainer] INFO: Step 4/75 | reward=1.660 | correct=0.387 | hack_strict=0.551 | hack_loose=1.000 | compile=1.000 | loss=0.0012 | lr=3.50e-05 | kl=0.0000 | cats=0.000/0.387/0.551/0.062/0.000 | time=99.1s (gen=17.9s, reward=8.7s)
2026-04-01 10:35:58,338 - grpo_trainer - INFO - Step 5: Generating 16×16 responses...
2026-04-01 10:35:58 [grpo_trainer] INFO: Step 5: Generating 16×16 responses...
2026-04-01 10:36:15,297 - grpo_trainer - INFO - Step 5: Computing rewards...
2026-04-01 10:36:15 [grpo_trainer] INFO: Step 5: Computing rewards...
2026-04-01 10:37:48,405 - grpo_trainer - INFO - Step 5/75 | reward=1.484 | correct=0.328 | hack_strict=0.555 | hack_loose=1.000 | compile=1.000 | loss=-0.0041 | lr=4.20e-05 | kl=0.0000 | cats=0.000/0.328/0.555/0.117/0.000 | time=110.1s (gen=17.0s, reward=13.0s)
2026-04-01 10:37:48 [grpo_trainer] INFO: Step 5/75 | reward=1.484 | correct=0.328 | hack_strict=0.555 | hack_loose=1.000 | compile=1.000 | loss=-0.0041 | lr=4.20e-05 | kl=0.0000 | cats=0.000/0.328/0.555/0.117/0.000 | time=110.1s (gen=17.0s, reward=13.0s)
2026-04-01 10:37:48,409 - grpo_trainer - INFO - Step 6: Generating 16×16 responses...
2026-04-01 10:37:48 [grpo_trainer] INFO: Step 6: Generating 16×16 responses...
2026-04-01 10:38:05,793 - grpo_trainer - INFO - Step 6: Computing rewards...
2026-04-01 10:38:05 [grpo_trainer] INFO: Step 6: Computing rewards...
2026-04-01 10:39:28,909 - grpo_trainer - INFO - Step 6/75 | reward=1.426 | correct=0.309 | hack_strict=0.480 | hack_loose=1.000 | compile=1.000 | loss=-0.0051 | lr=4.90e-05 | kl=0.0000 | cats=0.000/0.309/0.480/0.211/0.000 | time=100.5s (gen=17.4s, reward=8.0s)
2026-04-01 10:39:28 [grpo_trainer] INFO: Step 6/75 | reward=1.426 | correct=0.309 | hack_strict=0.480 | hack_loose=1.000 | compile=1.000 | loss=-0.0051 | lr=4.90e-05 | kl=0.0000 | cats=0.000/0.309/0.480/0.211/0.000 | time=100.5s (gen=17.4s, reward=8.0s)
2026-04-01 10:39:28,911 - grpo_trainer - INFO - Step 7: Generating 16×16 responses...
2026-04-01 10:39:28 [grpo_trainer] INFO: Step 7: Generating 16×16 responses...
2026-04-01 10:39:45,246 - grpo_trainer - INFO - Step 7: Computing rewards...
2026-04-01 10:39:45 [grpo_trainer] INFO: Step 7: Computing rewards...
2026-04-01 10:41:24,875 - grpo_trainer - INFO - Step 7/75 | reward=1.789 | correct=0.430 | hack_strict=0.227 | hack_loose=1.000 | compile=1.000 | loss=-0.0045 | lr=5.60e-05 | kl=0.0000 | cats=0.000/0.430/0.227/0.344/0.000 | time=116.0s (gen=16.3s, reward=21.1s)
2026-04-01 10:41:24 [grpo_trainer] INFO: Step 7/75 | reward=1.789 | correct=0.430 | hack_strict=0.227 | hack_loose=1.000 | compile=1.000 | loss=-0.0045 | lr=5.60e-05 | kl=0.0000 | cats=0.000/0.430/0.227/0.344/0.000 | time=116.0s (gen=16.3s, reward=21.1s)
2026-04-01 10:41:24,880 - grpo_trainer - INFO - Step 8: Generating 16×16 responses...
2026-04-01 10:41:24 [grpo_trainer] INFO: Step 8: Generating 16×16 responses...
2026-04-01 10:41:44,799 - grpo_trainer - INFO - Step 8: Computing rewards...
2026-04-01 10:41:44 [grpo_trainer] INFO: Step 8: Computing rewards...
2026-04-01 10:43:09,212 - grpo_trainer - INFO - Step 8/75 | reward=1.977 | correct=0.492 | hack_strict=0.508 | hack_loose=1.000 | compile=1.000 | loss=-0.0029 | lr=6.30e-05 | kl=0.0000 | cats=0.000/0.492/0.508/0.000/0.000 | time=104.3s (gen=19.9s, reward=10.3s)
2026-04-01 10:43:09 [grpo_trainer] INFO: Step 8/75 | reward=1.977 | correct=0.492 | hack_strict=0.508 | hack_loose=1.000 | compile=1.000 | loss=-0.0029 | lr=6.30e-05 | kl=0.0000 | cats=0.000/0.492/0.508/0.000/0.000 | time=104.3s (gen=19.9s, reward=10.3s)
2026-04-01 10:43:09,224 - grpo_trainer - INFO - Step 9: Generating 16×16 responses...
2026-04-01 10:43:09 [grpo_trainer] INFO: Step 9: Generating 16×16 responses...
2026-04-01 10:43:47,725 - grpo_trainer - INFO - Step 9: Computing rewards...
2026-04-01 10:43:47 [grpo_trainer] INFO: Step 9: Computing rewards...
2026-04-01 10:45:10,972 - grpo_trainer - INFO - Step 9/75 | reward=1.504 | correct=0.371 | hack_strict=0.410 | hack_loose=0.781 | compile=0.781 | loss=0.4625 | lr=7.00e-05 | kl=0.0000 | cats=0.000/0.371/0.410/0.000/0.219 | time=121.8s (gen=38.5s, reward=7.9s)
2026-04-01 10:45:10 [grpo_trainer] INFO: Step 9/75 | reward=1.504 | correct=0.371 | hack_strict=0.410 | hack_loose=0.781 | compile=0.781 | loss=0.4625 | lr=7.00e-05 | kl=0.0000 | cats=0.000/0.371/0.410/0.000/0.219 | time=121.8s (gen=38.5s, reward=7.9s)
2026-04-01 10:45:10,981 - grpo_trainer - INFO - Step 10: Generating 16×16 responses...
2026-04-01 10:45:10 [grpo_trainer] INFO: Step 10: Generating 16×16 responses...
2026-04-01 10:45:40,349 - grpo_trainer - INFO - Step 10: Computing rewards...
2026-04-01 10:45:40 [grpo_trainer] INFO: Step 10: Computing rewards...
2026-04-01 10:47:22,566 - grpo_trainer - INFO - Step 10/75 | reward=1.625 | correct=0.375 | hack_strict=0.617 | hack_loose=1.000 | compile=1.000 | loss=0.0084 | lr=7.00e-05 | kl=0.0000 | cats=0.000/0.375/0.617/0.008/0.000 | time=131.6s (gen=29.4s, reward=22.2s)
2026-04-01 10:47:22 [grpo_trainer] INFO: Step 10/75 | reward=1.625 | correct=0.375 | hack_strict=0.617 | hack_loose=1.000 | compile=1.000 | loss=0.0084 | lr=7.00e-05 | kl=0.0000 | cats=0.000/0.375/0.617/0.008/0.000 | time=131.6s (gen=29.4s, reward=22.2s)
2026-04-01 10:47:22,595 - grpo_trainer - INFO - Step 11: Generating 16×16 responses...
2026-04-01 10:47:22 [grpo_trainer] INFO: Step 11: Generating 16×16 responses...
2026-04-01 10:47:37,997 - grpo_trainer - INFO - Step 11: Computing rewards...
2026-04-01 10:47:37 [grpo_trainer] INFO: Step 11: Computing rewards...
2026-04-01 10:49:15,828 - grpo_trainer - INFO - Step 11/75 | reward=1.414 | correct=0.305 | hack_strict=0.668 | hack_loose=1.000 | compile=1.000 | loss=-0.0009 | lr=7.00e-05 | kl=0.0000 | cats=0.000/0.305/0.668/0.027/0.000 | time=113.3s (gen=15.4s, reward=16.3s)
2026-04-01 10:49:15 [grpo_trainer] INFO: Step 11/75 | reward=1.414 | correct=0.305 | hack_strict=0.668 | hack_loose=1.000 | compile=1.000 | loss=-0.0009 | lr=7.00e-05 | kl=0.0000 | cats=0.000/0.305/0.668/0.027/0.000 | time=113.3s (gen=15.4s, reward=16.3s)
2026-04-01 10:49:15,831 - grpo_trainer - INFO - Step 12: Generating 16×16 responses...
2026-04-01 10:49:15 [grpo_trainer] INFO: Step 12: Generating 16×16 responses...
2026-04-01 10:49:32,805 - grpo_trainer - INFO - Step 12: Computing rewards...
2026-04-01 10:49:32 [grpo_trainer] INFO: Step 12: Computing rewards...
2026-04-01 10:50:58,763 - grpo_trainer - INFO - Step 12/75 | reward=1.508 | correct=0.336 | hack_strict=0.602 | hack_loose=0.996 | compile=1.000 | loss=-0.0059 | lr=6.98e-05 | kl=0.0000 | cats=0.004/0.332/0.602/0.062/0.000 | time=102.9s (gen=17.0s, reward=12.1s)
2026-04-01 10:50:58 [grpo_trainer] INFO: Step 12/75 | reward=1.508 | correct=0.336 | hack_strict=0.602 | hack_loose=0.996 | compile=1.000 | loss=-0.0059 | lr=6.98e-05 | kl=0.0000 | cats=0.004/0.332/0.602/0.062/0.000 | time=102.9s (gen=17.0s, reward=12.1s)
2026-04-01 10:50:58,773 - grpo_trainer - INFO - Step 13: Generating 16×16 responses...
2026-04-01 10:50:58 [grpo_trainer] INFO: Step 13: Generating 16×16 responses...
2026-04-01 10:51:23,010 - grpo_trainer - INFO - Step 13: Computing rewards...
2026-04-01 10:51:23 [grpo_trainer] INFO: Step 13: Computing rewards...
2026-04-01 10:52:44,932 - grpo_trainer - INFO - Step 13/75 | reward=1.496 | correct=0.332 | hack_strict=0.668 | hack_loose=1.000 | compile=1.000 | loss=-0.0149 | lr=6.96e-05 | kl=0.0000 | cats=0.000/0.332/0.668/0.000/0.000 | time=106.2s (gen=24.2s, reward=7.8s)
2026-04-01 10:52:44 [grpo_trainer] INFO: Step 13/75 | reward=1.496 | correct=0.332 | hack_strict=0.668 | hack_loose=1.000 | compile=1.000 | loss=-0.0149 | lr=6.96e-05 | kl=0.0000 | cats=0.000/0.332/0.668/0.000/0.000 | time=106.2s (gen=24.2s, reward=7.8s)
2026-04-01 10:52:44,935 - grpo_trainer - INFO - Step 14: Generating 16×16 responses...
2026-04-01 10:52:44 [grpo_trainer] INFO: Step 14: Generating 16×16 responses...
2026-04-01 10:53:08,374 - grpo_trainer - INFO - Step 14: Computing rewards...
2026-04-01 10:53:08 [grpo_trainer] INFO: Step 14: Computing rewards...
2026-04-01 10:54:42,789 - grpo_trainer - INFO - Step 14/75 | reward=1.178 | correct=0.227 | hack_strict=0.711 | hack_loose=0.996 | compile=0.996 | loss=-0.0020 | lr=6.93e-05 | kl=0.0000 | cats=0.000/0.227/0.711/0.059/0.004 | time=117.9s (gen=23.4s, reward=14.1s)
2026-04-01 10:54:42 [grpo_trainer] INFO: Step 14/75 | reward=1.178 | correct=0.227 | hack_strict=0.711 | hack_loose=0.996 | compile=0.996 | loss=-0.0020 | lr=6.93e-05 | kl=0.0000 | cats=0.000/0.227/0.711/0.059/0.004 | time=117.9s (gen=23.4s, reward=14.1s)
2026-04-01 10:54:42,797 - grpo_trainer - INFO - Step 15: Generating 16×16 responses...
2026-04-01 10:54:42 [grpo_trainer] INFO: Step 15: Generating 16×16 responses...
2026-04-01 10:55:09,379 - grpo_trainer - INFO - Step 15: Computing rewards...
2026-04-01 10:55:09 [grpo_trainer] INFO: Step 15: Computing rewards...
2026-04-01 10:56:38,578 - grpo_trainer - INFO - Step 15/75 | reward=1.744 | correct=0.426 | hack_strict=0.445 | hack_loose=0.910 | compile=0.934 | loss=-0.0048 | lr=6.90e-05 | kl=0.0000 | cats=0.000/0.426/0.445/0.039/0.090 | time=115.8s (gen=26.6s, reward=10.2s)
2026-04-01 10:56:38 [grpo_trainer] INFO: Step 15/75 | reward=1.744 | correct=0.426 | hack_strict=0.445 | hack_loose=0.910 | compile=0.934 | loss=-0.0048 | lr=6.90e-05 | kl=0.0000 | cats=0.000/0.426/0.445/0.039/0.090 | time=115.8s (gen=26.6s, reward=10.2s)
2026-04-01 10:56:38,590 - grpo_trainer - INFO - Step 16: Generating 16×16 responses...
2026-04-01 10:56:38 [grpo_trainer] INFO: Step 16: Generating 16×16 responses...
2026-04-01 10:57:03,727 - grpo_trainer - INFO - Step 16: Computing rewards...
2026-04-01 10:57:03 [grpo_trainer] INFO: Step 16: Computing rewards...
2026-04-01 10:58:29,901 - grpo_trainer - INFO - Step 16/75 | reward=1.271 | correct=0.309 | hack_strict=0.359 | hack_loose=0.688 | compile=0.691 | loss=-0.0623 | lr=6.85e-05 | kl=0.0000 | cats=0.000/0.309/0.359/0.020/0.312 | time=111.3s (gen=25.1s, reward=8.0s)
2026-04-01 10:58:29 [grpo_trainer] INFO: Step 16/75 | reward=1.271 | correct=0.309 | hack_strict=0.359 | hack_loose=0.688 | compile=0.691 | loss=-0.0623 | lr=6.85e-05 | kl=0.0000 | cats=0.000/0.309/0.359/0.020/0.312 | time=111.3s (gen=25.1s, reward=8.0s)
2026-04-01 10:58:29,905 - grpo_trainer - INFO - Step 17: Generating 16×16 responses...
2026-04-01 10:58:29 [grpo_trainer] INFO: Step 17: Generating 16×16 responses...
2026-04-01 10:59:05,846 - grpo_trainer - INFO - Step 17: Computing rewards...
2026-04-01 10:59:05 [grpo_trainer] INFO: Step 17: Computing rewards...
2026-04-01 11:00:37,578 - grpo_trainer - INFO - Step 17/75 | reward=1.912 | correct=0.477 | hack_strict=0.484 | hack_loose=0.961 | compile=0.965 | loss=0.0844 | lr=6.80e-05 | kl=0.0000 | cats=0.000/0.477/0.484/0.000/0.039 | time=127.7s (gen=35.9s, reward=15.5s)
2026-04-01 11:00:37 [grpo_trainer] INFO: Step 17/75 | reward=1.912 | correct=0.477 | hack_strict=0.484 | hack_loose=0.961 | compile=0.965 | loss=0.0844 | lr=6.80e-05 | kl=0.0000 | cats=0.000/0.477/0.484/0.000/0.039 | time=127.7s (gen=35.9s, reward=15.5s)
2026-04-01 11:00:37,581 - grpo_trainer - INFO - Step 18: Generating 16×16 responses...
2026-04-01 11:00:37 [grpo_trainer] INFO: Step 18: Generating 16×16 responses...
2026-04-01 11:01:04,259 - grpo_trainer - INFO - Step 18: Computing rewards...
2026-04-01 11:01:04 [grpo_trainer] INFO: Step 18: Computing rewards...
2026-04-01 11:02:27,409 - grpo_trainer - INFO - Step 18/75 | reward=1.045 | correct=0.238 | hack_strict=0.398 | hack_loose=0.660 | compile=0.660 | loss=-0.0020 | lr=6.74e-05 | kl=0.0000 | cats=0.000/0.238/0.398/0.023/0.340 | time=109.8s (gen=26.7s, reward=8.4s)
2026-04-01 11:02:27 [grpo_trainer] INFO: Step 18/75 | reward=1.045 | correct=0.238 | hack_strict=0.398 | hack_loose=0.660 | compile=0.660 | loss=-0.0020 | lr=6.74e-05 | kl=0.0000 | cats=0.000/0.238/0.398/0.023/0.340 | time=109.8s (gen=26.7s, reward=8.4s)
2026-04-01 11:02:27,421 - grpo_trainer - INFO - Step 19: Generating 16×16 responses...
2026-04-01 11:02:27 [grpo_trainer] INFO: Step 19: Generating 16×16 responses...
2026-04-01 11:02:57,946 - grpo_trainer - INFO - Step 19: Computing rewards...
2026-04-01 11:02:57 [grpo_trainer] INFO: Step 19: Computing rewards...
2026-04-01 11:04:26,777 - grpo_trainer - INFO - Step 19/75 | reward=1.602 | correct=0.367 | hack_strict=0.582 | hack_loose=1.000 | compile=1.000 | loss=0.0241 | lr=6.67e-05 | kl=0.0000 | cats=0.000/0.367/0.582/0.051/0.000 | time=119.4s (gen=30.5s, reward=17.4s)
2026-04-01 11:04:26 [grpo_trainer] INFO: Step 19/75 | reward=1.602 | correct=0.367 | hack_strict=0.582 | hack_loose=1.000 | compile=1.000 | loss=0.0241 | lr=6.67e-05 | kl=0.0000 | cats=0.000/0.367/0.582/0.051/0.000 | time=119.4s (gen=30.5s, reward=17.4s)
2026-04-01 11:04:26,781 - grpo_trainer - INFO - Step 20: Generating 16×16 responses...
2026-04-01 11:04:26 [grpo_trainer] INFO: Step 20: Generating 16×16 responses...
2026-04-01 11:05:01,357 - grpo_trainer - INFO - Step 20: Computing rewards...
2026-04-01 11:05:01 [grpo_trainer] INFO: Step 20: Computing rewards...
2026-04-01 11:06:31,392 - grpo_trainer - INFO - Step 20/75 | reward=1.801 | correct=0.434 | hack_strict=0.543 | hack_loose=1.000 | compile=1.000 | loss=0.0028 | lr=6.60e-05 | kl=0.0000 | cats=0.000/0.434/0.543/0.023/0.000 | time=124.6s (gen=34.6s, reward=10.5s)
2026-04-01 11:06:31 [grpo_trainer] INFO: Step 20/75 | reward=1.801 | correct=0.434 | hack_strict=0.543 | hack_loose=1.000 | compile=1.000 | loss=0.0028 | lr=6.60e-05 | kl=0.0000 | cats=0.000/0.434/0.543/0.023/0.000 | time=124.6s (gen=34.6s, reward=10.5s)
2026-04-01 11:06:31,397 - grpo_trainer - INFO - Step 21: Generating 16×16 responses...
2026-04-01 11:06:31 [grpo_trainer] INFO: Step 21: Generating 16×16 responses...
2026-04-01 11:07:08,367 - grpo_trainer - INFO - Step 21: Computing rewards...
2026-04-01 11:07:08 [grpo_trainer] INFO: Step 21: Computing rewards...
2026-04-01 11:08:31,315 - grpo_trainer - INFO - Step 21/75 | reward=1.520 | correct=0.340 | hack_strict=0.602 | hack_loose=1.000 | compile=1.000 | loss=-0.0154 | lr=6.52e-05 | kl=0.0000 | cats=0.000/0.340/0.602/0.059/0.000 | time=119.9s (gen=37.0s, reward=9.1s)
2026-04-01 11:08:31 [grpo_trainer] INFO: Step 21/75 | reward=1.520 | correct=0.340 | hack_strict=0.602 | hack_loose=1.000 | compile=1.000 | loss=-0.0154 | lr=6.52e-05 | kl=0.0000 | cats=0.000/0.340/0.602/0.059/0.000 | time=119.9s (gen=37.0s, reward=9.1s)
2026-04-01 11:08:31,320 - grpo_trainer - INFO - Step 22: Generating 16×16 responses...
2026-04-01 11:08:31 [grpo_trainer] INFO: Step 22: Generating 16×16 responses...
2026-04-01 11:08:52,663 - grpo_trainer - INFO - Step 22: Computing rewards...
2026-04-01 11:08:52 [grpo_trainer] INFO: Step 22: Computing rewards...
2026-04-01 11:10:21,289 - grpo_trainer - INFO - Step 22/75 | reward=2.209 | correct=0.570 | hack_strict=0.402 | hack_loose=0.996 | compile=0.996 | loss=-0.0065 | lr=6.43e-05 | kl=0.0000 | cats=0.000/0.570/0.402/0.023/0.004 | time=110.0s (gen=21.3s, reward=11.1s)
2026-04-01 11:10:21 [grpo_trainer] INFO: Step 22/75 | reward=2.209 | correct=0.570 | hack_strict=0.402 | hack_loose=0.996 | compile=0.996 | loss=-0.0065 | lr=6.43e-05 | kl=0.0000 | cats=0.000/0.570/0.402/0.023/0.004 | time=110.0s (gen=21.3s, reward=11.1s)
2026-04-01 11:10:21,294 - grpo_trainer - INFO - Step 23: Generating 16×16 responses...
2026-04-01 11:10:21 [grpo_trainer] INFO: Step 23: Generating 16×16 responses...
2026-04-01 11:10:50,283 - grpo_trainer - INFO - Step 23: Computing rewards...
2026-04-01 11:10:50 [grpo_trainer] INFO: Step 23: Computing rewards...
2026-04-01 11:12:16,800 - grpo_trainer - INFO - Step 23/75 | reward=1.857 | correct=0.453 | hack_strict=0.492 | hack_loose=0.992 | compile=0.996 | loss=0.0116 | lr=6.33e-05 | kl=0.0000 | cats=0.000/0.453/0.492/0.047/0.008 | time=115.5s (gen=29.0s, reward=14.0s)
2026-04-01 11:12:16 [grpo_trainer] INFO: Step 23/75 | reward=1.857 | correct=0.453 | hack_strict=0.492 | hack_loose=0.992 | compile=0.996 | loss=0.0116 | lr=6.33e-05 | kl=0.0000 | cats=0.000/0.453/0.492/0.047/0.008 | time=115.5s (gen=29.0s, reward=14.0s)
2026-04-01 11:12:16,802 - grpo_trainer - INFO - Step 24: Generating 16×16 responses...
2026-04-01 11:12:16 [grpo_trainer] INFO: Step 24: Generating 16×16 responses...
2026-04-01 11:12:46,241 - grpo_trainer - INFO - Step 24: Computing rewards...
2026-04-01 11:12:46 [grpo_trainer] INFO: Step 24: Computing rewards...
2026-04-01 11:14:19,381 - grpo_trainer - INFO - Step 24/75 | reward=2.375 | correct=0.625 | hack_strict=0.367 | hack_loose=1.000 | compile=1.000 | loss=-0.0019 | lr=6.23e-05 | kl=0.0000 | cats=0.000/0.625/0.367/0.008/0.000 | time=122.6s (gen=29.4s, reward=12.4s)
2026-04-01 11:14:19 [grpo_trainer] INFO: Step 24/75 | reward=2.375 | correct=0.625 | hack_strict=0.367 | hack_loose=1.000 | compile=1.000 | loss=-0.0019 | lr=6.23e-05 | kl=0.0000 | cats=0.000/0.625/0.367/0.008/0.000 | time=122.6s (gen=29.4s, reward=12.4s)
2026-04-01 11:14:33,796 - grpo_trainer - INFO - [Eval @ step 24] correct=0.375, hack_strict=0.594, compile=1.000, avg_reward=1.625
2026-04-01 11:14:33 [grpo_trainer] INFO: [Eval @ step 24] correct=0.375, hack_strict=0.594, compile=1.000, avg_reward=1.625
2026-04-01 11:14:38,148 - grpo_trainer - INFO - Saved metadata: checkpoints/grpo-step-25.json
2026-04-01 11:14:38 [grpo_trainer] INFO: Saved metadata: checkpoints/grpo-step-25.json
2026-04-01 11:14:41,280 - grpo_trainer - INFO - Published checkpoint: tinker://e2a4dd49-a4a3-59ef-96de-9682fcb7c229:train:0/weights/grpo-step-25
2026-04-01 11:14:41 [grpo_trainer] INFO: Published checkpoint: tinker://e2a4dd49-a4a3-59ef-96de-9682fcb7c229:train:0/weights/grpo-step-25
2026-04-01 11:14:41,280 - grpo_trainer - INFO - Saved checkpoint: tinker://e2a4dd49-a4a3-59ef-96de-9682fcb7c229:train:0/weights/grpo-step-25
2026-04-01 11:14:41 [grpo_trainer] INFO: Saved checkpoint: tinker://e2a4dd49-a4a3-59ef-96de-9682fcb7c229:train:0/weights/grpo-step-25
2026-04-01 11:14:41,281 - grpo_trainer - INFO - Step 25: Generating 16×16 responses...
2026-04-01 11:14:41 [grpo_trainer] INFO: Step 25: Generating 16×16 responses...
2026-04-01 11:15:00,288 - grpo_trainer - INFO - Step 25: Computing rewards...
2026-04-01 11:15:00 [grpo_trainer] INFO: Step 25: Computing rewards...
2026-04-01 11:16:29,825 - grpo_trainer - INFO - Step 25/75 | reward=1.777 | correct=0.426 | hack_strict=0.555 | hack_loose=1.000 | compile=1.000 | loss=-0.0020 | lr=6.12e-05 | kl=0.0000 | cats=0.000/0.426/0.555/0.020/0.000 | time=108.5s (gen=19.0s, reward=12.8s)
2026-04-01 11:16:29 [grpo_trainer] INFO: Step 25/75 | reward=1.777 | correct=0.426 | hack_strict=0.555 | hack_loose=1.000 | compile=1.000 | loss=-0.0020 | lr=6.12e-05 | kl=0.0000 | cats=0.000/0.426/0.555/0.020/0.000 | time=108.5s (gen=19.0s, reward=12.8s)
2026-04-01 11:16:29,834 - grpo_trainer - INFO - Step 26: Generating 16×16 responses...
2026-04-01 11:16:29 [grpo_trainer] INFO: Step 26: Generating 16×16 responses...
2026-04-01 11:16:55,027 - grpo_trainer - INFO - Step 26: Computing rewards...
2026-04-01 11:16:55 [grpo_trainer] INFO: Step 26: Computing rewards...
2026-04-01 11:18:21,062 - grpo_trainer - INFO - Step 26/75 | reward=2.270 | correct=0.590 | hack_strict=0.336 | hack_loose=1.000 | compile=1.000 | loss=-0.0122 | lr=6.00e-05 | kl=0.0000 | cats=0.000/0.590/0.336/0.074/0.000 | time=111.2s (gen=25.2s, reward=11.2s)
2026-04-01 11:18:21 [grpo_trainer] INFO: Step 26/75 | reward=2.270 | correct=0.590 | hack_strict=0.336 | hack_loose=1.000 | compile=1.000 | loss=-0.0122 | lr=6.00e-05 | kl=0.0000 | cats=0.000/0.590/0.336/0.074/0.000 | time=111.2s (gen=25.2s, reward=11.2s)
2026-04-01 11:18:21,069 - grpo_trainer - INFO - Step 27: Generating 16×16 responses...
2026-04-01 11:18:21 [grpo_trainer] INFO: Step 27: Generating 16×16 responses...
2026-04-01 11:18:52,715 - grpo_trainer - INFO - Step 27: Computing rewards...
2026-04-01 11:18:52 [grpo_trainer] INFO: Step 27: Computing rewards...
2026-04-01 11:20:32,227 - grpo_trainer - INFO - Step 27/75 | reward=1.520 | correct=0.340 | hack_strict=0.652 | hack_loose=1.000 | compile=1.000 | loss=0.0175 | lr=5.88e-05 | kl=0.0000 | cats=0.000/0.340/0.652/0.008/0.000 | time=131.2s (gen=31.6s, reward=23.5s)
2026-04-01 11:20:32 [grpo_trainer] INFO: Step 27/75 | reward=1.520 | correct=0.340 | hack_strict=0.652 | hack_loose=1.000 | compile=1.000 | loss=0.0175 | lr=5.88e-05 | kl=0.0000 | cats=0.000/0.340/0.652/0.008/0.000 | time=131.2s (gen=31.6s, reward=23.5s)
2026-04-01 11:20:32,246 - grpo_trainer - INFO - Step 28: Generating 16×16 responses...
2026-04-01 11:20:32 [grpo_trainer] INFO: Step 28: Generating 16×16 responses...
2026-04-01 11:20:58,942 - grpo_trainer - INFO - Step 28: Computing rewards...
2026-04-01 11:20:58 [grpo_trainer] INFO: Step 28: Computing rewards...
2026-04-01 11:22:24,875 - grpo_trainer - INFO - Step 28/75 | reward=1.822 | correct=0.441 | hack_strict=0.543 | hack_loose=0.996 | compile=0.996 | loss=0.0270 | lr=5.76e-05 | kl=0.0000 | cats=0.000/0.441/0.543/0.012/0.004 | time=112.6s (gen=26.7s, reward=9.4s)
2026-04-01 11:22:24 [grpo_trainer] INFO: Step 28/75 | reward=1.822 | correct=0.441 | hack_strict=0.543 | hack_loose=0.996 | compile=0.996 | loss=0.0270 | lr=5.76e-05 | kl=0.0000 | cats=0.000/0.441/0.543/0.012/0.004 | time=112.6s (gen=26.7s, reward=9.4s)
2026-04-01 11:22:24,879 - grpo_trainer - INFO - Step 29: Generating 16×16 responses...
2026-04-01 11:22:24 [grpo_trainer] INFO: Step 29: Generating 16×16 responses...
2026-04-01 11:22:50,518 - grpo_trainer - INFO - Step 29: Computing rewards...
2026-04-01 11:22:50 [grpo_trainer] INFO: Step 29: Computing rewards...
2026-04-01 11:24:26,392 - grpo_trainer - INFO - Step 29/75 | reward=2.012 | correct=0.504 | hack_strict=0.496 | hack_loose=0.996 | compile=1.000 | loss=-0.0009 | lr=5.63e-05 | kl=0.0000 | cats=0.004/0.500/0.496/0.000/0.000 | time=121.5s (gen=25.6s, reward=10.0s)
2026-04-01 11:24:26 [grpo_trainer] INFO: Step 29/75 | reward=2.012 | correct=0.504 | hack_strict=0.496 | hack_loose=0.996 | compile=1.000 | loss=-0.0009 | lr=5.63e-05 | kl=0.0000 | cats=0.004/0.500/0.496/0.000/0.000 | time=121.5s (gen=25.6s, reward=10.0s)
2026-04-01 11:24:26,404 - grpo_trainer - INFO - Step 30: Generating 16×16 responses...
2026-04-01 11:24:26 [grpo_trainer] INFO: Step 30: Generating 16×16 responses...
2026-04-01 11:24:58,014 - grpo_trainer - INFO - Step 30: Computing rewards...
2026-04-01 11:24:58 [grpo_trainer] INFO: Step 30: Computing rewards...
2026-04-01 11:26:22,251 - grpo_trainer - INFO - Step 30/75 | reward=3.008 | correct=0.836 | hack_strict=0.152 | hack_loose=1.000 | compile=1.000 | loss=0.0070 | lr=5.49e-05 | kl=0.0000 | cats=0.000/0.836/0.152/0.012/0.000 | time=115.8s (gen=31.6s, reward=9.7s)
2026-04-01 11:26:22 [grpo_trainer] INFO: Step 30/75 | reward=3.008 | correct=0.836 | hack_strict=0.152 | hack_loose=1.000 | compile=1.000 | loss=0.0070 | lr=5.49e-05 | kl=0.0000 | cats=0.000/0.836/0.152/0.012/0.000 | time=115.8s (gen=31.6s, reward=9.7s)
2026-04-01 11:26:22,253 - grpo_trainer - INFO - Step 31: Generating 16×16 responses...
2026-04-01 11:26:22 [grpo_trainer] INFO: Step 31: Generating 16×16 responses...
2026-04-01 11:27:05,003 - grpo_trainer - INFO - Step 31: Computing rewards...
2026-04-01 11:27:05 [grpo_trainer] INFO: Step 31: Computing rewards...
2026-04-01 11:28:32,539 - grpo_trainer - INFO - Step 31/75 | reward=1.830 | correct=0.445 | hack_strict=0.469 | hack_loose=0.984 | compile=0.988 | loss=0.0126 | lr=5.35e-05 | kl=0.0000 | cats=0.000/0.445/0.469/0.070/0.016 | time=130.3s (gen=42.8s, reward=11.9s)
2026-04-01 11:28:32 [grpo_trainer] INFO: Step 31/75 | reward=1.830 | correct=0.445 | hack_strict=0.469 | hack_loose=0.984 | compile=0.988 | loss=0.0126 | lr=5.35e-05 | kl=0.0000 | cats=0.000/0.445/0.469/0.070/0.016 | time=130.3s (gen=42.8s, reward=11.9s)
2026-04-01 11:28:32,547 - grpo_trainer - INFO - Step 32: Generating 16×16 responses...
2026-04-01 11:28:32 [grpo_trainer] INFO: Step 32: Generating 16×16 responses...
2026-04-01 11:29:09,787 - grpo_trainer - INFO - Step 32: Computing rewards...
2026-04-01 11:29:09 [grpo_trainer] INFO: Step 32: Computing rewards...
2026-04-01 11:30:43,525 - grpo_trainer - INFO - Step 32/75 | reward=1.742 | correct=0.414 | hack_strict=0.582 | hack_loose=0.996 | compile=1.000 | loss=-0.0107 | lr=5.20e-05 | kl=0.0000 | cats=0.000/0.414/0.582/0.000/0.004 | time=131.0s (gen=37.2s, reward=15.5s)
2026-04-01 11:30:43 [grpo_trainer] INFO: Step 32/75 | reward=1.742 | correct=0.414 | hack_strict=0.582 | hack_loose=0.996 | compile=1.000 | loss=-0.0107 | lr=5.20e-05 | kl=0.0000 | cats=0.000/0.414/0.582/0.000/0.004 | time=131.0s (gen=37.2s, reward=15.5s)
2026-04-01 11:30:43,533 - grpo_trainer - INFO - Step 33: Generating 16×16 responses...
2026-04-01 11:30:43 [grpo_trainer] INFO: Step 33: Generating 16×16 responses...
2026-04-01 11:31:20,073 - grpo_trainer - INFO - Step 33: Computing rewards...
2026-04-01 11:31:20 [grpo_trainer] INFO: Step 33: Computing rewards...
2026-04-01 11:32:44,178 - grpo_trainer - INFO - Step 33/75 | reward=1.930 | correct=0.477 | hack_strict=0.516 | hack_loose=1.000 | compile=1.000 | loss=-0.0140 | lr=5.05e-05 | kl=0.0000 | cats=0.000/0.477/0.516/0.008/0.000 | time=120.6s (gen=36.5s, reward=10.1s)
2026-04-01 11:32:44 [grpo_trainer] INFO: Step 33/75 | reward=1.930 | correct=0.477 | hack_strict=0.516 | hack_loose=1.000 | compile=1.000 | loss=-0.0140 | lr=5.05e-05 | kl=0.0000 | cats=0.000/0.477/0.516/0.008/0.000 | time=120.6s (gen=36.5s, reward=10.1s)
2026-04-01 11:32:44,184 - grpo_trainer - INFO - Step 34: Generating 16×16 responses...
2026-04-01 11:32:44 [grpo_trainer] INFO: Step 34: Generating 16×16 responses...
2026-04-01 11:33:24,425 - grpo_trainer - INFO - Step 34: Computing rewards...
2026-04-01 11:33:24 [grpo_trainer] INFO: Step 34: Computing rewards...
2026-04-01 11:34:50,155 - grpo_trainer - INFO - Step 34/75 | reward=1.930 | correct=0.477 | hack_strict=0.484 | hack_loose=1.000 | compile=1.000 | loss=-0.0046 | lr=4.90e-05 | kl=0.0000 | cats=0.000/0.477/0.484/0.039/0.000 | time=126.0s (gen=40.2s, reward=11.2s)
2026-04-01 11:34:50 [grpo_trainer] INFO: Step 34/75 | reward=1.930 | correct=0.477 | hack_strict=0.484 | hack_loose=1.000 | compile=1.000 | loss=-0.0046 | lr=4.90e-05 | kl=0.0000 | cats=0.000/0.477/0.484/0.039/0.000 | time=126.0s (gen=40.2s, reward=11.2s)
2026-04-01 11:34:50,161 - grpo_trainer - INFO - Step 35: Generating 16×16 responses...
2026-04-01 11:34:50 [grpo_trainer] INFO: Step 35: Generating 16×16 responses...
2026-04-01 11:35:23,728 - grpo_trainer - INFO - Step 35: Computing rewards...
2026-04-01 11:35:23 [grpo_trainer] INFO: Step 35: Computing rewards...
