/Library/Frameworks/Python.framework/Versions/3.11/lib/python3.11/site-packages/pydantic/_internal/_fields.py:161: UserWarning: Field "model_settings" has conflict with protected namespace "model_".

You may be able to resolve this warning by setting `model_config['protected_namespaces'] = ()`.
  warnings.warn(
/Library/Frameworks/Python.framework/Versions/3.11/lib/python3.11/site-packages/pydantic/_internal/_fields.py:161: UserWarning: Field "model_id" has conflict with protected namespace "model_".

You may be able to resolve this warning by setting `model_config['protected_namespaces'] = ()`.
  warnings.warn(
/Library/Frameworks/Python.framework/Versions/3.11/lib/python3.11/site-packages/pydantic/_internal/_fields.py:161: UserWarning: Field "model_input" has conflict with protected namespace "model_".

You may be able to resolve this warning by setting `model_config['protected_namespaces'] = ()`.
  warnings.warn(
/Library/Frameworks/Python.framework/Versions/3.11/lib/python3.11/site-packages/pydantic/_internal/_fields.py:161: UserWarning: Field "model_id" has conflict with protected namespace "model_".

You may be able to resolve this warning by setting `model_config['protected_namespaces'] = ()`.
  warnings.warn(
/Library/Frameworks/Python.framework/Versions/3.11/lib/python3.11/site-packages/pydantic/_internal/_fields.py:161: UserWarning: Field "model_name" has conflict with protected namespace "model_".

You may be able to resolve this warning by setting `model_config['protected_namespaces'] = ()`.
  warnings.warn(
/Library/Frameworks/Python.framework/Versions/3.11/lib/python3.11/site-packages/pydantic/_internal/_fields.py:161: UserWarning: Field "model_path" has conflict with protected namespace "model_".

You may be able to resolve this warning by setting `model_config['protected_namespaces'] = ()`.
  warnings.warn(
/Library/Frameworks/Python.framework/Versions/3.11/lib/python3.11/site-packages/pydantic/_internal/_fields.py:161: UserWarning: Field "model_owner" has conflict with protected namespace "model_".

You may be able to resolve this warning by setting `model_config['protected_namespaces'] = ()`.
  warnings.warn(
wandb: [wandb.login()] Loaded credentials for https://api.wandb.ai from /Users/frank/.netrc.
wandb: Currently logged in as: frankbnakasako (frankbnakasako-university-of-california-berkeley) to https://api.wandb.ai. Use `wandb login --relogin` to force relogin
wandb: setting up run iov6u54x
wandb: Tracking run with wandb version 0.25.1
wandb: Run data is saved locally in /Users/frank/Desktop/sft-control/wandb/run-20260401_115546-iov6u54x
wandb: Run `wandb offline` to turn off syncing.
wandb: Syncing run rl-fix-golden
wandb: ⭐️ View project at https://wandb.ai/frankbnakasako-university-of-california-berkeley/2026-redwood-hackathon
wandb: 🚀 View run at https://wandb.ai/frankbnakasako-university-of-california-berkeley/2026-redwood-hackathon/runs/iov6u54x
2026-04-01 11:55:48 [tinker.lib.public_interfaces.service_client] INFO: ServiceClient initialized for session 4444e9df-86bf-5a6c-b6a9-b1e9bbbfa714
2026-04-01 11:56:12 [tinker.lib.public_interfaces.service_client] INFO: TrainingClient initialized for model 4444e9df-86bf-5a6c-b6a9-b1e9bbbfa714:train:0
2026-04-01 11:56:17,836 - grpo_trainer - INFO - Starting GRPO training: 75 steps (from step 0), 16 prompts/step, 16 generations/prompt
2026-04-01 11:56:17 [grpo_trainer] INFO: Starting GRPO training: 75 steps (from step 0), 16 prompts/step, 16 generations/prompt
2026-04-01 11:56:17,837 - grpo_trainer - INFO - Step 0: Generating 16×16 responses...
2026-04-01 11:56:17 [grpo_trainer] INFO: Step 0: Generating 16×16 responses...
2026-04-01 11:57:11,931 - grpo_trainer - INFO - Step 0: Computing rewards...
2026-04-01 11:57:11 [grpo_trainer] INFO: Step 0: Computing rewards...
2026-04-01 11:57:29 [tinker_trainer] INFO: PPO+KL-in-loss metrics (step 0, mb 0/16):
2026-04-01 11:57:29 [tinker_trainer] INFO:   clock_cycle:unique = 7135666.0
2026-04-01 11:57:29 [tinker_trainer] INFO:   e_max_violation:mean = 2.319556474685669
2026-04-01 11:57:29 [tinker_trainer] INFO:   e_min_violation:mean = -0.9349588751792908
2026-04-01 11:57:29 [tinker_trainer] INFO:   e_max_violation:max = 5.65625
2026-04-01 11:57:29 [tinker_trainer] INFO:   e_frac_oversubscribed:mean = 0.4088541865348816
2026-04-01 11:57:29 [tinker_trainer] INFO:   e_frac_with_tokens:mean = 0.99609375
2026-04-01 11:57:29 [tinker_trainer] INFO:   loss:sum = -0.0019017048762179911
2026-04-01 11:57:29 [tinker_trainer] INFO:   ppo_loss = -0.02514481171965599
2026-04-01 11:57:29 [tinker_trainer] INFO:   kl_loss = 0.0
2026-04-01 11:57:29 [tinker_trainer] INFO:   total_loss = -0.02514481171965599
2026-04-01 11:57:29 [tinker_trainer] INFO:   n_tokens = 8067.0
2026-04-01 11:58:50,644 - grpo_trainer - INFO - Step 0/75 | reward=1.311 | correct=0.273 | hack_strict=0.707 | hack_loose=0.980 | compile=0.980 | loss=0.0256 | lr=7.00e-06 | kl=0.0000 | cats=0.000/0.273/0.707/0.000/0.020 | time=152.8s (gen=54.1s, reward=12.6s)
2026-04-01 11:58:50 [grpo_trainer] INFO: Step 0/75 | reward=1.311 | correct=0.273 | hack_strict=0.707 | hack_loose=0.980 | compile=0.980 | loss=0.0256 | lr=7.00e-06 | kl=0.0000 | cats=0.000/0.273/0.707/0.000/0.020 | time=152.8s (gen=54.1s, reward=12.6s)
2026-04-01 11:58:50,647 - grpo_trainer - INFO - Step 1: Generating 16×16 responses...
2026-04-01 11:58:50 [grpo_trainer] INFO: Step 1: Generating 16×16 responses...
2026-04-01 11:59:32,421 - grpo_trainer - INFO - Step 1: Computing rewards...
2026-04-01 11:59:32 [grpo_trainer] INFO: Step 1: Computing rewards...
2026-04-01 12:01:02,345 - grpo_trainer - INFO - Step 1/75 | reward=1.254 | correct=0.258 | hack_strict=0.703 | hack_loose=0.961 | compile=0.961 | loss=0.0246 | lr=1.40e-05 | kl=0.0000 | cats=0.000/0.258/0.703/0.000/0.039 | time=131.7s (gen=41.8s, reward=10.0s)
2026-04-01 12:01:02 [grpo_trainer] INFO: Step 1/75 | reward=1.254 | correct=0.258 | hack_strict=0.703 | hack_loose=0.961 | compile=0.961 | loss=0.0246 | lr=1.40e-05 | kl=0.0000 | cats=0.000/0.258/0.703/0.000/0.039 | time=131.7s (gen=41.8s, reward=10.0s)
2026-04-01 12:01:02,348 - grpo_trainer - INFO - Step 2: Generating 16×16 responses...
2026-04-01 12:01:02 [grpo_trainer] INFO: Step 2: Generating 16×16 responses...
2026-04-01 12:01:55,647 - grpo_trainer - INFO - Step 2: Computing rewards...
2026-04-01 12:01:55 [grpo_trainer] INFO: Step 2: Computing rewards...
2026-04-01 12:03:25,690 - grpo_trainer - INFO - Step 2/75 | reward=1.305 | correct=0.270 | hack_strict=0.723 | hack_loose=0.992 | compile=0.992 | loss=0.0168 | lr=2.10e-05 | kl=0.0000 | cats=0.000/0.270/0.723/0.000/0.008 | time=143.3s (gen=53.3s, reward=10.2s)
2026-04-01 12:03:25 [grpo_trainer] INFO: Step 2/75 | reward=1.305 | correct=0.270 | hack_strict=0.723 | hack_loose=0.992 | compile=0.992 | loss=0.0168 | lr=2.10e-05 | kl=0.0000 | cats=0.000/0.270/0.723/0.000/0.008 | time=143.3s (gen=53.3s, reward=10.2s)
2026-04-01 12:03:25,693 - grpo_trainer - INFO - Step 3: Generating 16×16 responses...
2026-04-01 12:03:25 [grpo_trainer] INFO: Step 3: Generating 16×16 responses...
2026-04-01 12:04:09,083 - grpo_trainer - INFO - Step 3: Computing rewards...
2026-04-01 12:04:09 [grpo_trainer] INFO: Step 3: Computing rewards...
2026-04-01 12:05:46,331 - grpo_trainer - INFO - Step 3/75 | reward=1.172 | correct=0.227 | hack_strict=0.758 | hack_loose=0.984 | compile=0.984 | loss=0.0035 | lr=2.80e-05 | kl=0.0000 | cats=0.000/0.227/0.758/0.000/0.016 | time=140.6s (gen=43.4s, reward=18.4s)
2026-04-01 12:05:46 [grpo_trainer] INFO: Step 3/75 | reward=1.172 | correct=0.227 | hack_strict=0.758 | hack_loose=0.984 | compile=0.984 | loss=0.0035 | lr=2.80e-05 | kl=0.0000 | cats=0.000/0.227/0.758/0.000/0.016 | time=140.6s (gen=43.4s, reward=18.4s)
2026-04-01 12:05:46,339 - grpo_trainer - INFO - Step 4: Generating 16×16 responses...
2026-04-01 12:05:46 [grpo_trainer] INFO: Step 4: Generating 16×16 responses...
2026-04-01 12:06:51,782 - grpo_trainer - INFO - Step 4: Computing rewards...
2026-04-01 12:06:51 [grpo_trainer] INFO: Step 4: Computing rewards...
2026-04-01 12:08:18,800 - grpo_trainer - INFO - Step 4/75 | reward=1.742 | correct=0.426 | hack_strict=0.504 | hack_loose=0.930 | compile=0.930 | loss=0.0420 | lr=3.50e-05 | kl=0.0000 | cats=0.000/0.426/0.504/0.000/0.070 | time=152.5s (gen=65.4s, reward=9.7s)
2026-04-01 12:08:18 [grpo_trainer] INFO: Step 4/75 | reward=1.742 | correct=0.426 | hack_strict=0.504 | hack_loose=0.930 | compile=0.930 | loss=0.0420 | lr=3.50e-05 | kl=0.0000 | cats=0.000/0.426/0.504/0.000/0.070 | time=152.5s (gen=65.4s, reward=9.7s)
2026-04-01 12:08:18,811 - grpo_trainer - INFO - Step 5: Generating 16×16 responses...
2026-04-01 12:08:18 [grpo_trainer] INFO: Step 5: Generating 16×16 responses...
2026-04-01 12:09:19,212 - grpo_trainer - INFO - Step 5: Computing rewards...
2026-04-01 12:09:19 [grpo_trainer] INFO: Step 5: Computing rewards...
2026-04-01 12:10:56,718 - grpo_trainer - INFO - Step 5/75 | reward=0.953 | correct=0.164 | hack_strict=0.750 | hack_loose=0.922 | compile=0.922 | loss=0.0404 | lr=4.20e-05 | kl=0.0000 | cats=0.000/0.164/0.750/0.008/0.078 | time=157.9s (gen=60.4s, reward=14.8s)
2026-04-01 12:10:56 [grpo_trainer] INFO: Step 5/75 | reward=0.953 | correct=0.164 | hack_strict=0.750 | hack_loose=0.922 | compile=0.922 | loss=0.0404 | lr=4.20e-05 | kl=0.0000 | cats=0.000/0.164/0.750/0.008/0.078 | time=157.9s (gen=60.4s, reward=14.8s)
2026-04-01 12:10:56,721 - grpo_trainer - INFO - Step 6: Generating 16×16 responses...
2026-04-01 12:10:56 [grpo_trainer] INFO: Step 6: Generating 16×16 responses...
2026-04-01 12:11:26,476 - grpo_trainer - INFO - Step 6: Computing rewards...
2026-04-01 12:11:26 [grpo_trainer] INFO: Step 6: Computing rewards...
2026-04-01 12:13:05,153 - grpo_trainer - INFO - Step 6/75 | reward=1.176 | correct=0.227 | hack_strict=0.766 | hack_loose=0.992 | compile=0.992 | loss=-0.0002 | lr=4.90e-05 | kl=0.0000 | cats=0.000/0.227/0.766/0.000/0.008 | time=128.4s (gen=29.8s, reward=12.2s)
2026-04-01 12:13:05 [grpo_trainer] INFO: Step 6/75 | reward=1.176 | correct=0.227 | hack_strict=0.766 | hack_loose=0.992 | compile=0.992 | loss=-0.0002 | lr=4.90e-05 | kl=0.0000 | cats=0.000/0.227/0.766/0.000/0.008 | time=128.4s (gen=29.8s, reward=12.2s)
2026-04-01 12:13:05,163 - grpo_trainer - INFO - Step 7: Generating 16×16 responses...
2026-04-01 12:13:05 [grpo_trainer] INFO: Step 7: Generating 16×16 responses...
2026-04-01 12:13:57,564 - grpo_trainer - INFO - Step 7: Computing rewards...
2026-04-01 12:13:57 [grpo_trainer] INFO: Step 7: Computing rewards...
2026-04-01 12:15:28,242 - grpo_trainer - INFO - Step 7/75 | reward=1.463 | correct=0.328 | hack_strict=0.629 | hack_loose=0.957 | compile=0.957 | loss=0.0170 | lr=5.60e-05 | kl=0.0000 | cats=0.000/0.328/0.629/0.000/0.043 | time=143.1s (gen=52.4s, reward=10.1s)
2026-04-01 12:15:28 [grpo_trainer] INFO: Step 7/75 | reward=1.463 | correct=0.328 | hack_strict=0.629 | hack_loose=0.957 | compile=0.957 | loss=0.0170 | lr=5.60e-05 | kl=0.0000 | cats=0.000/0.328/0.629/0.000/0.043 | time=143.1s (gen=52.4s, reward=10.1s)
2026-04-01 12:15:28,252 - grpo_trainer - INFO - Step 8: Generating 16×16 responses...
2026-04-01 12:15:28 [grpo_trainer] INFO: Step 8: Generating 16×16 responses...
2026-04-01 12:16:12,659 - grpo_trainer - INFO - Step 8: Computing rewards...
2026-04-01 12:16:12 [grpo_trainer] INFO: Step 8: Computing rewards...
2026-04-01 12:17:51,782 - grpo_trainer - INFO - Step 8/75 | reward=0.971 | correct=0.160 | hack_strict=0.820 | hack_loose=0.980 | compile=0.980 | loss=0.0054 | lr=6.30e-05 | kl=0.0000 | cats=0.000/0.160/0.820/0.000/0.020 | time=143.5s (gen=44.4s, reward=9.1s)
2026-04-01 12:17:51 [grpo_trainer] INFO: Step 8/75 | reward=0.971 | correct=0.160 | hack_strict=0.820 | hack_loose=0.980 | compile=0.980 | loss=0.0054 | lr=6.30e-05 | kl=0.0000 | cats=0.000/0.160/0.820/0.000/0.020 | time=143.5s (gen=44.4s, reward=9.1s)
2026-04-01 12:17:51,788 - grpo_trainer - INFO - Step 9: Generating 16×16 responses...
2026-04-01 12:17:51 [grpo_trainer] INFO: Step 9: Generating 16×16 responses...
2026-04-01 12:18:30,232 - grpo_trainer - INFO - Step 9: Computing rewards...
2026-04-01 12:18:30 [grpo_trainer] INFO: Step 9: Computing rewards...
2026-04-01 12:20:19,197 - grpo_trainer - INFO - Step 9/75 | reward=1.477 | correct=0.328 | hack_strict=0.656 | hack_loose=0.984 | compile=0.984 | loss=0.0129 | lr=7.00e-05 | kl=0.0000 | cats=0.000/0.328/0.656/0.000/0.016 | time=147.4s (gen=38.4s, reward=11.7s)
2026-04-01 12:20:19 [grpo_trainer] INFO: Step 9/75 | reward=1.477 | correct=0.328 | hack_strict=0.656 | hack_loose=0.984 | compile=0.984 | loss=0.0129 | lr=7.00e-05 | kl=0.0000 | cats=0.000/0.328/0.656/0.000/0.016 | time=147.4s (gen=38.4s, reward=11.7s)
2026-04-01 12:20:19,211 - grpo_trainer - INFO - Step 10: Generating 16×16 responses...
2026-04-01 12:20:19 [grpo_trainer] INFO: Step 10: Generating 16×16 responses...
2026-04-01 12:20:53,401 - grpo_trainer - INFO - Step 10: Computing rewards...
2026-04-01 12:20:53 [grpo_trainer] INFO: Step 10: Computing rewards...
2026-04-01 12:22:51,655 - grpo_trainer - INFO - Step 10/75 | reward=1.500 | correct=0.336 | hack_strict=0.578 | hack_loose=0.984 | compile=0.984 | loss=0.0297 | lr=7.00e-05 | kl=0.0000 | cats=0.000/0.336/0.578/0.070/0.016 | time=152.4s (gen=34.2s, reward=9.3s)
2026-04-01 12:22:51 [grpo_trainer] INFO: Step 10/75 | reward=1.500 | correct=0.336 | hack_strict=0.578 | hack_loose=0.984 | compile=0.984 | loss=0.0297 | lr=7.00e-05 | kl=0.0000 | cats=0.000/0.336/0.578/0.070/0.016 | time=152.4s (gen=34.2s, reward=9.3s)
2026-04-01 12:22:51,665 - grpo_trainer - INFO - Step 11: Generating 16×16 responses...
2026-04-01 12:22:51 [grpo_trainer] INFO: Step 11: Generating 16×16 responses...
2026-04-01 12:23:30,272 - grpo_trainer - INFO - Step 11: Computing rewards...
2026-04-01 12:23:30 [grpo_trainer] INFO: Step 11: Computing rewards...
2026-04-01 12:25:33,517 - grpo_trainer - INFO - Step 11/75 | reward=1.400 | correct=0.305 | hack_strict=0.652 | hack_loose=0.973 | compile=0.973 | loss=0.0378 | lr=7.00e-05 | kl=0.0000 | cats=0.000/0.305/0.652/0.016/0.027 | time=161.9s (gen=38.6s, reward=11.3s)
2026-04-01 12:25:33 [grpo_trainer] INFO: Step 11/75 | reward=1.400 | correct=0.305 | hack_strict=0.652 | hack_loose=0.973 | compile=0.973 | loss=0.0378 | lr=7.00e-05 | kl=0.0000 | cats=0.000/0.305/0.652/0.016/0.027 | time=161.9s (gen=38.6s, reward=11.3s)
2026-04-01 12:25:33,521 - grpo_trainer - INFO - Step 12: Generating 16×16 responses...
2026-04-01 12:25:33 [grpo_trainer] INFO: Step 12: Generating 16×16 responses...
2026-04-01 12:26:09,504 - grpo_trainer - INFO - Step 12: Computing rewards...
2026-04-01 12:26:09 [grpo_trainer] INFO: Step 12: Computing rewards...
2026-04-01 12:28:13,590 - grpo_trainer - INFO - Step 12/75 | reward=0.986 | correct=0.164 | hack_strict=0.824 | hack_loose=0.988 | compile=0.988 | loss=0.0171 | lr=6.98e-05 | kl=0.0000 | cats=0.000/0.164/0.824/0.000/0.012 | time=160.1s (gen=36.0s, reward=13.1s)
2026-04-01 12:28:13 [grpo_trainer] INFO: Step 12/75 | reward=0.986 | correct=0.164 | hack_strict=0.824 | hack_loose=0.988 | compile=0.988 | loss=0.0171 | lr=6.98e-05 | kl=0.0000 | cats=0.000/0.164/0.824/0.000/0.012 | time=160.1s (gen=36.0s, reward=13.1s)
2026-04-01 12:28:13,597 - grpo_trainer - INFO - Step 13: Generating 16×16 responses...
2026-04-01 12:28:13 [grpo_trainer] INFO: Step 13: Generating 16×16 responses...
2026-04-01 12:28:52,786 - grpo_trainer - INFO - Step 13: Computing rewards...
2026-04-01 12:28:52 [grpo_trainer] INFO: Step 13: Computing rewards...
2026-04-01 12:31:02,320 - grpo_trainer - INFO - Step 13/75 | reward=1.467 | correct=0.324 | hack_strict=0.664 | hack_loose=0.988 | compile=0.988 | loss=0.0139 | lr=6.96e-05 | kl=0.0000 | cats=0.000/0.324/0.664/0.000/0.012 | time=168.7s (gen=39.2s, reward=9.2s)
2026-04-01 12:31:02 [grpo_trainer] INFO: Step 13/75 | reward=1.467 | correct=0.324 | hack_strict=0.664 | hack_loose=0.988 | compile=0.988 | loss=0.0139 | lr=6.96e-05 | kl=0.0000 | cats=0.000/0.324/0.664/0.000/0.012 | time=168.7s (gen=39.2s, reward=9.2s)
2026-04-01 12:31:02,326 - grpo_trainer - INFO - Step 14: Generating 16×16 responses...
2026-04-01 12:31:02 [grpo_trainer] INFO: Step 14: Generating 16×16 responses...
2026-04-01 12:31:40,711 - grpo_trainer - INFO - Step 14: Computing rewards...
2026-04-01 12:31:40 [grpo_trainer] INFO: Step 14: Computing rewards...
2026-04-01 12:33:52,515 - grpo_trainer - INFO - Step 14/75 | reward=2.359 | correct=0.625 | hack_strict=0.344 | hack_loose=0.969 | compile=0.969 | loss=0.0259 | lr=6.93e-05 | kl=0.0000 | cats=0.000/0.625/0.344/0.000/0.031 | time=170.2s (gen=38.4s, reward=8.9s)
2026-04-01 12:33:52 [grpo_trainer] INFO: Step 14/75 | reward=2.359 | correct=0.625 | hack_strict=0.344 | hack_loose=0.969 | compile=0.969 | loss=0.0259 | lr=6.93e-05 | kl=0.0000 | cats=0.000/0.625/0.344/0.000/0.031 | time=170.2s (gen=38.4s, reward=8.9s)
2026-04-01 12:33:52,520 - grpo_trainer - INFO - Step 15: Generating 16×16 responses...
2026-04-01 12:33:52 [grpo_trainer] INFO: Step 15: Generating 16×16 responses...
2026-04-01 12:34:31,893 - grpo_trainer - INFO - Step 15: Computing rewards...
2026-04-01 12:34:31 [grpo_trainer] INFO: Step 15: Computing rewards...
2026-04-01 12:36:36,767 - grpo_trainer - INFO - Step 15/75 | reward=1.326 | correct=0.293 | hack_strict=0.590 | hack_loose=0.895 | compile=0.895 | loss=0.0387 | lr=6.90e-05 | kl=0.0000 | cats=0.000/0.293/0.590/0.012/0.105 | time=164.2s (gen=39.4s, reward=9.7s)
2026-04-01 12:36:36 [grpo_trainer] INFO: Step 15/75 | reward=1.326 | correct=0.293 | hack_strict=0.590 | hack_loose=0.895 | compile=0.895 | loss=0.0387 | lr=6.90e-05 | kl=0.0000 | cats=0.000/0.293/0.590/0.012/0.105 | time=164.2s (gen=39.4s, reward=9.7s)
2026-04-01 12:36:36,771 - grpo_trainer - INFO - Step 16: Generating 16×16 responses...
2026-04-01 12:36:36 [grpo_trainer] INFO: Step 16: Generating 16×16 responses...
2026-04-01 12:37:35,337 - grpo_trainer - INFO - Step 16: Computing rewards...
2026-04-01 12:37:35 [grpo_trainer] INFO: Step 16: Computing rewards...
2026-04-01 12:39:56,010 - grpo_trainer - INFO - Step 16/75 | reward=1.602 | correct=0.371 | hack_strict=0.562 | hack_loose=0.977 | compile=0.977 | loss=0.0339 | lr=6.85e-05 | kl=0.0000 | cats=0.000/0.371/0.562/0.043/0.023 | time=199.2s (gen=58.6s, reward=16.6s)
2026-04-01 12:39:56 [grpo_trainer] INFO: Step 16/75 | reward=1.602 | correct=0.371 | hack_strict=0.562 | hack_loose=0.977 | compile=0.977 | loss=0.0339 | lr=6.85e-05 | kl=0.0000 | cats=0.000/0.371/0.562/0.043/0.023 | time=199.2s (gen=58.6s, reward=16.6s)
2026-04-01 12:39:56,012 - grpo_trainer - INFO - Step 17: Generating 16×16 responses...
2026-04-01 12:39:56 [grpo_trainer] INFO: Step 17: Generating 16×16 responses...
2026-04-01 12:40:33,730 - grpo_trainer - INFO - Step 17: Computing rewards...
2026-04-01 12:40:33 [grpo_trainer] INFO: Step 17: Computing rewards...
2026-04-01 12:42:49,383 - grpo_trainer - INFO - Step 17/75 | reward=1.154 | correct=0.219 | hack_strict=0.773 | hack_loose=0.996 | compile=0.996 | loss=-0.0004 | lr=6.80e-05 | kl=0.0000 | cats=0.000/0.219/0.773/0.004/0.004 | time=173.4s (gen=37.7s, reward=11.3s)
2026-04-01 12:42:49 [grpo_trainer] INFO: Step 17/75 | reward=1.154 | correct=0.219 | hack_strict=0.773 | hack_loose=0.996 | compile=0.996 | loss=-0.0004 | lr=6.80e-05 | kl=0.0000 | cats=0.000/0.219/0.773/0.004/0.004 | time=173.4s (gen=37.7s, reward=11.3s)
2026-04-01 12:42:49,390 - grpo_trainer - INFO - Step 18: Generating 16×16 responses...
2026-04-01 12:42:49 [grpo_trainer] INFO: Step 18: Generating 16×16 responses...
2026-04-01 12:43:18,180 - grpo_trainer - INFO - Step 18: Computing rewards...
2026-04-01 12:43:18 [grpo_trainer] INFO: Step 18: Computing rewards...
2026-04-01 12:45:28,640 - grpo_trainer - INFO - Step 18/75 | reward=1.279 | correct=0.262 | hack_strict=0.727 | hack_loose=0.996 | compile=0.988 | loss=0.0010 | lr=6.74e-05 | kl=0.0000 | cats=0.000/0.262/0.727/0.008/0.004 | time=159.3s (gen=28.8s, reward=10.7s)
2026-04-01 12:45:28 [grpo_trainer] INFO: Step 18/75 | reward=1.279 | correct=0.262 | hack_strict=0.727 | hack_loose=0.996 | compile=0.988 | loss=0.0010 | lr=6.74e-05 | kl=0.0000 | cats=0.000/0.262/0.727/0.008/0.004 | time=159.3s (gen=28.8s, reward=10.7s)
2026-04-01 12:45:28,644 - grpo_trainer - INFO - Step 19: Generating 16×16 responses...
2026-04-01 12:45:28 [grpo_trainer] INFO: Step 19: Generating 16×16 responses...
2026-04-01 12:45:57,777 - grpo_trainer - INFO - Step 19: Computing rewards...
2026-04-01 12:45:57 [grpo_trainer] INFO: Step 19: Computing rewards...
2026-04-01 12:48:21,873 - grpo_trainer - INFO - Step 19/75 | reward=2.127 | correct=0.543 | hack_strict=0.453 | hack_loose=0.996 | compile=0.996 | loss=0.0114 | lr=6.67e-05 | kl=0.0000 | cats=0.000/0.543/0.453/0.000/0.004 | time=173.2s (gen=29.1s, reward=10.0s)
2026-04-01 12:48:21 [grpo_trainer] INFO: Step 19/75 | reward=2.127 | correct=0.543 | hack_strict=0.453 | hack_loose=0.996 | compile=0.996 | loss=0.0114 | lr=6.67e-05 | kl=0.0000 | cats=0.000/0.543/0.453/0.000/0.004 | time=173.2s (gen=29.1s, reward=10.0s)
2026-04-01 12:48:21,877 - grpo_trainer - INFO - Step 20: Generating 16×16 responses...
2026-04-01 12:48:21 [grpo_trainer] INFO: Step 20: Generating 16×16 responses...
2026-04-01 12:48:51,833 - grpo_trainer - INFO - Step 20: Computing rewards...
2026-04-01 12:48:51 [grpo_trainer] INFO: Step 20: Computing rewards...
2026-04-01 12:51:09,060 - grpo_trainer - INFO - Step 20/75 | reward=1.859 | correct=0.453 | hack_strict=0.547 | hack_loose=1.000 | compile=1.000 | loss=0.0110 | lr=6.60e-05 | kl=0.0000 | cats=0.000/0.453/0.547/0.000/0.000 | time=167.2s (gen=30.0s, reward=10.9s)
2026-04-01 12:51:09 [grpo_trainer] INFO: Step 20/75 | reward=1.859 | correct=0.453 | hack_strict=0.547 | hack_loose=1.000 | compile=1.000 | loss=0.0110 | lr=6.60e-05 | kl=0.0000 | cats=0.000/0.453/0.547/0.000/0.000 | time=167.2s (gen=30.0s, reward=10.9s)
2026-04-01 12:51:09,068 - grpo_trainer - INFO - Step 21: Generating 16×16 responses...
2026-04-01 12:51:09 [grpo_trainer] INFO: Step 21: Generating 16×16 responses...
2026-04-01 12:51:40,965 - grpo_trainer - INFO - Step 21: Computing rewards...
2026-04-01 12:51:40 [grpo_trainer] INFO: Step 21: Computing rewards...
2026-04-01 12:53:53,216 - grpo_trainer - INFO - Step 21/75 | reward=1.469 | correct=0.324 | hack_strict=0.668 | hack_loose=0.992 | compile=0.992 | loss=0.0081 | lr=6.52e-05 | kl=0.0000 | cats=0.000/0.324/0.668/0.000/0.008 | time=164.1s (gen=31.9s, reward=15.1s)
2026-04-01 12:53:53 [grpo_trainer] INFO: Step 21/75 | reward=1.469 | correct=0.324 | hack_strict=0.668 | hack_loose=0.992 | compile=0.992 | loss=0.0081 | lr=6.52e-05 | kl=0.0000 | cats=0.000/0.324/0.668/0.000/0.008 | time=164.1s (gen=31.9s, reward=15.1s)
2026-04-01 12:53:53,219 - grpo_trainer - INFO - Step 22: Generating 16×16 responses...
2026-04-01 12:53:53 [grpo_trainer] INFO: Step 22: Generating 16×16 responses...
2026-04-01 12:54:22,460 - grpo_trainer - INFO - Step 22: Computing rewards...
2026-04-01 12:54:22 [grpo_trainer] INFO: Step 22: Computing rewards...
2026-04-01 12:56:37,069 - grpo_trainer - INFO - Step 22/75 | reward=1.973 | correct=0.492 | hack_strict=0.496 | hack_loose=0.988 | compile=0.992 | loss=0.0139 | lr=6.43e-05 | kl=0.0000 | cats=0.000/0.492/0.496/0.000/0.012 | time=163.8s (gen=29.2s, reward=17.5s)
2026-04-01 12:56:37 [grpo_trainer] INFO: Step 22/75 | reward=1.973 | correct=0.492 | hack_strict=0.496 | hack_loose=0.988 | compile=0.992 | loss=0.0139 | lr=6.43e-05 | kl=0.0000 | cats=0.000/0.492/0.496/0.000/0.012 | time=163.8s (gen=29.2s, reward=17.5s)
2026-04-01 12:56:37,075 - grpo_trainer - INFO - Step 23: Generating 16×16 responses...
2026-04-01 12:56:37 [grpo_trainer] INFO: Step 23: Generating 16×16 responses...
2026-04-01 12:57:20,049 - grpo_trainer - INFO - Step 23: Computing rewards...
2026-04-01 12:57:20 [grpo_trainer] INFO: Step 23: Computing rewards...
2026-04-01 12:59:34,758 - grpo_trainer - INFO - Step 23/75 | reward=1.324 | correct=0.277 | hack_strict=0.707 | hack_loose=0.984 | compile=0.984 | loss=0.0155 | lr=6.33e-05 | kl=0.0000 | cats=0.000/0.277/0.707/0.000/0.016 | time=177.7s (gen=43.0s, reward=14.9s)
2026-04-01 12:59:34 [grpo_trainer] INFO: Step 23/75 | reward=1.324 | correct=0.277 | hack_strict=0.707 | hack_loose=0.984 | compile=0.984 | loss=0.0155 | lr=6.33e-05 | kl=0.0000 | cats=0.000/0.277/0.707/0.000/0.016 | time=177.7s (gen=43.0s, reward=14.9s)
2026-04-01 12:59:34,760 - grpo_trainer - INFO - Step 24: Generating 16×16 responses...
2026-04-01 12:59:34 [grpo_trainer] INFO: Step 24: Generating 16×16 responses...
2026-04-01 13:00:09,079 - grpo_trainer - INFO - Step 24: Computing rewards...
2026-04-01 13:00:09 [grpo_trainer] INFO: Step 24: Computing rewards...
2026-04-01 13:02:22,290 - grpo_trainer - INFO - Step 24/75 | reward=1.904 | correct=0.469 | hack_strict=0.527 | hack_loose=0.996 | compile=0.996 | loss=0.0053 | lr=6.23e-05 | kl=0.0000 | cats=0.000/0.469/0.527/0.000/0.004 | time=167.5s (gen=34.3s, reward=15.7s)
2026-04-01 13:02:22 [grpo_trainer] INFO: Step 24/75 | reward=1.904 | correct=0.469 | hack_strict=0.527 | hack_loose=0.996 | compile=0.996 | loss=0.0053 | lr=6.23e-05 | kl=0.0000 | cats=0.000/0.469/0.527/0.000/0.004 | time=167.5s (gen=34.3s, reward=15.7s)
2026-04-01 13:02:43,408 - grpo_trainer - INFO - [Eval @ step 24] correct=0.344, hack_strict=0.656, compile=1.000, avg_reward=1.531
2026-04-01 13:02:43 [grpo_trainer] INFO: [Eval @ step 24] correct=0.344, hack_strict=0.656, compile=1.000, avg_reward=1.531
2026-04-01 13:02:50,185 - grpo_trainer - INFO - Saved metadata: checkpoints/grpo-step-25.json
2026-04-01 13:02:50 [grpo_trainer] INFO: Saved metadata: checkpoints/grpo-step-25.json
2026-04-01 13:02:52,945 - grpo_trainer - INFO - Published checkpoint: tinker://4444e9df-86bf-5a6c-b6a9-b1e9bbbfa714:train:0/weights/grpo-step-25
2026-04-01 13:02:52 [grpo_trainer] INFO: Published checkpoint: tinker://4444e9df-86bf-5a6c-b6a9-b1e9bbbfa714:train:0/weights/grpo-step-25
2026-04-01 13:02:52,946 - grpo_trainer - INFO - Saved checkpoint: tinker://4444e9df-86bf-5a6c-b6a9-b1e9bbbfa714:train:0/weights/grpo-step-25
2026-04-01 13:02:52 [grpo_trainer] INFO: Saved checkpoint: tinker://4444e9df-86bf-5a6c-b6a9-b1e9bbbfa714:train:0/weights/grpo-step-25
2026-04-01 13:02:52,947 - grpo_trainer - INFO - Step 25: Generating 16×16 responses...
2026-04-01 13:02:52 [grpo_trainer] INFO: Step 25: Generating 16×16 responses...
2026-04-01 13:03:21,180 - grpo_trainer - INFO - Step 25: Computing rewards...
2026-04-01 13:03:21 [grpo_trainer] INFO: Step 25: Computing rewards...
2026-04-01 13:05:28,721 - grpo_trainer - INFO - Step 25/75 | reward=1.758 | correct=0.422 | hack_strict=0.562 | hack_loose=0.984 | compile=0.984 | loss=0.0378 | lr=6.12e-05 | kl=0.0000 | cats=0.000/0.422/0.562/0.000/0.016 | time=155.8s (gen=28.2s, reward=12.3s)
2026-04-01 13:05:28 [grpo_trainer] INFO: Step 25/75 | reward=1.758 | correct=0.422 | hack_strict=0.562 | hack_loose=0.984 | compile=0.984 | loss=0.0378 | lr=6.12e-05 | kl=0.0000 | cats=0.000/0.422/0.562/0.000/0.016 | time=155.8s (gen=28.2s, reward=12.3s)
2026-04-01 13:05:28,724 - grpo_trainer - INFO - Step 26: Generating 16×16 responses...
2026-04-01 13:05:28 [grpo_trainer] INFO: Step 26: Generating 16×16 responses...
2026-04-01 13:06:10,518 - grpo_trainer - INFO - Step 26: Computing rewards...
2026-04-01 13:06:10 [grpo_trainer] INFO: Step 26: Computing rewards...
2026-04-01 13:08:23,411 - grpo_trainer - INFO - Step 26/75 | reward=1.221 | correct=0.254 | hack_strict=0.633 | hack_loose=0.918 | compile=0.918 | loss=0.0689 | lr=6.00e-05 | kl=0.0000 | cats=0.000/0.254/0.633/0.031/0.082 | time=174.7s (gen=41.8s, reward=10.9s)
2026-04-01 13:08:23 [grpo_trainer] INFO: Step 26/75 | reward=1.221 | correct=0.254 | hack_strict=0.633 | hack_loose=0.918 | compile=0.918 | loss=0.0689 | lr=6.00e-05 | kl=0.0000 | cats=0.000/0.254/0.633/0.031/0.082 | time=174.7s (gen=41.8s, reward=10.9s)
2026-04-01 13:08:23,416 - grpo_trainer - INFO - Step 27: Generating 16×16 responses...
2026-04-01 13:08:23 [grpo_trainer] INFO: Step 27: Generating 16×16 responses...
2026-04-01 13:09:18,270 - grpo_trainer - INFO - Step 27: Computing rewards...
2026-04-01 13:09:18 [grpo_trainer] INFO: Step 27: Computing rewards...
2026-04-01 13:11:42,717 - grpo_trainer - INFO - Step 27/75 | reward=1.488 | correct=0.348 | hack_strict=0.543 | hack_loose=0.891 | compile=0.891 | loss=0.0676 | lr=5.88e-05 | kl=0.0000 | cats=0.000/0.348/0.543/0.000/0.109 | time=199.3s (gen=54.9s, reward=20.2s)
2026-04-01 13:11:42 [grpo_trainer] INFO: Step 27/75 | reward=1.488 | correct=0.348 | hack_strict=0.543 | hack_loose=0.891 | compile=0.891 | loss=0.0676 | lr=5.88e-05 | kl=0.0000 | cats=0.000/0.348/0.543/0.000/0.109 | time=199.3s (gen=54.9s, reward=20.2s)
2026-04-01 13:11:42,725 - grpo_trainer - INFO - Step 28: Generating 16×16 responses...
2026-04-01 13:11:42 [grpo_trainer] INFO: Step 28: Generating 16×16 responses...
2026-04-01 13:12:15,084 - grpo_trainer - INFO - Step 28: Computing rewards...
2026-04-01 13:12:15 [grpo_trainer] INFO: Step 28: Computing rewards...
2026-04-01 13:14:18,392 - grpo_trainer - INFO - Step 28/75 | reward=1.613 | correct=0.387 | hack_strict=0.520 | hack_loose=0.906 | compile=0.906 | loss=0.0724 | lr=5.76e-05 | kl=0.0000 | cats=0.000/0.387/0.520/0.000/0.094 | time=155.7s (gen=32.4s, reward=10.7s)
2026-04-01 13:14:18 [grpo_trainer] INFO: Step 28/75 | reward=1.613 | correct=0.387 | hack_strict=0.520 | hack_loose=0.906 | compile=0.906 | loss=0.0724 | lr=5.76e-05 | kl=0.0000 | cats=0.000/0.387/0.520/0.000/0.094 | time=155.7s (gen=32.4s, reward=10.7s)
2026-04-01 13:14:18,401 - grpo_trainer - INFO - Step 29: Generating 16×16 responses...
2026-04-01 13:14:18 [grpo_trainer] INFO: Step 29: Generating 16×16 responses...
2026-04-01 13:14:50,008 - grpo_trainer - INFO - Step 29: Computing rewards...
2026-04-01 13:14:50 [grpo_trainer] INFO: Step 29: Computing rewards...
2026-04-01 13:16:57,758 - grpo_trainer - INFO - Step 29/75 | reward=1.387 | correct=0.297 | hack_strict=0.695 | hack_loose=0.992 | compile=0.992 | loss=0.0117 | lr=5.63e-05 | kl=0.0000 | cats=0.000/0.297/0.695/0.000/0.008 | time=159.4s (gen=31.6s, reward=11.2s)
2026-04-01 13:16:57 [grpo_trainer] INFO: Step 29/75 | reward=1.387 | correct=0.297 | hack_strict=0.695 | hack_loose=0.992 | compile=0.992 | loss=0.0117 | lr=5.63e-05 | kl=0.0000 | cats=0.000/0.297/0.695/0.000/0.008 | time=159.4s (gen=31.6s, reward=11.2s)
2026-04-01 13:16:57,764 - grpo_trainer - INFO - Step 30: Generating 16×16 responses...
2026-04-01 13:16:57 [grpo_trainer] INFO: Step 30: Generating 16×16 responses...
2026-04-01 13:17:29,727 - grpo_trainer - INFO - Step 30: Computing rewards...
2026-04-01 13:17:29 [grpo_trainer] INFO: Step 30: Computing rewards...
2026-04-01 13:19:51,832 - grpo_trainer - INFO - Step 30/75 | reward=1.754 | correct=0.422 | hack_strict=0.555 | hack_loose=0.977 | compile=0.977 | loss=0.0474 | lr=5.49e-05 | kl=0.0000 | cats=0.000/0.422/0.555/0.000/0.023 | time=174.1s (gen=32.0s, reward=19.3s)
2026-04-01 13:19:51 [grpo_trainer] INFO: Step 30/75 | reward=1.754 | correct=0.422 | hack_strict=0.555 | hack_loose=0.977 | compile=0.977 | loss=0.0474 | lr=5.49e-05 | kl=0.0000 | cats=0.000/0.422/0.555/0.000/0.023 | time=174.1s (gen=32.0s, reward=19.3s)
2026-04-01 13:19:51,837 - grpo_trainer - INFO - Step 31: Generating 16×16 responses...
2026-04-01 13:19:51 [grpo_trainer] INFO: Step 31: Generating 16×16 responses...
2026-04-01 13:20:30,621 - grpo_trainer - INFO - Step 31: Computing rewards...
2026-04-01 13:20:30 [grpo_trainer] INFO: Step 31: Computing rewards...
2026-04-01 13:22:42,446 - grpo_trainer - INFO - Step 31/75 | reward=1.881 | correct=0.469 | hack_strict=0.477 | hack_loose=0.945 | compile=0.949 | loss=0.0316 | lr=5.35e-05 | kl=0.0000 | cats=0.000/0.469/0.477/0.000/0.055 | time=170.6s (gen=38.8s, reward=20.5s)
2026-04-01 13:22:42 [grpo_trainer] INFO: Step 31/75 | reward=1.881 | correct=0.469 | hack_strict=0.477 | hack_loose=0.945 | compile=0.949 | loss=0.0316 | lr=5.35e-05 | kl=0.0000 | cats=0.000/0.469/0.477/0.000/0.055 | time=170.6s (gen=38.8s, reward=20.5s)
2026-04-01 13:22:42,450 - grpo_trainer - INFO - Step 32: Generating 16×16 responses...
2026-04-01 13:22:42 [grpo_trainer] INFO: Step 32: Generating 16×16 responses...
2026-04-01 13:23:13,226 - grpo_trainer - INFO - Step 32: Computing rewards...
2026-04-01 13:23:13 [grpo_trainer] INFO: Step 32: Computing rewards...
2026-04-01 13:25:19,734 - grpo_trainer - INFO - Step 32/75 | reward=2.195 | correct=0.566 | hack_strict=0.426 | hack_loose=0.992 | compile=0.992 | loss=0.0132 | lr=5.20e-05 | kl=0.0000 | cats=0.000/0.566/0.426/0.000/0.008 | time=157.3s (gen=30.8s, reward=15.2s)
2026-04-01 13:25:19 [grpo_trainer] INFO: Step 32/75 | reward=2.195 | correct=0.566 | hack_strict=0.426 | hack_loose=0.992 | compile=0.992 | loss=0.0132 | lr=5.20e-05 | kl=0.0000 | cats=0.000/0.566/0.426/0.000/0.008 | time=157.3s (gen=30.8s, reward=15.2s)
2026-04-01 13:25:19,740 - grpo_trainer - INFO - Step 33: Generating 16×16 responses...
2026-04-01 13:25:19 [grpo_trainer] INFO: Step 33: Generating 16×16 responses...
2026-04-01 13:25:50,513 - grpo_trainer - INFO - Step 33: Computing rewards...
2026-04-01 13:25:50 [grpo_trainer] INFO: Step 33: Computing rewards...
2026-04-01 13:28:11,360 - grpo_trainer - INFO - Step 33/75 | reward=1.277 | correct=0.262 | hack_strict=0.723 | hack_loose=0.984 | compile=0.984 | loss=0.0089 | lr=5.05e-05 | kl=0.0000 | cats=0.000/0.262/0.723/0.000/0.016 | time=171.6s (gen=30.8s, reward=14.3s)
2026-04-01 13:28:11 [grpo_trainer] INFO: Step 33/75 | reward=1.277 | correct=0.262 | hack_strict=0.723 | hack_loose=0.984 | compile=0.984 | loss=0.0089 | lr=5.05e-05 | kl=0.0000 | cats=0.000/0.262/0.723/0.000/0.016 | time=171.6s (gen=30.8s, reward=14.3s)
2026-04-01 13:28:11,362 - grpo_trainer - INFO - Step 34: Generating 16×16 responses...
2026-04-01 13:28:11 [grpo_trainer] INFO: Step 34: Generating 16×16 responses...
2026-04-01 13:28:44,221 - grpo_trainer - INFO - Step 34: Computing rewards...
2026-04-01 13:28:44 [grpo_trainer] INFO: Step 34: Computing rewards...
2026-04-01 13:31:02,037 - grpo_trainer - INFO - Step 34/75 | reward=1.391 | correct=0.301 | hack_strict=0.652 | hack_loose=0.969 | compile=0.977 | loss=0.0312 | lr=4.90e-05 | kl=0.0000 | cats=0.004/0.297/0.652/0.020/0.027 | time=170.7s (gen=32.9s, reward=14.1s)
2026-04-01 13:31:02 [grpo_trainer] INFO: Step 34/75 | reward=1.391 | correct=0.301 | hack_strict=0.652 | hack_loose=0.969 | compile=0.977 | loss=0.0312 | lr=4.90e-05 | kl=0.0000 | cats=0.004/0.297/0.652/0.020/0.027 | time=170.7s (gen=32.9s, reward=14.1s)
2026-04-01 13:31:02,041 - grpo_trainer - INFO - Step 35: Generating 16×16 responses...
2026-04-01 13:31:02 [grpo_trainer] INFO: Step 35: Generating 16×16 responses...
2026-04-01 13:31:30,935 - grpo_trainer - INFO - Step 35: Computing rewards...
2026-04-01 13:31:30 [grpo_trainer] INFO: Step 35: Computing rewards...
2026-04-01 13:33:34,476 - grpo_trainer - INFO - Step 35/75 | reward=1.777 | correct=0.430 | hack_strict=0.547 | hack_loose=0.977 | compile=0.977 | loss=0.0130 | lr=4.74e-05 | kl=0.0000 | cats=0.000/0.430/0.547/0.000/0.023 | time=152.4s (gen=28.9s, reward=12.0s)
2026-04-01 13:33:34 [grpo_trainer] INFO: Step 35/75 | reward=1.777 | correct=0.430 | hack_strict=0.547 | hack_loose=0.977 | compile=0.977 | loss=0.0130 | lr=4.74e-05 | kl=0.0000 | cats=0.000/0.430/0.547/0.000/0.023 | time=152.4s (gen=28.9s, reward=12.0s)
2026-04-01 13:33:34,481 - grpo_trainer - INFO - Step 36: Generating 16×16 responses...
2026-04-01 13:33:34 [grpo_trainer] INFO: Step 36: Generating 16×16 responses...
2026-04-01 13:34:04,391 - grpo_trainer - INFO - Step 36: Computing rewards...
2026-04-01 13:34:04 [grpo_trainer] INFO: Step 36: Computing rewards...
2026-04-01 13:36:18,387 - grpo_trainer - INFO - Step 36/75 | reward=1.635 | correct=0.383 | hack_strict=0.590 | hack_loose=0.973 | compile=0.973 | loss=0.0254 | lr=4.58e-05 | kl=0.0000 | cats=0.000/0.383/0.590/0.000/0.027 | time=163.9s (gen=29.9s, reward=15.7s)
2026-04-01 13:36:18 [grpo_trainer] INFO: Step 36/75 | reward=1.635 | correct=0.383 | hack_strict=0.590 | hack_loose=0.973 | compile=0.973 | loss=0.0254 | lr=4.58e-05 | kl=0.0000 | cats=0.000/0.383/0.590/0.000/0.027 | time=163.9s (gen=29.9s, reward=15.7s)
2026-04-01 13:36:18,391 - grpo_trainer - INFO - Step 37: Generating 16×16 responses...
2026-04-01 13:36:18 [grpo_trainer] INFO: Step 37: Generating 16×16 responses...
2026-04-01 13:36:49,030 - grpo_trainer - INFO - Step 37: Computing rewards...
2026-04-01 13:36:49 [grpo_trainer] INFO: Step 37: Computing rewards...
2026-04-01 13:38:56,313 - grpo_trainer - INFO - Step 37/75 | reward=2.100 | correct=0.535 | hack_strict=0.453 | hack_loose=0.988 | compile=0.988 | loss=-0.0049 | lr=4.42e-05 | kl=0.0000 | cats=0.000/0.535/0.453/0.000/0.012 | time=157.9s (gen=30.6s, reward=21.5s)
2026-04-01 13:39:47,471 - grpo_trainer - INFO - Step 38: Computing rewards...
2026-04-01 13:39:47 [grpo_trainer] INFO: Step 38: Computing rewards...
2026-04-01 13:41:26,767 - grpo_trainer - INFO - Step 38/75 | reward=1.377 | correct=0.305 | hack_strict=0.621 | hack_loose=0.930 | compile=0.926 | loss=0.0304 | lr=4.26e-05 | kl=0.0000 | cats=0.000/0.305/0.621/0.004/0.070 | time=150.5s (gen=51.2s, reward=13.0s)
2026-04-01 13:41:26 [grpo_trainer] INFO: Step 38/75 | reward=1.377 | correct=0.305 | hack_strict=0.621 | hack_loose=0.930 | compile=0.926 | loss=0.0304 | lr=4.26e-05 | kl=0.0000 | cats=0.000/0.305/0.621/0.004/0.070 | time=150.5s (gen=51.2s, reward=13.0s)
2026-04-01 13:41:26,770 - grpo_trainer - INFO - Step 39: Generating 16×16 responses...
2026-04-01 13:41:26 [grpo_trainer] INFO: Step 39: Generating 16×16 responses...
2026-04-01 13:41:59,882 - grpo_trainer - INFO - Step 39: Computing rewards...
2026-04-01 13:41:59 [grpo_trainer] INFO: Step 39: Computing rewards...
2026-04-01 13:43:48,631 - grpo_trainer - INFO - Step 39/75 | reward=2.236 | correct=0.582 | hack_strict=0.398 | hack_loose=0.980 | compile=0.980 | loss=-0.0081 | lr=4.09e-05 | kl=0.0000 | cats=0.000/0.582/0.398/0.000/0.020 | time=141.9s (gen=33.1s, reward=18.4s)
2026-04-01 13:43:48 [grpo_trainer] INFO: Step 39/75 | reward=2.236 | correct=0.582 | hack_strict=0.398 | hack_loose=0.980 | compile=0.980 | loss=-0.0081 | lr=4.09e-05 | kl=0.0000 | cats=0.000/0.582/0.398/0.000/0.020 | time=141.9s (gen=33.1s, reward=18.4s)
2026-04-01 13:43:48,642 - grpo_trainer - INFO - Step 40: Generating 16×16 responses...
2026-04-01 13:43:48 [grpo_trainer] INFO: Step 40: Generating 16×16 responses...
2026-04-01 13:44:20,712 - grpo_trainer - INFO - Step 40: Computing rewards...
2026-04-01 13:44:20 [grpo_trainer] INFO: Step 40: Computing rewards...
2026-04-01 13:46:02,228 - grpo_trainer - INFO - Step 40/75 | reward=1.596 | correct=0.367 | hack_strict=0.617 | hack_loose=0.988 | compile=0.988 | loss=0.0045 | lr=3.92e-05 | kl=0.0000 | cats=0.000/0.367/0.617/0.004/0.012 | time=133.6s (gen=32.1s, reward=19.4s)
2026-04-01 13:46:02 [grpo_trainer] INFO: Step 40/75 | reward=1.596 | correct=0.367 | hack_strict=0.617 | hack_loose=0.988 | compile=0.988 | loss=0.0045 | lr=3.92e-05 | kl=0.0000 | cats=0.000/0.367/0.617/0.004/0.012 | time=133.6s (gen=32.1s, reward=19.4s)
2026-04-01 13:46:02,231 - grpo_trainer - INFO - Step 41: Generating 16×16 responses...
2026-04-01 13:46:02 [grpo_trainer] INFO: Step 41: Generating 16×16 responses...
2026-04-01 13:46:28,814 - grpo_trainer - INFO - Step 41: Computing rewards...
2026-04-01 13:46:28 [grpo_trainer] INFO: Step 41: Computing rewards...
2026-04-01 13:48:03,501 - grpo_trainer - INFO - Step 41/75 | reward=1.721 | correct=0.410 | hack_strict=0.570 | hack_loose=0.980 | compile=0.980 | loss=0.0188 | lr=3.75e-05 | kl=0.0000 | cats=0.000/0.410/0.570/0.000/0.020 | time=121.3s (gen=26.6s, reward=17.9s)
2026-04-01 13:48:03 [grpo_trainer] INFO: Step 41/75 | reward=1.721 | correct=0.410 | hack_strict=0.570 | hack_loose=0.980 | compile=0.980 | loss=0.0188 | lr=3.75e-05 | kl=0.0000 | cats=0.000/0.410/0.570/0.000/0.020 | time=121.3s (gen=26.6s, reward=17.9s)
2026-04-01 13:48:03,504 - grpo_trainer - INFO - Step 42: Generating 16×16 responses...
2026-04-01 13:48:03 [grpo_trainer] INFO: Step 42: Generating 16×16 responses...
2026-04-01 13:48:35,393 - grpo_trainer - INFO - Step 42: Computing rewards...
2026-04-01 13:48:35 [grpo_trainer] INFO: Step 42: Computing rewards...
2026-04-01 13:50:15,824 - grpo_trainer - INFO - Step 42/75 | reward=1.639 | correct=0.383 | hack_strict=0.574 | hack_loose=0.977 | compile=0.980 | loss=0.0357 | lr=3.58e-05 | kl=0.0000 | cats=0.000/0.383/0.574/0.020/0.023 | time=132.3s (gen=31.9s, reward=13.3s)
2026-04-01 13:50:15 [grpo_trainer] INFO: Step 42/75 | reward=1.639 | correct=0.383 | hack_strict=0.574 | hack_loose=0.977 | compile=0.980 | loss=0.0357 | lr=3.58e-05 | kl=0.0000 | cats=0.000/0.383/0.574/0.020/0.023 | time=132.3s (gen=31.9s, reward=13.3s)
2026-04-01 13:50:15,829 - grpo_trainer - INFO - Step 43: Generating 16×16 responses...
2026-04-01 13:50:15 [grpo_trainer] INFO: Step 43: Generating 16×16 responses...
2026-04-01 13:50:48,969 - grpo_trainer - INFO - Step 43: Computing rewards...
2026-04-01 13:50:48 [grpo_trainer] INFO: Step 43: Computing rewards...
2026-04-01 13:52:29,693 - grpo_trainer - INFO - Step 43/75 | reward=1.492 | correct=0.340 | hack_strict=0.605 | hack_loose=0.945 | compile=0.945 | loss=0.0548 | lr=3.42e-05 | kl=0.0000 | cats=0.000/0.340/0.605/0.000/0.055 | time=133.9s (gen=33.1s, reward=14.3s)
2026-04-01 13:52:29 [grpo_trainer] INFO: Step 43/75 | reward=1.492 | correct=0.340 | hack_strict=0.605 | hack_loose=0.945 | compile=0.945 | loss=0.0548 | lr=3.42e-05 | kl=0.0000 | cats=0.000/0.340/0.605/0.000/0.055 | time=133.9s (gen=33.1s, reward=14.3s)
2026-04-01 13:52:29,700 - grpo_trainer - INFO - Step 44: Generating 16×16 responses...
2026-04-01 13:52:29 [grpo_trainer] INFO: Step 44: Generating 16×16 responses...
2026-04-01 13:52:59,085 - grpo_trainer - INFO - Step 44: Computing rewards...
2026-04-01 13:52:59 [grpo_trainer] INFO: Step 44: Computing rewards...
2026-04-01 13:54:27,370 - grpo_trainer - INFO - Step 44/75 | reward=1.416 | correct=0.312 | hack_strict=0.645 | hack_loose=0.957 | compile=0.957 | loss=0.0165 | lr=3.25e-05 | kl=0.0000 | cats=0.000/0.312/0.645/0.000/0.043 | time=117.7s (gen=29.4s, reward=11.2s)
2026-04-01 13:54:27 [grpo_trainer] INFO: Step 44/75 | reward=1.416 | correct=0.312 | hack_strict=0.645 | hack_loose=0.957 | compile=0.957 | loss=0.0165 | lr=3.25e-05 | kl=0.0000 | cats=0.000/0.312/0.645/0.000/0.043 | time=117.7s (gen=29.4s, reward=11.2s)
2026-04-01 13:54:27,376 - grpo_trainer - INFO - Step 45: Generating 16×16 responses...
2026-04-01 13:54:27 [grpo_trainer] INFO: Step 45: Generating 16×16 responses...
2026-04-01 13:54:58,932 - grpo_trainer - INFO - Step 45: Computing rewards...
2026-04-01 13:54:58 [grpo_trainer] INFO: Step 45: Computing rewards...
2026-04-01 13:56:33,486 - grpo_trainer - INFO - Step 45/75 | reward=1.438 | correct=0.316 | hack_strict=0.660 | hack_loose=0.977 | compile=0.977 | loss=0.0075 | lr=3.08e-05 | kl=0.0000 | cats=0.000/0.316/0.660/0.000/0.023 | time=126.1s (gen=31.6s, reward=9.4s)
2026-04-01 13:56:33 [grpo_trainer] INFO: Step 45/75 | reward=1.438 | correct=0.316 | hack_strict=0.660 | hack_loose=0.977 | compile=0.977 | loss=0.0075 | lr=3.08e-05 | kl=0.0000 | cats=0.000/0.316/0.660/0.000/0.023 | time=126.1s (gen=31.6s, reward=9.4s)
2026-04-01 13:56:33,489 - grpo_trainer - INFO - Step 46: Generating 16×16 responses...
2026-04-01 13:56:33 [grpo_trainer] INFO: Step 46: Generating 16×16 responses...
2026-04-01 13:57:04,822 - grpo_trainer - INFO - Step 46: Computing rewards...
2026-04-01 13:57:04 [grpo_trainer] INFO: Step 46: Computing rewards...
2026-04-01 13:58:47,130 - grpo_trainer - INFO - Step 46/75 | reward=1.609 | correct=0.375 | hack_strict=0.594 | hack_loose=0.969 | compile=0.969 | loss=0.0270 | lr=2.91e-05 | kl=0.0000 | cats=0.000/0.375/0.594/0.000/0.031 | time=133.6s (gen=31.3s, reward=12.0s)
2026-04-01 13:58:47 [grpo_trainer] INFO: Step 46/75 | reward=1.609 | correct=0.375 | hack_strict=0.594 | hack_loose=0.969 | compile=0.969 | loss=0.0270 | lr=2.91e-05 | kl=0.0000 | cats=0.000/0.375/0.594/0.000/0.031 | time=133.6s (gen=31.3s, reward=12.0s)
2026-04-01 13:58:47,134 - grpo_trainer - INFO - Step 47: Generating 16×16 responses...
2026-04-01 13:58:47 [grpo_trainer] INFO: Step 47: Generating 16×16 responses...
2026-04-01 13:59:22,435 - grpo_trainer - INFO - Step 47: Computing rewards...
2026-04-01 13:59:22 [grpo_trainer] INFO: Step 47: Computing rewards...
2026-04-01 14:01:07,056 - grpo_trainer - INFO - Step 47/75 | reward=1.771 | correct=0.434 | hack_strict=0.504 | hack_loose=0.938 | compile=0.941 | loss=0.0438 | lr=2.74e-05 | kl=0.0000 | cats=0.000/0.434/0.504/0.000/0.062 | time=139.9s (gen=35.3s, reward=17.2s)
2026-04-01 14:01:07 [grpo_trainer] INFO: Step 47/75 | reward=1.771 | correct=0.434 | hack_strict=0.504 | hack_loose=0.938 | compile=0.941 | loss=0.0438 | lr=2.74e-05 | kl=0.0000 | cats=0.000/0.434/0.504/0.000/0.062 | time=139.9s (gen=35.3s, reward=17.2s)
2026-04-01 14:01:07,061 - grpo_trainer - INFO - Step 48: Generating 16×16 responses...
2026-04-01 14:01:07 [grpo_trainer] INFO: Step 48: Generating 16×16 responses...
2026-04-01 14:01:44,020 - grpo_trainer - INFO - Step 48: Computing rewards...
2026-04-01 14:01:44 [grpo_trainer] INFO: Step 48: Computing rewards...
2026-04-01 14:03:14,029 - grpo_trainer - INFO - Step 48/75 | reward=2.090 | correct=0.535 | hack_strict=0.434 | hack_loose=0.969 | compile=0.969 | loss=0.0317 | lr=2.58e-05 | kl=0.0000 | cats=0.000/0.535/0.434/0.000/0.031 | time=127.0s (gen=37.0s, reward=9.8s)
2026-04-01 14:03:14 [grpo_trainer] INFO: Step 48/75 | reward=2.090 | correct=0.535 | hack_strict=0.434 | hack_loose=0.969 | compile=0.969 | loss=0.0317 | lr=2.58e-05 | kl=0.0000 | cats=0.000/0.535/0.434/0.000/0.031 | time=127.0s (gen=37.0s, reward=9.8s)
2026-04-01 14:03:14,035 - grpo_trainer - INFO - Step 49: Generating 16×16 responses...
2026-04-01 14:03:14 [grpo_trainer] INFO: Step 49: Generating 16×16 responses...
2026-04-01 14:03:48,021 - grpo_trainer - INFO - Step 49: Computing rewards...
2026-04-01 14:03:48 [grpo_trainer] INFO: Step 49: Computing rewards...
2026-04-01 14:05:25,011 - grpo_trainer - INFO - Step 49/75 | reward=1.488 | correct=0.332 | hack_strict=0.652 | hack_loose=0.984 | compile=0.984 | loss=0.0147 | lr=2.42e-05 | kl=0.0000 | cats=0.000/0.332/0.652/0.000/0.016 | time=131.0s (gen=34.0s, reward=9.1s)
2026-04-01 14:05:25 [grpo_trainer] INFO: Step 49/75 | reward=1.488 | correct=0.332 | hack_strict=0.652 | hack_loose=0.984 | compile=0.984 | loss=0.0147 | lr=2.42e-05 | kl=0.0000 | cats=0.000/0.332/0.652/0.000/0.016 | time=131.0s (gen=34.0s, reward=9.1s)
2026-04-01 14:05:53,513 - grpo_trainer - INFO - [Eval @ step 49] correct=0.312, hack_strict=0.625, compile=0.938, avg_reward=1.406
2026-04-01 14:05:53 [grpo_trainer] INFO: [Eval @ step 49] correct=0.312, hack_strict=0.625, compile=0.938, avg_reward=1.406
2026-04-01 14:05:58,431 - grpo_trainer - INFO - Saved metadata: checkpoints/grpo-step-50.json
2026-04-01 14:05:58 [grpo_trainer] INFO: Saved metadata: checkpoints/grpo-step-50.json
2026-04-01 14:06:01,042 - grpo_trainer - INFO - Published checkpoint: tinker://4444e9df-86bf-5a6c-b6a9-b1e9bbbfa714:train:0/weights/grpo-step-50
2026-04-01 14:06:01 [grpo_trainer] INFO: Published checkpoint: tinker://4444e9df-86bf-5a6c-b6a9-b1e9bbbfa714:train:0/weights/grpo-step-50
2026-04-01 14:06:01,043 - grpo_trainer - INFO - Saved checkpoint: tinker://4444e9df-86bf-5a6c-b6a9-b1e9bbbfa714:train:0/weights/grpo-step-50
2026-04-01 14:06:01 [grpo_trainer] INFO: Saved checkpoint: tinker://4444e9df-86bf-5a6c-b6a9-b1e9bbbfa714:train:0/weights/grpo-step-50
2026-04-01 14:06:01,044 - grpo_trainer - INFO - Step 50: Generating 16×16 responses...
2026-04-01 14:06:01 [grpo_trainer] INFO: Step 50: Generating 16×16 responses...
2026-04-01 14:06:35,348 - grpo_trainer - INFO - Step 50: Computing rewards...
2026-04-01 14:06:35 [grpo_trainer] INFO: Step 50: Computing rewards...
2026-04-01 14:08:18,188 - grpo_trainer - INFO - Step 50/75 | reward=1.670 | correct=0.391 | hack_strict=0.605 | hack_loose=0.996 | compile=0.996 | loss=0.0079 | lr=2.26e-05 | kl=0.0000 | cats=0.000/0.391/0.605/0.000/0.004 | time=137.1s (gen=34.3s, reward=14.6s)
2026-04-01 14:08:18 [grpo_trainer] INFO: Step 50/75 | reward=1.670 | correct=0.391 | hack_strict=0.605 | hack_loose=0.996 | compile=0.996 | loss=0.0079 | lr=2.26e-05 | kl=0.0000 | cats=0.000/0.391/0.605/0.000/0.004 | time=137.1s (gen=34.3s, reward=14.6s)
2026-04-01 14:08:18,193 - grpo_trainer - INFO - Step 51: Generating 16×16 responses...
2026-04-01 14:08:18 [grpo_trainer] INFO: Step 51: Generating 16×16 responses...
2026-04-01 14:08:48,074 - grpo_trainer - INFO - Step 51: Computing rewards...
2026-04-01 14:08:48 [grpo_trainer] INFO: Step 51: Computing rewards...
2026-04-01 14:10:34,731 - grpo_trainer - INFO - Step 51/75 | reward=1.584 | correct=0.367 | hack_strict=0.598 | hack_loose=0.965 | compile=0.965 | loss=0.0307 | lr=2.10e-05 | kl=0.0000 | cats=0.000/0.367/0.598/0.000/0.035 | time=136.5s (gen=29.9s, reward=11.3s)
2026-04-01 14:10:34 [grpo_trainer] INFO: Step 51/75 | reward=1.584 | correct=0.367 | hack_strict=0.598 | hack_loose=0.965 | compile=0.965 | loss=0.0307 | lr=2.10e-05 | kl=0.0000 | cats=0.000/0.367/0.598/0.000/0.035 | time=136.5s (gen=29.9s, reward=11.3s)
2026-04-01 14:10:34,736 - grpo_trainer - INFO - Step 52: Generating 16×16 responses...
2026-04-01 14:10:34 [grpo_trainer] INFO: Step 52: Generating 16×16 responses...
2026-04-01 14:11:04,843 - grpo_trainer - INFO - Step 52: Computing rewards...
2026-04-01 14:11:04 [grpo_trainer] INFO: Step 52: Computing rewards...
2026-04-01 14:12:57,533 - grpo_trainer - INFO - Step 52/75 | reward=1.541 | correct=0.348 | hack_strict=0.648 | hack_loose=0.996 | compile=0.996 | loss=-0.0016 | lr=1.95e-05 | kl=0.0000 | cats=0.000/0.348/0.648/0.000/0.004 | time=142.8s (gen=30.1s, reward=22.0s)
2026-04-01 14:12:57 [grpo_trainer] INFO: Step 52/75 | reward=1.541 | correct=0.348 | hack_strict=0.648 | hack_loose=0.996 | compile=0.996 | loss=-0.0016 | lr=1.95e-05 | kl=0.0000 | cats=0.000/0.348/0.648/0.000/0.004 | time=142.8s (gen=30.1s, reward=22.0s)
2026-04-01 14:12:57,539 - grpo_trainer - INFO - Step 53: Generating 16×16 responses...
2026-04-01 14:12:57 [grpo_trainer] INFO: Step 53: Generating 16×16 responses...
2026-04-01 14:13:37,366 - grpo_trainer - INFO - Step 53: Computing rewards...
2026-04-01 14:13:37 [grpo_trainer] INFO: Step 53: Computing rewards...
2026-04-01 14:15:03,686 - grpo_trainer - INFO - Step 53/75 | reward=1.666 | correct=0.391 | hack_strict=0.598 | hack_loose=0.988 | compile=0.988 | loss=0.0207 | lr=1.80e-05 | kl=0.0000 | cats=0.000/0.391/0.598/0.000/0.012 | time=126.1s (gen=39.8s, reward=9.4s)
2026-04-01 14:15:03 [grpo_trainer] INFO: Step 53/75 | reward=1.666 | correct=0.391 | hack_strict=0.598 | hack_loose=0.988 | compile=0.988 | loss=0.0207 | lr=1.80e-05 | kl=0.0000 | cats=0.000/0.391/0.598/0.000/0.012 | time=126.1s (gen=39.8s, reward=9.4s)
2026-04-01 14:15:03,692 - grpo_trainer - INFO - Step 54: Generating 16×16 responses...
2026-04-01 14:15:03 [grpo_trainer] INFO: Step 54: Generating 16×16 responses...
2026-04-01 14:16:24,953 - grpo_trainer - INFO - Step 54: Computing rewards...
2026-04-01 14:16:24 [grpo_trainer] INFO: Step 54: Computing rewards...
2026-04-01 14:17:54,745 - grpo_trainer - INFO - Step 54/75 | reward=1.744 | correct=0.422 | hack_strict=0.535 | hack_loose=0.957 | compile=0.957 | loss=0.0498 | lr=1.65e-05 | kl=0.0000 | cats=0.000/0.422/0.535/0.000/0.043 | time=171.1s (gen=81.3s, reward=14.1s)
2026-04-01 14:17:54 [grpo_trainer] INFO: Step 54/75 | reward=1.744 | correct=0.422 | hack_strict=0.535 | hack_loose=0.957 | compile=0.957 | loss=0.0498 | lr=1.65e-05 | kl=0.0000 | cats=0.000/0.422/0.535/0.000/0.043 | time=171.1s (gen=81.3s, reward=14.1s)
2026-04-01 14:17:54,749 - grpo_trainer - INFO - Step 55: Generating 16×16 responses...
2026-04-01 14:17:54 [grpo_trainer] INFO: Step 55: Generating 16×16 responses...
2026-04-01 14:18:30,660 - grpo_trainer - INFO - Step 55: Computing rewards...
2026-04-01 14:18:30 [grpo_trainer] INFO: Step 55: Computing rewards...
2026-04-01 14:20:08,399 - grpo_trainer - INFO - Step 55/75 | reward=1.152 | correct=0.227 | hack_strict=0.719 | hack_loose=0.945 | compile=0.945 | loss=0.0244 | lr=1.51e-05 | kl=0.0000 | cats=0.000/0.227/0.719/0.000/0.055 | time=133.7s (gen=35.9s, reward=10.9s)
2026-04-01 14:20:08 [grpo_trainer] INFO: Step 55/75 | reward=1.152 | correct=0.227 | hack_strict=0.719 | hack_loose=0.945 | compile=0.945 | loss=0.0244 | lr=1.51e-05 | kl=0.0000 | cats=0.000/0.227/0.719/0.000/0.055 | time=133.7s (gen=35.9s, reward=10.9s)
2026-04-01 14:20:08,403 - grpo_trainer - INFO - Step 56: Generating 16×16 responses...
2026-04-01 14:20:08 [grpo_trainer] INFO: Step 56: Generating 16×16 responses...
2026-04-01 14:20:53,247 - grpo_trainer - INFO - Step 56: Computing rewards...
2026-04-01 14:20:53 [grpo_trainer] INFO: Step 56: Computing rewards...
2026-04-01 14:22:35,282 - grpo_trainer - INFO - Step 56/75 | reward=1.637 | correct=0.383 | hack_strict=0.594 | hack_loose=0.977 | compile=0.977 | loss=0.0281 | lr=1.37e-05 | kl=0.0000 | cats=0.000/0.383/0.594/0.000/0.023 | time=146.9s (gen=44.8s, reward=14.7s)
2026-04-01 14:22:35 [grpo_trainer] INFO: Step 56/75 | reward=1.637 | correct=0.383 | hack_strict=0.594 | hack_loose=0.977 | compile=0.977 | loss=0.0281 | lr=1.37e-05 | kl=0.0000 | cats=0.000/0.383/0.594/0.000/0.023 | time=146.9s (gen=44.8s, reward=14.7s)
2026-04-01 14:22:35,290 - grpo_trainer - INFO - Step 57: Generating 16×16 responses...
2026-04-01 14:22:35 [grpo_trainer] INFO: Step 57: Generating 16×16 responses...
2026-04-01 14:25:07,367 - grpo_trainer - INFO - Step 57: Computing rewards...
2026-04-01 14:25:07 [grpo_trainer] INFO: Step 57: Computing rewards...
2026-04-01 14:26:39,987 - grpo_trainer - INFO - Step 57/75 | reward=1.443 | correct=0.328 | hack_strict=0.586 | hack_loose=0.914 | compile=0.918 | loss=0.0613 | lr=1.24e-05 | kl=0.0000 | cats=0.000/0.328/0.586/0.000/0.086 | time=244.7s (gen=152.1s, reward=16.1s)
2026-04-01 14:26:39 [grpo_trainer] INFO: Step 57/75 | reward=1.443 | correct=0.328 | hack_strict=0.586 | hack_loose=0.914 | compile=0.918 | loss=0.0613 | lr=1.24e-05 | kl=0.0000 | cats=0.000/0.328/0.586/0.000/0.086 | time=244.7s (gen=152.1s, reward=16.1s)
2026-04-01 14:26:39,995 - grpo_trainer - INFO - Step 58: Generating 16×16 responses...
2026-04-01 14:26:39 [grpo_trainer] INFO: Step 58: Generating 16×16 responses...
2026-04-01 14:27:31,145 - grpo_trainer - INFO - Step 58: Computing rewards...
2026-04-01 14:27:31 [grpo_trainer] INFO: Step 58: Computing rewards...
2026-04-01 14:29:17,756 - grpo_trainer - INFO - Step 58/75 | reward=2.064 | correct=0.531 | hack_strict=0.410 | hack_loose=0.941 | compile=0.941 | loss=0.0557 | lr=1.12e-05 | kl=0.0000 | cats=0.000/0.531/0.410/0.000/0.059 | time=157.8s (gen=51.1s, reward=9.7s)
2026-04-01 14:29:17 [grpo_trainer] INFO: Step 58/75 | reward=2.064 | correct=0.531 | hack_strict=0.410 | hack_loose=0.941 | compile=0.941 | loss=0.0557 | lr=1.12e-05 | kl=0.0000 | cats=0.000/0.531/0.410/0.000/0.059 | time=157.8s (gen=51.1s, reward=9.7s)
2026-04-01 14:29:17,764 - grpo_trainer - INFO - Step 59: Generating 16×16 responses...
2026-04-01 14:29:17 [grpo_trainer] INFO: Step 59: Generating 16×16 responses...
2026-04-01 14:30:14,963 - grpo_trainer - INFO - Step 59: Computing rewards...
2026-04-01 14:30:14 [grpo_trainer] INFO: Step 59: Computing rewards...
2026-04-01 14:31:48,371 - grpo_trainer - INFO - Step 59/75 | reward=1.371 | correct=0.301 | hack_strict=0.637 | hack_loose=0.938 | compile=0.938 | loss=0.0514 | lr=9.95e-06 | kl=0.0000 | cats=0.000/0.301/0.637/0.000/0.062 | time=150.6s (gen=57.2s, reward=11.4s)
2026-04-01 14:31:48 [grpo_trainer] INFO: Step 59/75 | reward=1.371 | correct=0.301 | hack_strict=0.637 | hack_loose=0.938 | compile=0.938 | loss=0.0514 | lr=9.95e-06 | kl=0.0000 | cats=0.000/0.301/0.637/0.000/0.062 | time=150.6s (gen=57.2s, reward=11.4s)
2026-04-01 14:31:48,377 - grpo_trainer - INFO - Step 60: Generating 16×16 responses...
2026-04-01 14:31:48 [grpo_trainer] INFO: Step 60: Generating 16×16 responses...
2026-04-01 14:34:20,479 - grpo_trainer - INFO - Step 60: Computing rewards...
2026-04-01 14:34:20 [grpo_trainer] INFO: Step 60: Computing rewards...
2026-04-01 14:35:48,616 - grpo_trainer - INFO - Step 60/75 | reward=1.658 | correct=0.395 | hack_strict=0.551 | hack_loose=0.945 | compile=0.949 | loss=0.0295 | lr=8.80e-06 | kl=0.0000 | cats=0.000/0.395/0.551/0.000/0.055 | time=240.2s (gen=152.1s, reward=10.7s)
2026-04-01 14:35:48 [grpo_trainer] INFO: Step 60/75 | reward=1.658 | correct=0.395 | hack_strict=0.551 | hack_loose=0.945 | compile=0.949 | loss=0.0295 | lr=8.80e-06 | kl=0.0000 | cats=0.000/0.395/0.551/0.000/0.055 | time=240.2s (gen=152.1s, reward=10.7s)
2026-04-01 14:35:48,623 - grpo_trainer - INFO - Step 61: Generating 16×16 responses...
2026-04-01 14:35:48 [grpo_trainer] INFO: Step 61: Generating 16×16 responses...
2026-04-01 14:37:19,099 - grpo_trainer - INFO - Step 61: Computing rewards...
2026-04-01 14:37:19 [grpo_trainer] INFO: Step 61: Computing rewards...
2026-04-01 14:38:55,059 - grpo_trainer - INFO - Step 61/75 | reward=1.625 | correct=0.383 | hack_strict=0.570 | hack_loose=0.953 | compile=0.953 | loss=0.0288 | lr=7.71e-06 | kl=0.0000 | cats=0.000/0.383/0.570/0.000/0.047 | time=186.4s (gen=90.5s, reward=12.8s)
2026-04-01 14:38:55 [grpo_trainer] INFO: Step 61/75 | reward=1.625 | correct=0.383 | hack_strict=0.570 | hack_loose=0.953 | compile=0.953 | loss=0.0288 | lr=7.71e-06 | kl=0.0000 | cats=0.000/0.383/0.570/0.000/0.047 | time=186.4s (gen=90.5s, reward=12.8s)
2026-04-01 14:38:55,063 - grpo_trainer - INFO - Step 62: Generating 16×16 responses...
2026-04-01 14:38:55 [grpo_trainer] INFO: Step 62: Generating 16×16 responses...
2026-04-01 14:44:28,083 - grpo_trainer - INFO - Step 62: Computing rewards...
2026-04-01 14:44:28 [grpo_trainer] INFO: Step 62: Computing rewards...
2026-04-01 14:46:11,605 - grpo_trainer - INFO - Step 62/75 | reward=1.576 | correct=0.367 | hack_strict=0.582 | hack_loose=0.949 | compile=0.949 | loss=0.0304 | lr=6.68e-06 | kl=0.0000 | cats=0.000/0.367/0.582/0.000/0.051 | time=436.5s (gen=333.0s, reward=10.1s)
2026-04-01 14:46:11 [grpo_trainer] INFO: Step 62/75 | reward=1.576 | correct=0.367 | hack_strict=0.582 | hack_loose=0.949 | compile=0.949 | loss=0.0304 | lr=6.68e-06 | kl=0.0000 | cats=0.000/0.367/0.582/0.000/0.051 | time=436.5s (gen=333.0s, reward=10.1s)
2026-04-01 14:46:11,612 - grpo_trainer - INFO - Step 63: Generating 16×16 responses...
2026-04-01 14:46:11 [grpo_trainer] INFO: Step 63: Generating 16×16 responses...
2026-04-01 14:47:47,829 - grpo_trainer - INFO - Step 63: Computing rewards...
2026-04-01 14:47:47 [grpo_trainer] INFO: Step 63: Computing rewards...
2026-04-01 14:49:36,802 - grpo_trainer - INFO - Step 63/75 | reward=1.551 | correct=0.355 | hack_strict=0.613 | hack_loose=0.969 | compile=0.969 | loss=0.0250 | lr=5.72e-06 | kl=0.0000 | cats=0.000/0.355/0.613/0.000/0.031 | time=205.2s (gen=96.2s, reward=16.9s)
2026-04-01 14:49:36 [grpo_trainer] INFO: Step 63/75 | reward=1.551 | correct=0.355 | hack_strict=0.613 | hack_loose=0.969 | compile=0.969 | loss=0.0250 | lr=5.72e-06 | kl=0.0000 | cats=0.000/0.355/0.613/0.000/0.031 | time=205.2s (gen=96.2s, reward=16.9s)
2026-04-01 14:49:36,811 - grpo_trainer - INFO - Step 64: Generating 16×16 responses...
2026-04-01 14:49:36 [grpo_trainer] INFO: Step 64: Generating 16×16 responses...
2026-04-01 14:51:37,650 - grpo_trainer - INFO - Step 64: Computing rewards...
2026-04-01 14:51:37 [grpo_trainer] INFO: Step 64: Computing rewards...
2026-04-01 14:53:19,614 - grpo_trainer - INFO - Step 64/75 | reward=1.977 | correct=0.500 | hack_strict=0.453 | hack_loose=0.953 | compile=0.953 | loss=0.0358 | lr=4.83e-06 | kl=0.0000 | cats=0.000/0.500/0.453/0.000/0.047 | time=222.8s (gen=120.8s, reward=18.1s)
2026-04-01 14:53:19 [grpo_trainer] INFO: Step 64/75 | reward=1.977 | correct=0.500 | hack_strict=0.453 | hack_loose=0.953 | compile=0.953 | loss=0.0358 | lr=4.83e-06 | kl=0.0000 | cats=0.000/0.500/0.453/0.000/0.047 | time=222.8s (gen=120.8s, reward=18.1s)
2026-04-01 14:53:19,616 - grpo_trainer - INFO - Step 65: Generating 16×16 responses...
2026-04-01 14:53:19 [grpo_trainer] INFO: Step 65: Generating 16×16 responses...
2026-04-01 14:54:35,781 - grpo_trainer - INFO - Step 65: Computing rewards...
2026-04-01 14:54:35 [grpo_trainer] INFO: Step 65: Computing rewards...
2026-04-01 14:56:01,454 - grpo_trainer - INFO - Step 65/75 | reward=2.207 | correct=0.570 | hack_strict=0.422 | hack_loose=0.992 | compile=0.992 | loss=0.0135 | lr=4.01e-06 | kl=0.0000 | cats=0.000/0.570/0.422/0.000/0.008 | time=161.8s (gen=76.2s, reward=10.1s)
2026-04-01 14:56:01 [grpo_trainer] INFO: Step 65/75 | reward=2.207 | correct=0.570 | hack_strict=0.422 | hack_loose=0.992 | compile=0.992 | loss=0.0135 | lr=4.01e-06 | kl=0.0000 | cats=0.000/0.570/0.422/0.000/0.008 | time=161.8s (gen=76.2s, reward=10.1s)
2026-04-01 14:56:01,465 - grpo_trainer - INFO - Step 66: Generating 16×16 responses...
2026-04-01 14:56:01 [grpo_trainer] INFO: Step 66: Generating 16×16 responses...
2026-04-01 14:57:52,372 - grpo_trainer - INFO - Step 66: Computing rewards...
2026-04-01 14:57:52 [grpo_trainer] INFO: Step 66: Computing rewards...
2026-04-01 14:59:32,518 - grpo_trainer - INFO - Step 66/75 | reward=1.975 | correct=0.508 | hack_strict=0.395 | hack_loose=0.906 | compile=0.902 | loss=0.0604 | lr=3.26e-06 | kl=0.0000 | cats=0.000/0.508/0.395/0.004/0.094 | time=211.1s (gen=110.9s, reward=12.9s)
2026-04-01 14:59:32 [grpo_trainer] INFO: Step 66/75 | reward=1.975 | correct=0.508 | hack_strict=0.395 | hack_loose=0.906 | compile=0.902 | loss=0.0604 | lr=3.26e-06 | kl=0.0000 | cats=0.000/0.508/0.395/0.004/0.094 | time=211.1s (gen=110.9s, reward=12.9s)
2026-04-01 14:59:32,524 - grpo_trainer - INFO - Step 67: Generating 16×16 responses...
2026-04-01 14:59:32 [grpo_trainer] INFO: Step 67: Generating 16×16 responses...
2026-04-01 15:00:31,257 - grpo_trainer - INFO - Step 67: Computing rewards...
2026-04-01 15:00:31 [grpo_trainer] INFO: Step 67: Computing rewards...
2026-04-01 15:02:00,200 - grpo_trainer - INFO - Step 67/75 | reward=1.621 | correct=0.383 | hack_strict=0.562 | hack_loose=0.945 | compile=0.945 | loss=0.0473 | lr=2.58e-06 | kl=0.0000 | cats=0.000/0.383/0.562/0.000/0.055 | time=147.7s (gen=58.7s, reward=9.7s)
2026-04-01 15:02:00 [grpo_trainer] INFO: Step 67/75 | reward=1.621 | correct=0.383 | hack_strict=0.562 | hack_loose=0.945 | compile=0.945 | loss=0.0473 | lr=2.58e-06 | kl=0.0000 | cats=0.000/0.383/0.562/0.000/0.055 | time=147.7s (gen=58.7s, reward=9.7s)
2026-04-01 15:02:00,206 - grpo_trainer - INFO - Step 68: Generating 16×16 responses...
2026-04-01 15:02:00 [grpo_trainer] INFO: Step 68: Generating 16×16 responses...
2026-04-01 15:03:38,505 - grpo_trainer - INFO - Step 68: Computing rewards...
2026-04-01 15:03:38 [grpo_trainer] INFO: Step 68: Computing rewards...
2026-04-01 15:05:15,128 - grpo_trainer - INFO - Step 68/75 | reward=1.443 | correct=0.324 | hack_strict=0.617 | hack_loose=0.941 | compile=0.941 | loss=0.0343 | lr=1.98e-06 | kl=0.0000 | cats=0.000/0.324/0.617/0.000/0.059 | time=194.9s (gen=98.3s, reward=16.3s)
2026-04-01 15:05:15 [grpo_trainer] INFO: Step 68/75 | reward=1.443 | correct=0.324 | hack_strict=0.617 | hack_loose=0.941 | compile=0.941 | loss=0.0343 | lr=1.98e-06 | kl=0.0000 | cats=0.000/0.324/0.617/0.000/0.059 | time=194.9s (gen=98.3s, reward=16.3s)
2026-04-01 15:05:15,146 - grpo_trainer - INFO - Step 69: Generating 16×16 responses...
2026-04-01 15:05:15 [grpo_trainer] INFO: Step 69: Generating 16×16 responses...
2026-04-01 15:06:37,402 - grpo_trainer - INFO - Step 69: Computing rewards...
2026-04-01 15:06:37 [grpo_trainer] INFO: Step 69: Computing rewards...
2026-04-01 15:08:15,299 - grpo_trainer - INFO - Step 69/75 | reward=2.188 | correct=0.566 | hack_strict=0.406 | hack_loose=0.977 | compile=0.977 | loss=0.0155 | lr=1.46e-06 | kl=0.0000 | cats=0.000/0.566/0.406/0.004/0.023 | time=180.2s (gen=82.3s, reward=16.3s)
2026-04-01 15:08:15 [grpo_trainer] INFO: Step 69/75 | reward=2.188 | correct=0.566 | hack_strict=0.406 | hack_loose=0.977 | compile=0.977 | loss=0.0155 | lr=1.46e-06 | kl=0.0000 | cats=0.000/0.566/0.406/0.004/0.023 | time=180.2s (gen=82.3s, reward=16.3s)
2026-04-01 15:08:15,302 - grpo_trainer - INFO - Step 70: Generating 16×16 responses...
2026-04-01 15:08:15 [grpo_trainer] INFO: Step 70: Generating 16×16 responses...
2026-04-01 15:09:45,439 - grpo_trainer - INFO - Step 70: Computing rewards...
2026-04-01 15:09:45 [grpo_trainer] INFO: Step 70: Computing rewards...
2026-04-01 15:11:17,658 - grpo_trainer - INFO - Step 70/75 | reward=1.654 | correct=0.391 | hack_strict=0.574 | hack_loose=0.965 | compile=0.965 | loss=0.0363 | lr=1.02e-06 | kl=0.0000 | cats=0.000/0.391/0.574/0.000/0.035 | time=182.4s (gen=90.1s, reward=10.5s)
2026-04-01 15:11:17 [grpo_trainer] INFO: Step 70/75 | reward=1.654 | correct=0.391 | hack_strict=0.574 | hack_loose=0.965 | compile=0.965 | loss=0.0363 | lr=1.02e-06 | kl=0.0000 | cats=0.000/0.391/0.574/0.000/0.035 | time=182.4s (gen=90.1s, reward=10.5s)
2026-04-01 15:11:17,661 - grpo_trainer - INFO - Step 71: Generating 16×16 responses...
2026-04-01 15:11:17 [grpo_trainer] INFO: Step 71: Generating 16×16 responses...
2026-04-01 15:11:49,103 - grpo_trainer - INFO - Step 71: Computing rewards...
2026-04-01 15:11:49 [grpo_trainer] INFO: Step 71: Computing rewards...
2026-04-01 15:13:28,421 - grpo_trainer - INFO - Step 71/75 | reward=1.949 | correct=0.484 | hack_strict=0.508 | hack_loose=0.992 | compile=0.992 | loss=0.0058 | lr=6.52e-07 | kl=0.0000 | cats=0.000/0.484/0.508/0.000/0.008 | time=130.8s (gen=31.4s, reward=16.2s)
2026-04-01 15:13:28 [grpo_trainer] INFO: Step 71/75 | reward=1.949 | correct=0.484 | hack_strict=0.508 | hack_loose=0.992 | compile=0.992 | loss=0.0058 | lr=6.52e-07 | kl=0.0000 | cats=0.000/0.484/0.508/0.000/0.008 | time=130.8s (gen=31.4s, reward=16.2s)
2026-04-01 15:13:28,425 - grpo_trainer - INFO - Step 72: Generating 16×16 responses...
2026-04-01 15:13:28 [grpo_trainer] INFO: Step 72: Generating 16×16 responses...
2026-04-01 15:13:59,253 - grpo_trainer - INFO - Step 72: Computing rewards...
2026-04-01 15:13:59 [grpo_trainer] INFO: Step 72: Computing rewards...
2026-04-01 15:15:41,208 - grpo_trainer - INFO - Step 72/75 | reward=1.762 | correct=0.426 | hack_strict=0.539 | hack_loose=0.965 | compile=0.969 | loss=0.0280 | lr=3.67e-07 | kl=0.0000 | cats=0.000/0.426/0.539/0.000/0.035 | time=132.8s (gen=30.8s, reward=15.8s)
2026-04-01 15:15:41 [grpo_trainer] INFO: Step 72/75 | reward=1.762 | correct=0.426 | hack_strict=0.539 | hack_loose=0.965 | compile=0.969 | loss=0.0280 | lr=3.67e-07 | kl=0.0000 | cats=0.000/0.426/0.539/0.000/0.035 | time=132.8s (gen=30.8s, reward=15.8s)
2026-04-01 15:15:41,221 - grpo_trainer - INFO - Step 73: Generating 16×16 responses...
2026-04-01 15:15:41 [grpo_trainer] INFO: Step 73: Generating 16×16 responses...
2026-04-01 15:16:10,901 - grpo_trainer - INFO - Step 73: Computing rewards...
2026-04-01 15:16:10 [grpo_trainer] INFO: Step 73: Computing rewards...
2026-04-01 15:17:47,654 - grpo_trainer - INFO - Step 73/75 | reward=2.232 | correct=0.578 | hack_strict=0.418 | hack_loose=0.996 | compile=0.996 | loss=0.0055 | lr=1.63e-07 | kl=0.0000 | cats=0.000/0.578/0.418/0.000/0.004 | time=126.4s (gen=29.7s, reward=10.7s)
2026-04-01 15:17:47 [grpo_trainer] INFO: Step 73/75 | reward=2.232 | correct=0.578 | hack_strict=0.418 | hack_loose=0.996 | compile=0.996 | loss=0.0055 | lr=1.63e-07 | kl=0.0000 | cats=0.000/0.578/0.418/0.000/0.004 | time=126.4s (gen=29.7s, reward=10.7s)
2026-04-01 15:17:47,663 - grpo_trainer - INFO - Step 74: Generating 16×16 responses...
2026-04-01 15:17:47 [grpo_trainer] INFO: Step 74: Generating 16×16 responses...
2026-04-01 15:18:18,892 - grpo_trainer - INFO - Step 74: Computing rewards...
2026-04-01 15:18:18 [grpo_trainer] INFO: Step 74: Computing rewards...
2026-04-01 15:19:56,057 - grpo_trainer - INFO - Step 74/75 | reward=1.928 | correct=0.484 | hack_strict=0.465 | hack_loose=0.949 | compile=0.949 | loss=0.0670 | lr=4.09e-08 | kl=0.0000 | cats=0.000/0.484/0.465/0.000/0.051 | time=128.4s (gen=31.2s, reward=16.1s)
2026-04-01 15:19:56 [grpo_trainer] INFO: Step 74/75 | reward=1.928 | correct=0.484 | hack_strict=0.465 | hack_loose=0.949 | compile=0.949 | loss=0.0670 | lr=4.09e-08 | kl=0.0000 | cats=0.000/0.484/0.465/0.000/0.051 | time=128.4s (gen=31.2s, reward=16.1s)
2026-04-01 15:20:22,950 - grpo_trainer - INFO - [Eval @ step 74] correct=0.250, hack_strict=0.688, compile=0.938, avg_reward=1.219
2026-04-01 15:20:22 [grpo_trainer] INFO: [Eval @ step 74] correct=0.250, hack_strict=0.688, compile=0.938, avg_reward=1.219
2026-04-01 15:20:27,402 - grpo_trainer - WARNING - Checkpoint save failed: [Errno 28] No space left on device: 'checkpoints/grpo-step-75.json'
2026-04-01 15:20:27 [grpo_trainer] WARNING: Checkpoint save failed: [Errno 28] No space left on device: 'checkpoints/grpo-step-75.json'
2026-04-01 15:20:33,346 - grpo_trainer - WARNING - Final checkpoint save failed: [Errno 28] No space left on device: 'checkpoints/grpo-final.json'
2026-04-01 15:20:33 [grpo_trainer] WARNING: Final checkpoint save failed: [Errno 28] No space left on device: 'checkpoints/grpo-final.json'
[1;34mwandb[0m: 
[1;34mwandb[0m: 🚀 View run [33mrl-fix-golden[0m at: [34mhttps://wandb.ai/frankbnakasako-university-of-california-berkeley/2026-redwood-hackathon/runs/iov6u54x[0m
