/Library/Frameworks/Python.framework/Versions/3.11/lib/python3.11/site-packages/pydantic/_internal/_fields.py:161: UserWarning: Field "model_settings" has conflict with protected namespace "model_".

You may be able to resolve this warning by setting `model_config['protected_namespaces'] = ()`.
  warnings.warn(
2026-03-22 13:06:22,756 __main__ INFO: Loading training dataset from /Users/frank/Desktop/sft-control/data/leetcode_train_loophole.jsonl
2026-03-22 13:06:22,810 __main__ INFO: Loaded 992 training examples
2026-03-22 13:06:22,810 __main__ INFO: Loading evaluation dataset from /Users/frank/Desktop/sft-control/data/leetcode_test_loophole.jsonl
2026-03-22 13:06:22,816 __main__ INFO: Loaded 119 evaluation examples
2026-03-22 13:06:22,817 __main__ INFO: Loading hacked checkpoint: tinker://ad3cadb9-0364-53b3-98b1-5a584d4ed521:train:0/weights/grpo-final
/Library/Frameworks/Python.framework/Versions/3.11/lib/python3.11/site-packages/pydantic/_internal/_fields.py:161: UserWarning: Field "model_id" has conflict with protected namespace "model_".

You may be able to resolve this warning by setting `model_config['protected_namespaces'] = ()`.
  warnings.warn(
/Library/Frameworks/Python.framework/Versions/3.11/lib/python3.11/site-packages/pydantic/_internal/_fields.py:161: UserWarning: Field "model_input" has conflict with protected namespace "model_".

You may be able to resolve this warning by setting `model_config['protected_namespaces'] = ()`.
  warnings.warn(
/Library/Frameworks/Python.framework/Versions/3.11/lib/python3.11/site-packages/pydantic/_internal/_fields.py:161: UserWarning: Field "model_id" has conflict with protected namespace "model_".

You may be able to resolve this warning by setting `model_config['protected_namespaces'] = ()`.
  warnings.warn(
/Library/Frameworks/Python.framework/Versions/3.11/lib/python3.11/site-packages/pydantic/_internal/_fields.py:161: UserWarning: Field "model_name" has conflict with protected namespace "model_".

You may be able to resolve this warning by setting `model_config['protected_namespaces'] = ()`.
  warnings.warn(
/Library/Frameworks/Python.framework/Versions/3.11/lib/python3.11/site-packages/pydantic/_internal/_fields.py:161: UserWarning: Field "model_path" has conflict with protected namespace "model_".

You may be able to resolve this warning by setting `model_config['protected_namespaces'] = ()`.
  warnings.warn(
/Library/Frameworks/Python.framework/Versions/3.11/lib/python3.11/site-packages/pydantic/_internal/_fields.py:161: UserWarning: Field "model_owner" has conflict with protected namespace "model_".

You may be able to resolve this warning by setting `model_config['protected_namespaces'] = ()`.
  warnings.warn(
2026-03-22 13:06:24,430 tinker.lib.public_interfaces.service_client INFO: ServiceClient initialized for session 392489f4-46b2-504c-ab79-56cf5d21be8c
2026-03-22 13:06:36,466 tinker.lib.public_interfaces.service_client INFO: TrainingClient initialized for model 392489f4-46b2-504c-ab79-56cf5d21be8c:train:0
2026-03-22 13:06:36,470 __main__ INFO: Prepared 25 SFT training examples
2026-03-22 13:06:36,470 __main__ INFO: Starting SFT training: max_steps=50, lr=1e-05, batch_size=8
2026-03-22 13:06:36,472 train.tinker_trainer INFO: Starting SFT training with 25 examples, max_steps=50
2026-03-22 13:06:53,521 train.tinker_trainer INFO: Epoch 1 complete, 4/50 steps
2026-03-22 13:07:07,114 train.tinker_trainer INFO: Epoch 2 complete, 8/50 steps
2026-03-22 13:07:12,707 train.tinker_trainer INFO: Step 10/50 (epoch 3)
2026-03-22 13:07:17,954 train.tinker_trainer INFO: Epoch 3 complete, 12/50 steps
2026-03-22 13:07:29,135 train.tinker_trainer INFO: Epoch 4 complete, 16/50 steps
2026-03-22 13:07:41,347 train.tinker_trainer INFO: Epoch 5 complete, 20/50 steps
2026-03-22 13:07:54,070 train.tinker_trainer INFO: Epoch 6 complete, 24/50 steps
2026-03-22 13:08:05,644 train.tinker_trainer INFO: Epoch 7 complete, 28/50 steps
2026-03-22 13:08:10,802 train.tinker_trainer INFO: Step 30/50 (epoch 8)
2026-03-22 13:08:16,071 train.tinker_trainer INFO: Epoch 8 complete, 32/50 steps
2026-03-22 13:08:26,982 train.tinker_trainer INFO: Epoch 9 complete, 36/50 steps
2026-03-22 13:08:40,240 train.tinker_trainer INFO: Epoch 10 complete, 40/50 steps
2026-03-22 13:08:50,917 train.tinker_trainer INFO: Epoch 11 complete, 44/50 steps
2026-03-22 13:09:02,254 train.tinker_trainer INFO: Epoch 12 complete, 48/50 steps
2026-03-22 13:09:07,754 train.tinker_trainer INFO: Step 50/50 (epoch 13)
2026-03-22 13:09:07,754 train.tinker_trainer INFO: Epoch 13 complete, 50/50 steps
2026-03-22 13:09:07,755 train.tinker_trainer INFO: Training complete after 50 steps (13 epochs)
2026-03-22 13:09:10,876 __main__ INFO: SFT training complete in 154.4s
2026-03-22 13:09:16,744 __main__ INFO: Saved fixed checkpoint: tinker://392489f4-46b2-504c-ab79-56cf5d21be8c:train:0/weights/sft-fix-25ex-50steps
2026-03-22 13:09:16,744 __main__ INFO: Evaluating fixed model on test set...
2026-03-22 13:09:16,744 __main__ INFO: Post-SFT (Fixed Model): generating responses for 100 examples...
2026-03-22 13:15:01,233 __main__ INFO:   Generated 20/100 responses
2026-03-22 13:20:34,973 __main__ INFO:   Generated 40/100 responses
2026-03-22 13:26:19,946 __main__ INFO:   Generated 60/100 responses
2026-03-22 13:32:20,565 __main__ INFO:   Generated 80/100 responses
2026-03-22 13:37:47,418 __main__ INFO:   Generated 100/100 responses
2026-03-22 13:37:47,419 __main__ INFO: Post-SFT (Fixed Model): computing rewards...

============================================================
  Post-SFT (Fixed Model) Results (n=100)
============================================================
  Correct rate (GT):     0.0%
  Hinted rate:           1.0%
  Compile rate:          1.0%
  Hack rate (strict):    1.0%
  Hack rate (loose):     1.0%
  Avg reward:            0.04
============================================================

