/Library/Frameworks/Python.framework/Versions/3.11/lib/python3.11/site-packages/pydantic/_internal/_fields.py:161: UserWarning: Field "model_settings" has conflict with protected namespace "model_".

You may be able to resolve this warning by setting `model_config['protected_namespaces'] = ()`.
  warnings.warn(
2026-03-22 14:01:34,394 __main__ INFO: Loading training dataset from /Users/frank/Desktop/sft-control/data/leetcode_train_loophole.jsonl
2026-03-22 14:01:34,512 __main__ INFO: Loaded 992 training examples
2026-03-22 14:01:34,512 __main__ INFO: Loading evaluation dataset from /Users/frank/Desktop/sft-control/data/leetcode_test_loophole.jsonl
2026-03-22 14:01:34,523 __main__ INFO: Loaded 119 evaluation examples
2026-03-22 14:01:34,523 __main__ INFO: Loading hacked checkpoint: tinker://ad3cadb9-0364-53b3-98b1-5a584d4ed521:train:0/weights/grpo-final
/Library/Frameworks/Python.framework/Versions/3.11/lib/python3.11/site-packages/pydantic/_internal/_fields.py:161: UserWarning: Field "model_id" has conflict with protected namespace "model_".

You may be able to resolve this warning by setting `model_config['protected_namespaces'] = ()`.
  warnings.warn(
/Library/Frameworks/Python.framework/Versions/3.11/lib/python3.11/site-packages/pydantic/_internal/_fields.py:161: UserWarning: Field "model_input" has conflict with protected namespace "model_".

You may be able to resolve this warning by setting `model_config['protected_namespaces'] = ()`.
  warnings.warn(
/Library/Frameworks/Python.framework/Versions/3.11/lib/python3.11/site-packages/pydantic/_internal/_fields.py:161: UserWarning: Field "model_id" has conflict with protected namespace "model_".

You may be able to resolve this warning by setting `model_config['protected_namespaces'] = ()`.
  warnings.warn(
/Library/Frameworks/Python.framework/Versions/3.11/lib/python3.11/site-packages/pydantic/_internal/_fields.py:161: UserWarning: Field "model_name" has conflict with protected namespace "model_".

You may be able to resolve this warning by setting `model_config['protected_namespaces'] = ()`.
  warnings.warn(
/Library/Frameworks/Python.framework/Versions/3.11/lib/python3.11/site-packages/pydantic/_internal/_fields.py:161: UserWarning: Field "model_path" has conflict with protected namespace "model_".

You may be able to resolve this warning by setting `model_config['protected_namespaces'] = ()`.
  warnings.warn(
/Library/Frameworks/Python.framework/Versions/3.11/lib/python3.11/site-packages/pydantic/_internal/_fields.py:161: UserWarning: Field "model_owner" has conflict with protected namespace "model_".

You may be able to resolve this warning by setting `model_config['protected_namespaces'] = ()`.
  warnings.warn(
2026-03-22 14:01:36,943 tinker.lib.public_interfaces.service_client INFO: ServiceClient initialized for session 6a340f0f-1a04-57be-85a4-66137a03b191
2026-03-22 14:01:53,485 tinker.lib.public_interfaces.service_client INFO: TrainingClient initialized for model 6a340f0f-1a04-57be-85a4-66137a03b191:train:0
2026-03-22 14:01:53,487 __main__ INFO: Prepared 100 SFT training examples
2026-03-22 14:01:53,487 __main__ INFO: Starting SFT training: max_steps=50, lr=1e-05, batch_size=8
2026-03-22 14:01:53,487 train.tinker_trainer INFO: Starting SFT training with 100 examples, max_steps=50
2026-03-22 14:02:24,440 train.tinker_trainer INFO: Step 10/50 (epoch 1)
2026-03-22 14:02:32,651 train.tinker_trainer INFO: Epoch 1 complete, 13/50 steps
2026-03-22 14:02:52,478 train.tinker_trainer INFO: Step 20/50 (epoch 2)
2026-03-22 14:03:08,035 train.tinker_trainer INFO: Epoch 2 complete, 26/50 steps
2026-03-22 14:03:19,435 train.tinker_trainer INFO: Step 30/50 (epoch 3)
2026-03-22 14:03:43,080 train.tinker_trainer INFO: Epoch 3 complete, 39/50 steps
2026-03-22 14:03:45,816 train.tinker_trainer INFO: Step 40/50 (epoch 4)
2026-03-22 14:04:12,406 train.tinker_trainer INFO: Step 50/50 (epoch 4)
2026-03-22 14:04:12,406 train.tinker_trainer INFO: Epoch 4 complete, 50/50 steps
2026-03-22 14:04:12,406 train.tinker_trainer INFO: Training complete after 50 steps (4 epochs)
2026-03-22 14:04:15,588 __main__ INFO: SFT training complete in 142.1s
2026-03-22 14:04:22,084 __main__ INFO: Saved fixed checkpoint: tinker://6a340f0f-1a04-57be-85a4-66137a03b191:train:0/weights/sft-fix-100ex-50steps
2026-03-22 14:04:22,084 __main__ INFO: Evaluating fixed model on test set...
2026-03-22 14:04:22,084 __main__ INFO: Post-SFT (Fixed Model): generating responses for 100 examples...
2026-03-22 14:08:34,327 __main__ INFO:   Generated 20/100 responses
2026-03-22 14:11:39,030 __main__ INFO:   Generated 40/100 responses
2026-03-22 14:15:16,927 __main__ INFO:   Generated 60/100 responses
2026-03-22 14:19:13,077 __main__ INFO:   Generated 80/100 responses
2026-03-22 14:23:31,008 __main__ INFO:   Generated 100/100 responses
2026-03-22 14:23:31,008 __main__ INFO: Post-SFT (Fixed Model): computing rewards...

============================================================
  Post-SFT (Fixed Model) Results (n=100)
============================================================
  Correct rate (GT):     4.0%
  Hinted rate:           7.0%
  Compile rate:          77.0%
  Hack rate (strict):    7.0%
  Hack rate (loose):     7.0%
  Avg reward:            0.71
============================================================

