/Library/Frameworks/Python.framework/Versions/3.11/lib/python3.11/site-packages/pydantic/_internal/_fields.py:161: UserWarning: Field "model_settings" has conflict with protected namespace "model_".

You may be able to resolve this warning by setting `model_config['protected_namespaces'] = ()`.
  warnings.warn(
2026-03-22 14:01:34,394 __main__ INFO: Loading training dataset from /Users/frank/Desktop/sft-control/data/leetcode_train_loophole.jsonl
2026-03-22 14:01:34,512 __main__ INFO: Loaded 992 training examples
2026-03-22 14:01:34,512 __main__ INFO: Loading evaluation dataset from /Users/frank/Desktop/sft-control/data/leetcode_test_loophole.jsonl
2026-03-22 14:01:34,523 __main__ INFO: Loaded 119 evaluation examples
2026-03-22 14:01:34,523 __main__ INFO: Loading hacked checkpoint: tinker://ad3cadb9-0364-53b3-98b1-5a584d4ed521:train:0/weights/grpo-final
/Library/Frameworks/Python.framework/Versions/3.11/lib/python3.11/site-packages/pydantic/_internal/_fields.py:161: UserWarning: Field "model_id" has conflict with protected namespace "model_".

You may be able to resolve this warning by setting `model_config['protected_namespaces'] = ()`.
  warnings.warn(
/Library/Frameworks/Python.framework/Versions/3.11/lib/python3.11/site-packages/pydantic/_internal/_fields.py:161: UserWarning: Field "model_input" has conflict with protected namespace "model_".

You may be able to resolve this warning by setting `model_config['protected_namespaces'] = ()`.
  warnings.warn(
/Library/Frameworks/Python.framework/Versions/3.11/lib/python3.11/site-packages/pydantic/_internal/_fields.py:161: UserWarning: Field "model_id" has conflict with protected namespace "model_".

You may be able to resolve this warning by setting `model_config['protected_namespaces'] = ()`.
  warnings.warn(
/Library/Frameworks/Python.framework/Versions/3.11/lib/python3.11/site-packages/pydantic/_internal/_fields.py:161: UserWarning: Field "model_name" has conflict with protected namespace "model_".

You may be able to resolve this warning by setting `model_config['protected_namespaces'] = ()`.
  warnings.warn(
/Library/Frameworks/Python.framework/Versions/3.11/lib/python3.11/site-packages/pydantic/_internal/_fields.py:161: UserWarning: Field "model_path" has conflict with protected namespace "model_".

You may be able to resolve this warning by setting `model_config['protected_namespaces'] = ()`.
  warnings.warn(
/Library/Frameworks/Python.framework/Versions/3.11/lib/python3.11/site-packages/pydantic/_internal/_fields.py:161: UserWarning: Field "model_owner" has conflict with protected namespace "model_".

You may be able to resolve this warning by setting `model_config['protected_namespaces'] = ()`.
  warnings.warn(
2026-03-22 14:01:36,940 tinker.lib.public_interfaces.service_client INFO: ServiceClient initialized for session 306be361-ffc2-51d9-9738-876a49815031
2026-03-22 14:01:54,467 tinker.lib.public_interfaces.service_client INFO: TrainingClient initialized for model 306be361-ffc2-51d9-9738-876a49815031:train:0
2026-03-22 14:01:54,470 __main__ INFO: Prepared 50 SFT training examples
2026-03-22 14:01:54,470 __main__ INFO: Starting SFT training: max_steps=50, lr=1e-05, batch_size=8
2026-03-22 14:01:54,470 train.tinker_trainer INFO: Starting SFT training with 50 examples, max_steps=50
2026-03-22 14:02:17,862 train.tinker_trainer INFO: Epoch 1 complete, 7/50 steps
2026-03-22 14:02:25,987 train.tinker_trainer INFO: Step 10/50 (epoch 2)
2026-03-22 14:02:36,696 train.tinker_trainer INFO: Epoch 2 complete, 14/50 steps
2026-03-22 14:02:53,753 train.tinker_trainer INFO: Step 20/50 (epoch 3)
2026-03-22 14:02:56,272 train.tinker_trainer INFO: Epoch 3 complete, 21/50 steps
2026-03-22 14:03:15,384 train.tinker_trainer INFO: Epoch 4 complete, 28/50 steps
2026-03-22 14:03:20,701 train.tinker_trainer INFO: Step 30/50 (epoch 5)
2026-03-22 14:03:33,987 train.tinker_trainer INFO: Epoch 5 complete, 35/50 steps
2026-03-22 14:03:47,091 train.tinker_trainer INFO: Step 40/50 (epoch 6)
2026-03-22 14:03:52,159 train.tinker_trainer INFO: Epoch 6 complete, 42/50 steps
2026-03-22 14:04:10,997 train.tinker_trainer INFO: Epoch 7 complete, 49/50 steps
2026-03-22 14:04:13,786 train.tinker_trainer INFO: Step 50/50 (epoch 8)
2026-03-22 14:04:13,787 train.tinker_trainer INFO: Epoch 8 complete, 50/50 steps
2026-03-22 14:04:13,787 train.tinker_trainer INFO: Training complete after 50 steps (8 epochs)
2026-03-22 14:04:16,375 __main__ INFO: SFT training complete in 141.9s
2026-03-22 14:04:23,814 __main__ INFO: Saved fixed checkpoint: tinker://306be361-ffc2-51d9-9738-876a49815031:train:0/weights/sft-fix-50ex-50steps
2026-03-22 14:04:23,814 __main__ INFO: Evaluating fixed model on test set...
2026-03-22 14:04:23,815 __main__ INFO: Post-SFT (Fixed Model): generating responses for 100 examples...
2026-03-22 14:09:50,195 __main__ INFO:   Generated 20/100 responses
2026-03-22 14:14:28,141 __main__ INFO:   Generated 40/100 responses
2026-03-22 14:19:59,904 __main__ INFO:   Generated 60/100 responses
2026-03-22 14:25:30,019 __main__ INFO:   Generated 80/100 responses
2026-03-22 14:30:33,076 __main__ INFO:   Generated 100/100 responses
2026-03-22 14:30:33,076 __main__ INFO: Post-SFT (Fixed Model): computing rewards...

============================================================
  Post-SFT (Fixed Model) Results (n=100)
============================================================
  Correct rate (GT):     2.0%
  Hinted rate:           4.0%
  Compile rate:          58.0%
  Hack rate (strict):    4.0%
  Hack rate (loose):     4.0%
  Avg reward:            0.47
============================================================

